<?xml version="1.0" encoding="UTF-8"?>
<robot generator="Robot 7.0 (Python 3.12.2 on win32)" generated="2024-02-13T19:24:16.356931" rpa="false" schemaversion="5">
<suite id="s1" name="Book-Suite" source="D:\Sanbercode\Sanber53-RobotFramework-Kelompok-1\suites\book-suite.robot">
<test id="s1-t1" name="Booking Flight - Success Book" line="7">
<kw name="Open Flight Application" owner="base">
<kw name="Open Application" owner="AppiumLibrary">
<arg>remote_url=${REMOTE_URL}</arg>
<arg>platformName=${PLATFORM_NAME}</arg>
<arg>platformVersion=13.0</arg>
<arg>deviceName=emulator-5554</arg>
<arg>appPackage=com.example.myapplication</arg>
<arg>appActivity=com.example.myapplication.MainActivity</arg>
<doc>Opens a new application to given Appium server.
Capabilities of appium server, Android and iOS,
Please check https://github.com/appium/appium/blob/master/docs/en/writing-running-appium/server-args.md
| *Option*            | *Man.* | *Description*     |
| remote_url          | Yes    | Appium server url |
| alias               | no     | alias             |
| strict_ssl          | No     | allows you to send commands to an invalid certificate host like a self-signed one. |</doc>
<status status="PASS" start="2024-02-13T19:24:16.584894" elapsed="11.015257"/>
</kw>
<status status="PASS" start="2024-02-13T19:24:16.584894" elapsed="11.016255"/>
</kw>
<kw name="Click Sign In Button On Home Page" owner="home-page">
<kw name="Click Element" owner="AppiumLibrary">
<msg time="2024-02-13T19:24:27.605140" level="INFO">Clicking element '//android.widget.Button[@resource-id="com.example.myapplication:id/login"]'.</msg>
<msg time="2024-02-13T19:24:28.835801" level="INFO">xpath criteria: //android.widget.Button[@resource-id="com.example.myapplication:id/login"]</msg>
<arg>locator=//android.widget.Button[@resource-id="com.example.myapplication:id/login"]</arg>
<doc>Click element identified by `locator`.</doc>
<status status="PASS" start="2024-02-13T19:24:27.602146" elapsed="1.233655"/>
</kw>
<status status="PASS" start="2024-02-13T19:24:27.601149" elapsed="1.234652"/>
</kw>
<kw name="Input Username" owner="login-page">
<kw name="Wait Until Element Is Visible" owner="AppiumLibrary">
<msg time="2024-02-13T19:24:30.137388" level="INFO">xpath criteria: //android.widget.EditText[@resource-id="com.example.myapplication:id/username"]</msg>
<arg>locator=//android.widget.EditText[@resource-id="com.example.myapplication:id/username"]</arg>
<doc>Waits until element specified with `locator` is visible.</doc>
<status status="PASS" start="2024-02-13T19:24:28.836798" elapsed="1.300590"/>
</kw>
<kw name="Input Text" owner="AppiumLibrary">
<msg time="2024-02-13T19:24:30.140381" level="INFO">Typing text 'support@ngendigital.com' into text field '//android.widget.EditText[@resource-id="com.example.myapplication:id/username"]'</msg>
<msg time="2024-02-13T19:24:30.295339" level="INFO">xpath criteria: //android.widget.EditText[@resource-id="com.example.myapplication:id/username"]</msg>
<arg>locator=//android.widget.EditText[@resource-id="com.example.myapplication:id/username"]</arg>
<arg>text=support@ngendigital.com</arg>
<doc>Types the given `text` into text field identified by `locator`.</doc>
<status status="PASS" start="2024-02-13T19:24:30.137388" elapsed="0.159284"/>
</kw>
<status status="PASS" start="2024-02-13T19:24:28.836798" elapsed="1.459874"/>
</kw>
<kw name="Input Password" owner="login-page">
<kw name="Wait Until Element Is Visible" owner="AppiumLibrary">
<msg time="2024-02-13T19:24:30.914745" level="INFO">xpath criteria: //android.widget.EditText[@resource-id="com.example.myapplication:id/password"]</msg>
<arg>locator=//android.widget.EditText[@resource-id="com.example.myapplication:id/password"]</arg>
<doc>Waits until element specified with `locator` is visible.</doc>
<status status="PASS" start="2024-02-13T19:24:30.297188" elapsed="0.617557"/>
</kw>
<kw name="Input Text" owner="AppiumLibrary">
<msg time="2024-02-13T19:24:30.919731" level="INFO">Typing text 'abc123' into text field '//android.widget.EditText[@resource-id="com.example.myapplication:id/password"]'</msg>
<msg time="2024-02-13T19:24:31.063203" level="INFO">xpath criteria: //android.widget.EditText[@resource-id="com.example.myapplication:id/password"]</msg>
<arg>locator=//android.widget.EditText[@resource-id="com.example.myapplication:id/password"]</arg>
<arg>text=abc123</arg>
<doc>Types the given `text` into text field identified by `locator`.</doc>
<status status="PASS" start="2024-02-13T19:24:30.914745" elapsed="0.149421"/>
</kw>
<status status="PASS" start="2024-02-13T19:24:30.297188" elapsed="0.766978"/>
</kw>
<kw name="Click Sign In Button On Login Page" owner="login-page">
<kw name="Click Element" owner="AppiumLibrary">
<msg time="2024-02-13T19:24:31.066253" level="INFO">Clicking element '//android.widget.Button[@resource-id="com.example.myapplication:id/signIn"]'.</msg>
<msg time="2024-02-13T19:24:31.743542" level="INFO">xpath criteria: //android.widget.Button[@resource-id="com.example.myapplication:id/signIn"]</msg>
<arg>locator=//android.widget.Button[@resource-id="com.example.myapplication:id/signIn"]</arg>
<doc>Click element identified by `locator`.</doc>
<status status="PASS" start="2024-02-13T19:24:31.065162" elapsed="0.678380"/>
</kw>
<status status="PASS" start="2024-02-13T19:24:31.064166" elapsed="0.680373"/>
</kw>
<kw name="Verify User Is Success Logged In" owner="login-page">
<kw name="Wait Until Page Does Not Contain" owner="AppiumLibrary">
<arg>text=Invalid username/password</arg>
<doc>Waits until `text` disappears from current page.</doc>
<status status="PASS" start="2024-02-13T19:24:31.747087" elapsed="1.213560"/>
</kw>
<status status="PASS" start="2024-02-13T19:24:31.746079" elapsed="1.215556"/>
</kw>
<kw name="After Successfully Login" owner="login-page">
<kw name="Wait Until Element Is Visible" owner="AppiumLibrary">
<msg time="2024-02-13T19:24:33.084542" level="INFO">xpath criteria: //android.widget.TextView[@resource-id="com.example.myapplication:id/textView"]</msg>
<arg>locator=//android.widget.TextView[@resource-id="com.example.myapplication:id/textView"]</arg>
<doc>Waits until element specified with `locator` is visible.</doc>
<status status="PASS" start="2024-02-13T19:24:32.963403" elapsed="0.121139"/>
</kw>
<status status="PASS" start="2024-02-13T19:24:32.961635" elapsed="0.122907"/>
</kw>
<kw name="Click Book Button On Home Page" owner="home-page">
<kw name="Click Element" owner="AppiumLibrary">
<msg time="2024-02-13T19:24:33.087800" level="INFO">Clicking element '//android.widget.Button[@resource-id="com.example.myapplication:id/book"]'.</msg>
<msg time="2024-02-13T19:24:33.287741" level="INFO">xpath criteria: //android.widget.Button[@resource-id="com.example.myapplication:id/book"]</msg>
<arg>locator=//android.widget.Button[@resource-id="com.example.myapplication:id/book"]</arg>
<doc>Click element identified by `locator`.</doc>
<status status="PASS" start="2024-02-13T19:24:33.085682" elapsed="0.202059"/>
</kw>
<status status="PASS" start="2024-02-13T19:24:33.084542" elapsed="0.203199"/>
</kw>
<kw name="Click Oneway Button On Book Page" owner="book-page">
<kw name="Wait Until Page Contains" owner="AppiumLibrary">
<arg>text=ONE WAY</arg>
<doc>Waits until `text` appears on current page.</doc>
<status status="PASS" start="2024-02-13T19:24:33.288307" elapsed="1.498599"/>
</kw>
<status status="PASS" start="2024-02-13T19:24:33.288307" elapsed="1.498599"/>
</kw>
<kw name="Select Departure Button On Book Page" owner="book-page">
<kw name="Wait Until Element Is Visible" owner="AppiumLibrary">
<msg time="2024-02-13T19:24:34.972516" level="INFO">xpath criteria: //android.widget.Spinner[@resource-id="com.example.myapplication:id/spinnerFrom"]</msg>
<arg>locator=${spinner_form}</arg>
<doc>Waits until element specified with `locator` is visible.</doc>
<status status="PASS" start="2024-02-13T19:24:34.789206" elapsed="0.183310"/>
</kw>
<kw name="Click Element" owner="AppiumLibrary">
<msg time="2024-02-13T19:24:34.973513" level="INFO">Clicking element '//android.widget.Spinner[@resource-id="com.example.myapplication:id/spinnerFrom"]'.</msg>
<msg time="2024-02-13T19:24:35.208127" level="INFO">xpath criteria: //android.widget.Spinner[@resource-id="com.example.myapplication:id/spinnerFrom"]</msg>
<arg>locator=${spinner_form}</arg>
<doc>Click element identified by `locator`.</doc>
<status status="PASS" start="2024-02-13T19:24:34.972516" elapsed="0.235611"/>
</kw>
<status status="PASS" start="2024-02-13T19:24:34.788697" elapsed="0.419430"/>
</kw>
<kw name="Click Departure" owner="book-page">
<kw name="Wait Until Element Is Visible" owner="AppiumLibrary">
<msg time="2024-02-13T19:24:36.150313" level="INFO">xpath criteria: //android.widget.TextView[@resource-id="android:id/text1" and @index=1]</msg>
<arg>locator=${depature}</arg>
<doc>Waits until element specified with `locator` is visible.</doc>
<status status="PASS" start="2024-02-13T19:24:35.209125" elapsed="0.941188"/>
</kw>
<kw name="Click Element" owner="AppiumLibrary">
<msg time="2024-02-13T19:24:36.155984" level="INFO">Clicking element '//android.widget.TextView[@resource-id="android:id/text1" and @index=1]'.</msg>
<msg time="2024-02-13T19:24:36.966621" level="INFO">xpath criteria: //android.widget.TextView[@resource-id="android:id/text1" and @index=1]</msg>
<arg>locator=${depature}</arg>
<doc>Click element identified by `locator`.</doc>
<status status="PASS" start="2024-02-13T19:24:36.151366" elapsed="0.815255"/>
</kw>
<status status="PASS" start="2024-02-13T19:24:35.209125" elapsed="1.757496"/>
</kw>
<kw name="Select Destination Button On Book Page" owner="book-page">
<kw name="Wait Until Element Is Visible" owner="AppiumLibrary">
<msg time="2024-02-13T19:24:37.145784" level="INFO">xpath criteria: //android.widget.Spinner[@resource-id="com.example.myapplication:id/spinnerTo"]</msg>
<arg>locator=${spinner_to}</arg>
<doc>Waits until element specified with `locator` is visible.</doc>
<status status="PASS" start="2024-02-13T19:24:36.968791" elapsed="0.176993"/>
</kw>
<kw name="Click Element" owner="AppiumLibrary">
<msg time="2024-02-13T19:24:37.146783" level="INFO">Clicking element '//android.widget.Spinner[@resource-id="com.example.myapplication:id/spinnerTo"]'.</msg>
<msg time="2024-02-13T19:24:37.389638" level="INFO">xpath criteria: //android.widget.Spinner[@resource-id="com.example.myapplication:id/spinnerTo"]</msg>
<arg>locator=${spinner_to}</arg>
<doc>Click element identified by `locator`.</doc>
<status status="PASS" start="2024-02-13T19:24:37.145784" elapsed="0.243854"/>
</kw>
<status status="PASS" start="2024-02-13T19:24:36.968000" elapsed="0.421638"/>
</kw>
<kw name="Click Destination" owner="book-page">
<kw name="Wait Until Element Is Visible" owner="AppiumLibrary">
<msg time="2024-02-13T19:24:38.393340" level="INFO">xpath criteria: //android.widget.TextView[@resource-id="android:id/text1" and @index=1]
xpath criteria: //android.widget.TextView[@resource-id="android:id/text1" and @index=1]</msg>
<arg>locator=${destionation}</arg>
<doc>Waits until element specified with `locator` is visible.</doc>
<status status="PASS" start="2024-02-13T19:24:37.390593" elapsed="1.003744"/>
</kw>
<kw name="Click Element" owner="AppiumLibrary">
<msg time="2024-02-13T19:24:38.400318" level="INFO">Clicking element '//android.widget.TextView[@resource-id="android:id/text1" and @index=1]'.</msg>
<msg time="2024-02-13T19:24:39.205430" level="INFO">xpath criteria: //android.widget.TextView[@resource-id="android:id/text1" and @index=1]</msg>
<arg>locator=${destionation}</arg>
<doc>Click element identified by `locator`.</doc>
<status status="PASS" start="2024-02-13T19:24:38.394337" elapsed="0.811093"/>
</kw>
<status status="PASS" start="2024-02-13T19:24:37.390593" elapsed="1.815822"/>
</kw>
<kw name="Select Class Type On Book Page" owner="book-page">
<kw name="Wait Until Element Is Visible" owner="AppiumLibrary">
<msg time="2024-02-13T19:24:39.454618" level="INFO">xpath criteria: //android.widget.Spinner[@resource-id="com.example.myapplication:id/spinnerClass"]</msg>
<arg>locator=${spinner_class}</arg>
<doc>Waits until element specified with `locator` is visible.</doc>
<status status="PASS" start="2024-02-13T19:24:39.208412" elapsed="0.246206"/>
</kw>
<kw name="Click Element" owner="AppiumLibrary">
<msg time="2024-02-13T19:24:39.455653" level="INFO">Clicking element '//android.widget.Spinner[@resource-id="com.example.myapplication:id/spinnerClass"]'.</msg>
<msg time="2024-02-13T19:24:39.717636" level="INFO">xpath criteria: //android.widget.Spinner[@resource-id="com.example.myapplication:id/spinnerClass"]</msg>
<arg>locator=${spinner_class}</arg>
<doc>Click element identified by `locator`.</doc>
<status status="PASS" start="2024-02-13T19:24:39.454618" elapsed="0.263018"/>
</kw>
<status status="PASS" start="2024-02-13T19:24:39.207370" elapsed="0.510266"/>
</kw>
<kw name="Click Class" owner="book-page">
<kw name="Wait Until Element Is Visible" owner="AppiumLibrary">
<msg time="2024-02-13T19:24:41.172163" level="INFO">xpath criteria: //android.widget.TextView[@resource-id="android:id/text1" and @index=1]
xpath criteria: //android.widget.TextView[@resource-id="android:id/text1" and @index=1]</msg>
<arg>locator=${class}</arg>
<doc>Waits until element specified with `locator` is visible.</doc>
<status status="PASS" start="2024-02-13T19:24:39.719091" elapsed="1.453072"/>
</kw>
<kw name="Click Element" owner="AppiumLibrary">
<msg time="2024-02-13T19:24:41.173195" level="INFO">Clicking element '//android.widget.TextView[@resource-id="android:id/text1" and @index=1]'.</msg>
<msg time="2024-02-13T19:24:42.005929" level="INFO">xpath criteria: //android.widget.TextView[@resource-id="android:id/text1" and @index=1]</msg>
<arg>locator=${class}</arg>
<doc>Click element identified by `locator`.</doc>
<status status="PASS" start="2024-02-13T19:24:41.172163" elapsed="0.833766"/>
</kw>
<status status="PASS" start="2024-02-13T19:24:39.717636" elapsed="2.288293"/>
</kw>
<kw name="Click Start Date On Book Page" owner="book-page">
<kw name="Wait Until Element Is Visible" owner="AppiumLibrary">
<msg time="2024-02-13T19:24:42.229248" level="INFO">xpath criteria: //android.widget.TextView[@resource-id="com.example.myapplication:id/textStartDate"]</msg>
<arg>locator=${spinner_startdate}</arg>
<doc>Waits until element specified with `locator` is visible.</doc>
<status status="PASS" start="2024-02-13T19:24:42.008965" elapsed="0.220283"/>
</kw>
<kw name="Click Element" owner="AppiumLibrary">
<msg time="2024-02-13T19:24:42.230247" level="INFO">Clicking element '//android.widget.TextView[@resource-id="com.example.myapplication:id/textStartDate"]'.</msg>
<msg time="2024-02-13T19:24:42.489689" level="INFO">xpath criteria: //android.widget.TextView[@resource-id="com.example.myapplication:id/textStartDate"]</msg>
<arg>locator=${spinner_startdate}</arg>
<doc>Click element identified by `locator`.</doc>
<status status="PASS" start="2024-02-13T19:24:42.229248" elapsed="0.261438"/>
</kw>
<status status="PASS" start="2024-02-13T19:24:42.007926" elapsed="0.482760"/>
</kw>
<kw name="Select Start Date On Calendar" owner="book-page">
<kw name="Wait Until Element Is Visible" owner="AppiumLibrary">
<msg time="2024-02-13T19:24:44.047904" level="INFO">xpath criteria: //android.view.View[@content-desc="01 August 2019" and @index=0]
xpath criteria: //android.view.View[@content-desc="01 August 2019" and @index=0]</msg>
<arg>locator=${start_date}</arg>
<doc>Waits until element specified with `locator` is visible.</doc>
<status status="PASS" start="2024-02-13T19:24:42.490686" elapsed="1.558216"/>
</kw>
<kw name="Get Webelement" owner="AppiumLibrary">
<msg time="2024-02-13T19:24:44.494875" level="INFO">xpath criteria: //android.view.View[@content-desc="01 August 2019" and @index=0]</msg>
<arg>locator=${start_date}</arg>
<doc>Returns the first [http://selenium-python.readthedocs.io/api.html#module-selenium.webdriver.remote.webelement|WebElement] object matching ``locator``.</doc>
<status status="PASS" start="2024-02-13T19:24:44.048902" elapsed="0.445973"/>
</kw>
<status status="PASS" start="2024-02-13T19:24:42.490686" elapsed="2.004189"/>
</kw>
<kw name="Click OK Button On Calendar" owner="book-page">
<kw name="Wait Until Element Is Visible" owner="AppiumLibrary">
<msg time="2024-02-13T19:24:44.875192" level="INFO">xpath criteria: //android.widget.Button[@resource-id="android:id/button1"]</msg>
<arg>locator=${ok_button}</arg>
<doc>Waits until element specified with `locator` is visible.</doc>
<status status="PASS" start="2024-02-13T19:24:44.496459" elapsed="0.378733"/>
</kw>
<kw name="Click Element" owner="AppiumLibrary">
<msg time="2024-02-13T19:24:44.877185" level="INFO">Clicking element '//android.widget.Button[@resource-id="android:id/button1"]'.</msg>
<msg time="2024-02-13T19:24:45.301077" level="INFO">xpath criteria: //android.widget.Button[@resource-id="android:id/button1"]</msg>
<arg>locator=${ok_button}</arg>
<doc>Click element identified by `locator`.</doc>
<status status="PASS" start="2024-02-13T19:24:44.875192" elapsed="0.425885"/>
</kw>
<status status="PASS" start="2024-02-13T19:24:44.496459" elapsed="0.805614"/>
</kw>
<kw name="Click End Date On Book Page" owner="book-page">
<kw name="Wait Until Element Is Visible" owner="AppiumLibrary">
<msg time="2024-02-13T19:24:45.888647" level="INFO">xpath criteria: //android.widget.TextView[@resource-id="com.example.myapplication:id/textEndDate"]</msg>
<arg>locator=${spinner_enddate}</arg>
<doc>Waits until element specified with `locator` is visible.</doc>
<status status="PASS" start="2024-02-13T19:24:45.304072" elapsed="0.584575"/>
</kw>
<kw name="Click Element" owner="AppiumLibrary">
<msg time="2024-02-13T19:24:45.889644" level="INFO">Clicking element '//android.widget.TextView[@resource-id="com.example.myapplication:id/textEndDate"]'.</msg>
<msg time="2024-02-13T19:24:46.102130" level="INFO">xpath criteria: //android.widget.TextView[@resource-id="com.example.myapplication:id/textEndDate"]</msg>
<arg>locator=${spinner_enddate}</arg>
<doc>Click element identified by `locator`.</doc>
<status status="PASS" start="2024-02-13T19:24:45.888647" elapsed="0.213483"/>
</kw>
<status status="PASS" start="2024-02-13T19:24:45.303071" elapsed="0.800059"/>
</kw>
<kw name="Select End Date On Calendar" owner="book-page">
<kw name="Wait Until Element Is Visible" owner="AppiumLibrary">
<msg time="2024-02-13T19:24:47.576994" level="INFO">xpath criteria: //android.view.View[@content-desc="03 August 2019" and @index=2]
xpath criteria: //android.view.View[@content-desc="03 August 2019" and @index=2]</msg>
<arg>locator=${end_date}</arg>
<doc>Waits until element specified with `locator` is visible.</doc>
<status status="PASS" start="2024-02-13T19:24:46.103130" elapsed="1.473864"/>
</kw>
<kw name="Get Webelement" owner="AppiumLibrary">
<msg time="2024-02-13T19:24:48.020129" level="INFO">xpath criteria: //android.view.View[@content-desc="03 August 2019" and @index=2]</msg>
<arg>locator=${end_date}</arg>
<doc>Returns the first [http://selenium-python.readthedocs.io/api.html#module-selenium.webdriver.remote.webelement|WebElement] object matching ``locator``.</doc>
<status status="PASS" start="2024-02-13T19:24:47.577980" elapsed="0.442149"/>
</kw>
<status status="PASS" start="2024-02-13T19:24:46.103130" elapsed="1.916999"/>
</kw>
<kw name="Click OK Button On Calendar" owner="book-page">
<kw name="Wait Until Element Is Visible" owner="AppiumLibrary">
<msg time="2024-02-13T19:24:48.380043" level="INFO">xpath criteria: //android.widget.Button[@resource-id="android:id/button1"]</msg>
<arg>locator=${ok_button}</arg>
<doc>Waits until element specified with `locator` is visible.</doc>
<status status="PASS" start="2024-02-13T19:24:48.021271" elapsed="0.358772"/>
</kw>
<kw name="Click Element" owner="AppiumLibrary">
<msg time="2024-02-13T19:24:48.381040" level="INFO">Clicking element '//android.widget.Button[@resource-id="android:id/button1"]'.</msg>
<msg time="2024-02-13T19:24:48.808532" level="INFO">xpath criteria: //android.widget.Button[@resource-id="android:id/button1"]</msg>
<arg>locator=${ok_button}</arg>
<doc>Click element identified by `locator`.</doc>
<status status="PASS" start="2024-02-13T19:24:48.380043" elapsed="0.428489"/>
</kw>
<status status="PASS" start="2024-02-13T19:24:48.021271" elapsed="0.787261"/>
</kw>
<kw name="Click Type Booking" owner="book-page">
<kw name="Wait Until Element Is Visible" owner="AppiumLibrary">
<msg time="2024-02-13T19:24:49.416325" level="INFO">xpath criteria: //android.widget.RadioButton[@resource-id="com.example.myapplication:id/radioButtonFlight"]</msg>
<arg>locator=${type_book}</arg>
<doc>Waits until element specified with `locator` is visible.</doc>
<status status="PASS" start="2024-02-13T19:24:48.809869" elapsed="0.606456"/>
</kw>
<kw name="Click Element" owner="AppiumLibrary">
<msg time="2024-02-13T19:24:49.422318" level="INFO">Clicking element '//android.widget.RadioButton[@resource-id="com.example.myapplication:id/radioButtonFlight"]'.</msg>
<msg time="2024-02-13T19:24:49.680639" level="INFO">xpath criteria: //android.widget.RadioButton[@resource-id="com.example.myapplication:id/radioButtonFlight"]</msg>
<arg>locator=${type_book}</arg>
<doc>Click element identified by `locator`.</doc>
<status status="PASS" start="2024-02-13T19:24:49.417333" elapsed="0.263306"/>
</kw>
<status status="PASS" start="2024-02-13T19:24:48.809869" elapsed="0.871769"/>
</kw>
<kw name="Click Button Booking" owner="book-page">
<kw name="Wait Until Element Is Visible" owner="AppiumLibrary">
<msg time="2024-02-13T19:24:50.299206" level="INFO">xpath criteria: //android.widget.Button[@resource-id="com.example.myapplication:id/book_flight"]</msg>
<arg>locator=${book_btn}</arg>
<doc>Waits until element specified with `locator` is visible.</doc>
<status status="PASS" start="2024-02-13T19:24:49.681638" elapsed="0.617568"/>
</kw>
<kw name="Click Element" owner="AppiumLibrary">
<msg time="2024-02-13T19:24:50.300242" level="INFO">Clicking element '//android.widget.Button[@resource-id="com.example.myapplication:id/book_flight"]'.</msg>
<msg time="2024-02-13T19:24:50.530274" level="INFO">xpath criteria: //android.widget.Button[@resource-id="com.example.myapplication:id/book_flight"]</msg>
<arg>locator=${book_btn}</arg>
<doc>Click element identified by `locator`.</doc>
<status status="PASS" start="2024-02-13T19:24:50.299206" elapsed="0.231068"/>
</kw>
<status status="PASS" start="2024-02-13T19:24:49.681638" elapsed="0.848636"/>
</kw>
<kw name="Click Price Flight" owner="book-page">
<kw name="Wait Until Element Is Visible" owner="AppiumLibrary">
<msg time="2024-02-13T19:24:51.890159" level="INFO">xpath criteria: //android.widget.Button[@resource-id="com.example.myapplication:id/price1"]</msg>
<arg>locator=${price_flight}</arg>
<doc>Waits until element specified with `locator` is visible.</doc>
<status status="PASS" start="2024-02-13T19:24:50.530791" elapsed="1.359368"/>
</kw>
<kw name="Click Element" owner="AppiumLibrary">
<msg time="2024-02-13T19:24:51.893492" level="INFO">Clicking element '//android.widget.Button[@resource-id="com.example.myapplication:id/price1"]'.</msg>
<msg time="2024-02-13T19:24:52.746760" level="INFO">xpath criteria: //android.widget.Button[@resource-id="com.example.myapplication:id/price1"]</msg>
<arg>locator=${price_flight}</arg>
<doc>Click element identified by `locator`.</doc>
<status status="PASS" start="2024-02-13T19:24:51.890159" elapsed="0.856601"/>
</kw>
<status status="PASS" start="2024-02-13T19:24:50.530791" elapsed="2.216482"/>
</kw>
<kw name="Click Button Confirm" owner="book-page">
<kw name="Wait Until Element Is Visible" owner="AppiumLibrary">
<msg time="2024-02-13T19:24:52.925958" level="INFO">xpath criteria: //android.widget.Button[@resource-id="com.example.myapplication:id/confirm_order"]</msg>
<arg>locator=${confirm_btn}</arg>
<doc>Waits until element specified with `locator` is visible.</doc>
<status status="PASS" start="2024-02-13T19:24:52.749323" elapsed="0.176635"/>
</kw>
<kw name="Click Element" owner="AppiumLibrary">
<msg time="2024-02-13T19:24:52.927952" level="INFO">Clicking element '//android.widget.Button[@resource-id="com.example.myapplication:id/confirm_order"]'.</msg>
<msg time="2024-02-13T19:24:53.153326" level="INFO">xpath criteria: //android.widget.Button[@resource-id="com.example.myapplication:id/confirm_order"]</msg>
<arg>locator=${confirm_btn}</arg>
<doc>Click element identified by `locator`.</doc>
<status status="PASS" start="2024-02-13T19:24:52.925958" elapsed="0.227368"/>
</kw>
<status status="PASS" start="2024-02-13T19:24:52.748291" elapsed="0.405035"/>
</kw>
<kw name="Close Flight Application" owner="base">
<kw name="Close Application" owner="AppiumLibrary">
<doc>Closes the current application and also close webdriver session.</doc>
<status status="PASS" start="2024-02-13T19:24:53.154362" elapsed="0.416418"/>
</kw>
<status status="PASS" start="2024-02-13T19:24:53.153326" elapsed="0.417454"/>
</kw>
<status status="PASS" start="2024-02-13T19:24:16.583748" elapsed="36.988257"/>
</test>
<test id="s1-t2" name="Booking Flight - Blank Start Date" line="44">
<kw name="Open Flight Application" owner="base">
<kw name="Open Application" owner="AppiumLibrary">
<arg>remote_url=${REMOTE_URL}</arg>
<arg>platformName=${PLATFORM_NAME}</arg>
<arg>platformVersion=13.0</arg>
<arg>deviceName=emulator-5554</arg>
<arg>appPackage=com.example.myapplication</arg>
<arg>appActivity=com.example.myapplication.MainActivity</arg>
<doc>Opens a new application to given Appium server.
Capabilities of appium server, Android and iOS,
Please check https://github.com/appium/appium/blob/master/docs/en/writing-running-appium/server-args.md
| *Option*            | *Man.* | *Description*     |
| remote_url          | Yes    | Appium server url |
| alias               | no     | alias             |
| strict_ssl          | No     | allows you to send commands to an invalid certificate host like a self-signed one. |</doc>
<status status="PASS" start="2024-02-13T19:24:53.573562" elapsed="9.722950"/>
</kw>
<status status="PASS" start="2024-02-13T19:24:53.573562" elapsed="9.723947"/>
</kw>
<kw name="Click Sign In Button On Home Page" owner="home-page">
<kw name="Click Element" owner="AppiumLibrary">
<msg time="2024-02-13T19:25:03.300501" level="INFO">Clicking element '//android.widget.Button[@resource-id="com.example.myapplication:id/login"]'.</msg>
<msg time="2024-02-13T19:25:04.555384" level="INFO">xpath criteria: //android.widget.Button[@resource-id="com.example.myapplication:id/login"]</msg>
<arg>locator=//android.widget.Button[@resource-id="com.example.myapplication:id/login"]</arg>
<doc>Click element identified by `locator`.</doc>
<status status="PASS" start="2024-02-13T19:25:03.298506" elapsed="1.256878"/>
</kw>
<status status="PASS" start="2024-02-13T19:25:03.298506" elapsed="1.257876"/>
</kw>
<kw name="Input Username" owner="login-page">
<kw name="Wait Until Element Is Visible" owner="AppiumLibrary">
<msg time="2024-02-13T19:25:05.901002" level="INFO">xpath criteria: //android.widget.EditText[@resource-id="com.example.myapplication:id/username"]
xpath criteria: //android.widget.EditText[@resource-id="com.example.myapplication:id/username"]</msg>
<arg>locator=//android.widget.EditText[@resource-id="com.example.myapplication:id/username"]</arg>
<doc>Waits until element specified with `locator` is visible.</doc>
<status status="PASS" start="2024-02-13T19:25:04.557378" elapsed="1.343624"/>
</kw>
<kw name="Input Text" owner="AppiumLibrary">
<msg time="2024-02-13T19:25:05.903000" level="INFO">Typing text 'support@ngendigital.com' into text field '//android.widget.EditText[@resource-id="com.example.myapplication:id/username"]'</msg>
<msg time="2024-02-13T19:25:06.053998" level="INFO">xpath criteria: //android.widget.EditText[@resource-id="com.example.myapplication:id/username"]</msg>
<arg>locator=//android.widget.EditText[@resource-id="com.example.myapplication:id/username"]</arg>
<arg>text=support@ngendigital.com</arg>
<doc>Types the given `text` into text field identified by `locator`.</doc>
<status status="PASS" start="2024-02-13T19:25:05.901002" elapsed="0.152996"/>
</kw>
<status status="PASS" start="2024-02-13T19:25:04.557378" elapsed="1.496620"/>
</kw>
<kw name="Input Password" owner="login-page">
<kw name="Wait Until Element Is Visible" owner="AppiumLibrary">
<msg time="2024-02-13T19:25:06.661961" level="INFO">xpath criteria: //android.widget.EditText[@resource-id="com.example.myapplication:id/password"]</msg>
<arg>locator=//android.widget.EditText[@resource-id="com.example.myapplication:id/password"]</arg>
<doc>Waits until element specified with `locator` is visible.</doc>
<status status="PASS" start="2024-02-13T19:25:06.054996" elapsed="0.606965"/>
</kw>
<kw name="Input Text" owner="AppiumLibrary">
<msg time="2024-02-13T19:25:06.664972" level="INFO">Typing text 'abc123' into text field '//android.widget.EditText[@resource-id="com.example.myapplication:id/password"]'</msg>
<msg time="2024-02-13T19:25:06.815698" level="INFO">xpath criteria: //android.widget.EditText[@resource-id="com.example.myapplication:id/password"]</msg>
<arg>locator=//android.widget.EditText[@resource-id="com.example.myapplication:id/password"]</arg>
<arg>text=abc123</arg>
<doc>Types the given `text` into text field identified by `locator`.</doc>
<status status="PASS" start="2024-02-13T19:25:06.661961" elapsed="0.153737"/>
</kw>
<status status="PASS" start="2024-02-13T19:25:06.054996" elapsed="0.760702"/>
</kw>
<kw name="Click Sign In Button On Login Page" owner="login-page">
<kw name="Click Element" owner="AppiumLibrary">
<msg time="2024-02-13T19:25:06.817693" level="INFO">Clicking element '//android.widget.Button[@resource-id="com.example.myapplication:id/signIn"]'.</msg>
<msg time="2024-02-13T19:25:07.504046" level="INFO">xpath criteria: //android.widget.Button[@resource-id="com.example.myapplication:id/signIn"]</msg>
<arg>locator=//android.widget.Button[@resource-id="com.example.myapplication:id/signIn"]</arg>
<doc>Click element identified by `locator`.</doc>
<status status="PASS" start="2024-02-13T19:25:06.816695" elapsed="0.687351"/>
</kw>
<status status="PASS" start="2024-02-13T19:25:06.815698" elapsed="0.688348"/>
</kw>
<kw name="Verify User Is Success Logged In" owner="login-page">
<kw name="Wait Until Page Does Not Contain" owner="AppiumLibrary">
<arg>text=Invalid username/password</arg>
<doc>Waits until `text` disappears from current page.</doc>
<status status="PASS" start="2024-02-13T19:25:07.505222" elapsed="0.194876"/>
</kw>
<status status="PASS" start="2024-02-13T19:25:07.505222" elapsed="0.194876"/>
</kw>
<kw name="After Successfully Login" owner="login-page">
<kw name="Wait Until Element Is Visible" owner="AppiumLibrary">
<msg time="2024-02-13T19:25:08.731096" level="INFO">xpath criteria: //android.widget.TextView[@resource-id="com.example.myapplication:id/textView"]</msg>
<arg>locator=//android.widget.TextView[@resource-id="com.example.myapplication:id/textView"]</arg>
<doc>Waits until element specified with `locator` is visible.</doc>
<status status="PASS" start="2024-02-13T19:25:07.701263" elapsed="1.029833"/>
</kw>
<status status="PASS" start="2024-02-13T19:25:07.700098" elapsed="1.030998"/>
</kw>
<kw name="Click Book Button On Home Page" owner="home-page">
<kw name="Click Element" owner="AppiumLibrary">
<msg time="2024-02-13T19:25:08.733091" level="INFO">Clicking element '//android.widget.Button[@resource-id="com.example.myapplication:id/book"]'.</msg>
<msg time="2024-02-13T19:25:08.916518" level="INFO">xpath criteria: //android.widget.Button[@resource-id="com.example.myapplication:id/book"]</msg>
<arg>locator=//android.widget.Button[@resource-id="com.example.myapplication:id/book"]</arg>
<doc>Click element identified by `locator`.</doc>
<status status="PASS" start="2024-02-13T19:25:08.732096" elapsed="0.184422"/>
</kw>
<status status="PASS" start="2024-02-13T19:25:08.731096" elapsed="0.185422"/>
</kw>
<kw name="Click Oneway Button On Book Page" owner="book-page">
<kw name="Wait Until Page Contains" owner="AppiumLibrary">
<arg>text=ONE WAY</arg>
<doc>Waits until `text` appears on current page.</doc>
<status status="PASS" start="2024-02-13T19:25:08.916518" elapsed="1.548502"/>
</kw>
<status status="PASS" start="2024-02-13T19:25:08.916518" elapsed="1.548502"/>
</kw>
<kw name="Click End Date On Book Page" owner="book-page">
<kw name="Wait Until Element Is Visible" owner="AppiumLibrary">
<msg time="2024-02-13T19:25:10.672698" level="INFO">xpath criteria: //android.widget.TextView[@resource-id="com.example.myapplication:id/textEndDate"]</msg>
<arg>locator=${spinner_enddate}</arg>
<doc>Waits until element specified with `locator` is visible.</doc>
<status status="PASS" start="2024-02-13T19:25:10.467012" elapsed="0.205686"/>
</kw>
<kw name="Click Element" owner="AppiumLibrary">
<msg time="2024-02-13T19:25:10.674864" level="INFO">Clicking element '//android.widget.TextView[@resource-id="com.example.myapplication:id/textEndDate"]'.</msg>
<msg time="2024-02-13T19:25:11.297365" level="INFO">xpath criteria: //android.widget.TextView[@resource-id="com.example.myapplication:id/textEndDate"]</msg>
<arg>locator=${spinner_enddate}</arg>
<doc>Click element identified by `locator`.</doc>
<status status="PASS" start="2024-02-13T19:25:10.673819" elapsed="0.623546"/>
</kw>
<status status="PASS" start="2024-02-13T19:25:10.466015" elapsed="0.831350"/>
</kw>
<kw name="Select End Date On Calendar" owner="book-page">
<kw name="Wait Until Element Is Visible" owner="AppiumLibrary">
<msg time="2024-02-13T19:25:12.900418" level="INFO">xpath criteria: //android.view.View[@content-desc="03 August 2019" and @index=2]
xpath criteria: //android.view.View[@content-desc="03 August 2019" and @index=2]</msg>
<arg>locator=${end_date}</arg>
<doc>Waits until element specified with `locator` is visible.</doc>
<status status="PASS" start="2024-02-13T19:25:11.299015" elapsed="1.602400"/>
</kw>
<kw name="Get Webelement" owner="AppiumLibrary">
<msg time="2024-02-13T19:25:13.378255" level="INFO">xpath criteria: //android.view.View[@content-desc="03 August 2019" and @index=2]</msg>
<arg>locator=${end_date}</arg>
<doc>Returns the first [http://selenium-python.readthedocs.io/api.html#module-selenium.webdriver.remote.webelement|WebElement] object matching ``locator``.</doc>
<status status="PASS" start="2024-02-13T19:25:12.901415" elapsed="0.477888"/>
</kw>
<status status="PASS" start="2024-02-13T19:25:11.298281" elapsed="2.081022"/>
</kw>
<kw name="Click OK Button On Calendar" owner="book-page">
<kw name="Wait Until Element Is Visible" owner="AppiumLibrary">
<msg time="2024-02-13T19:25:13.757718" level="INFO">xpath criteria: //android.widget.Button[@resource-id="android:id/button1"]</msg>
<arg>locator=${ok_button}</arg>
<doc>Waits until element specified with `locator` is visible.</doc>
<status status="PASS" start="2024-02-13T19:25:13.381229" elapsed="0.376489"/>
</kw>
<kw name="Click Element" owner="AppiumLibrary">
<msg time="2024-02-13T19:25:13.759715" level="INFO">Clicking element '//android.widget.Button[@resource-id="android:id/button1"]'.</msg>
<msg time="2024-02-13T19:25:14.169081" level="INFO">xpath criteria: //android.widget.Button[@resource-id="android:id/button1"]</msg>
<arg>locator=${ok_button}</arg>
<doc>Click element identified by `locator`.</doc>
<status status="PASS" start="2024-02-13T19:25:13.757718" elapsed="0.411363"/>
</kw>
<status status="PASS" start="2024-02-13T19:25:13.380375" elapsed="0.789703"/>
</kw>
<kw name="Click Type Booking" owner="book-page">
<kw name="Wait Until Element Is Visible" owner="AppiumLibrary">
<msg time="2024-02-13T19:25:14.774148" level="INFO">xpath criteria: //android.widget.RadioButton[@resource-id="com.example.myapplication:id/radioButtonFlight"]</msg>
<arg>locator=${type_book}</arg>
<doc>Waits until element specified with `locator` is visible.</doc>
<status status="PASS" start="2024-02-13T19:25:14.170078" elapsed="0.604070"/>
</kw>
<kw name="Click Element" owner="AppiumLibrary">
<msg time="2024-02-13T19:25:14.778143" level="INFO">Clicking element '//android.widget.RadioButton[@resource-id="com.example.myapplication:id/radioButtonFlight"]'.</msg>
<msg time="2024-02-13T19:25:15.031636" level="INFO">xpath criteria: //android.widget.RadioButton[@resource-id="com.example.myapplication:id/radioButtonFlight"]</msg>
<arg>locator=${type_book}</arg>
<doc>Click element identified by `locator`.</doc>
<status status="PASS" start="2024-02-13T19:25:14.774148" elapsed="0.257488"/>
</kw>
<status status="PASS" start="2024-02-13T19:25:14.170078" elapsed="0.861558"/>
</kw>
<kw name="Click Button Booking" owner="book-page">
<kw name="Wait Until Element Is Visible" owner="AppiumLibrary">
<msg time="2024-02-13T19:25:15.652569" level="INFO">xpath criteria: //android.widget.Button[@resource-id="com.example.myapplication:id/book_flight"]</msg>
<arg>locator=${book_btn}</arg>
<doc>Waits until element specified with `locator` is visible.</doc>
<status status="PASS" start="2024-02-13T19:25:15.031636" elapsed="0.620933"/>
</kw>
<kw name="Click Element" owner="AppiumLibrary">
<msg time="2024-02-13T19:25:15.658273" level="INFO">Clicking element '//android.widget.Button[@resource-id="com.example.myapplication:id/book_flight"]'.</msg>
<msg time="2024-02-13T19:25:15.927656" level="INFO">xpath criteria: //android.widget.Button[@resource-id="com.example.myapplication:id/book_flight"]</msg>
<arg>locator=${book_btn}</arg>
<doc>Click element identified by `locator`.</doc>
<status status="PASS" start="2024-02-13T19:25:15.653556" elapsed="0.274100"/>
</kw>
<status status="PASS" start="2024-02-13T19:25:15.031636" elapsed="0.897019"/>
</kw>
<kw name="Click Price Flight" owner="book-page">
<kw name="Wait Until Element Is Visible" owner="AppiumLibrary">
<msg time="2024-02-13T19:25:17.515162" level="INFO">xpath criteria: //android.widget.Button[@resource-id="com.example.myapplication:id/price1"]</msg>
<arg>locator=${price_flight}</arg>
<doc>Waits until element specified with `locator` is visible.</doc>
<status status="PASS" start="2024-02-13T19:25:15.929666" elapsed="1.585496"/>
</kw>
<kw name="Click Element" owner="AppiumLibrary">
<msg time="2024-02-13T19:25:17.517703" level="INFO">Clicking element '//android.widget.Button[@resource-id="com.example.myapplication:id/price1"]'.</msg>
<msg time="2024-02-13T19:25:18.394832" level="INFO">xpath criteria: //android.widget.Button[@resource-id="com.example.myapplication:id/price1"]</msg>
<arg>locator=${price_flight}</arg>
<doc>Click element identified by `locator`.</doc>
<status status="PASS" start="2024-02-13T19:25:17.515162" elapsed="0.879670"/>
</kw>
<status status="PASS" start="2024-02-13T19:25:15.928655" elapsed="2.466177"/>
</kw>
<kw name="Click Button Confirm" owner="book-page">
<kw name="Wait Until Element Is Visible" owner="AppiumLibrary">
<msg time="2024-02-13T19:25:18.676231" level="INFO">xpath criteria: //android.widget.Button[@resource-id="com.example.myapplication:id/confirm_order"]</msg>
<arg>locator=${confirm_btn}</arg>
<doc>Waits until element specified with `locator` is visible.</doc>
<status status="PASS" start="2024-02-13T19:25:18.398236" elapsed="0.277995"/>
</kw>
<kw name="Click Element" owner="AppiumLibrary">
<msg time="2024-02-13T19:25:18.678225" level="INFO">Clicking element '//android.widget.Button[@resource-id="com.example.myapplication:id/confirm_order"]'.</msg>
<msg time="2024-02-13T19:25:18.971865" level="INFO">xpath criteria: //android.widget.Button[@resource-id="com.example.myapplication:id/confirm_order"]</msg>
<arg>locator=${confirm_btn}</arg>
<doc>Click element identified by `locator`.</doc>
<status status="PASS" start="2024-02-13T19:25:18.677228" elapsed="0.295646"/>
</kw>
<status status="PASS" start="2024-02-13T19:25:18.397226" elapsed="0.575648"/>
</kw>
<kw name="Close Flight Application" owner="base">
<kw name="Close Application" owner="AppiumLibrary">
<doc>Closes the current application and also close webdriver session.</doc>
<status status="PASS" start="2024-02-13T19:25:18.972874" elapsed="0.438152"/>
</kw>
<status status="PASS" start="2024-02-13T19:25:18.972874" elapsed="0.438152"/>
</kw>
<status status="PASS" start="2024-02-13T19:24:53.572508" elapsed="25.839546"/>
</test>
<test id="s1-t3" name="Booking Flight - Blank End Date" line="68">
<kw name="Open Flight Application" owner="base">
<kw name="Open Application" owner="AppiumLibrary">
<arg>remote_url=${REMOTE_URL}</arg>
<arg>platformName=${PLATFORM_NAME}</arg>
<arg>platformVersion=13.0</arg>
<arg>deviceName=emulator-5554</arg>
<arg>appPackage=com.example.myapplication</arg>
<arg>appActivity=com.example.myapplication.MainActivity</arg>
<doc>Opens a new application to given Appium server.
Capabilities of appium server, Android and iOS,
Please check https://github.com/appium/appium/blob/master/docs/en/writing-running-appium/server-args.md
| *Option*            | *Man.* | *Description*     |
| remote_url          | Yes    | Appium server url |
| alias               | no     | alias             |
| strict_ssl          | No     | allows you to send commands to an invalid certificate host like a self-signed one. |</doc>
<status status="PASS" start="2024-02-13T19:25:19.413271" elapsed="9.811052"/>
</kw>
<status status="PASS" start="2024-02-13T19:25:19.413271" elapsed="9.812049"/>
</kw>
<kw name="Click Sign In Button On Home Page" owner="home-page">
<kw name="Click Element" owner="AppiumLibrary">
<msg time="2024-02-13T19:25:29.228450" level="INFO">Clicking element '//android.widget.Button[@resource-id="com.example.myapplication:id/login"]'.</msg>
<msg time="2024-02-13T19:25:30.484254" level="INFO">xpath criteria: //android.widget.Button[@resource-id="com.example.myapplication:id/login"]</msg>
<arg>locator=//android.widget.Button[@resource-id="com.example.myapplication:id/login"]</arg>
<doc>Click element identified by `locator`.</doc>
<status status="PASS" start="2024-02-13T19:25:29.226634" elapsed="1.257620"/>
</kw>
<status status="PASS" start="2024-02-13T19:25:29.225320" elapsed="1.259982"/>
</kw>
<kw name="Input Username" owner="login-page">
<kw name="Wait Until Element Is Visible" owner="AppiumLibrary">
<msg time="2024-02-13T19:25:31.779476" level="INFO">xpath criteria: //android.widget.EditText[@resource-id="com.example.myapplication:id/username"]
xpath criteria: //android.widget.EditText[@resource-id="com.example.myapplication:id/username"]</msg>
<arg>locator=//android.widget.EditText[@resource-id="com.example.myapplication:id/username"]</arg>
<doc>Waits until element specified with `locator` is visible.</doc>
<status status="PASS" start="2024-02-13T19:25:30.486382" elapsed="1.294050"/>
</kw>
<kw name="Input Text" owner="AppiumLibrary">
<msg time="2024-02-13T19:25:31.783464" level="INFO">Typing text 'support@ngendigital.com' into text field '//android.widget.EditText[@resource-id="com.example.myapplication:id/username"]'</msg>
<msg time="2024-02-13T19:25:32.357393" level="INFO">xpath criteria: //android.widget.EditText[@resource-id="com.example.myapplication:id/username"]</msg>
<arg>locator=//android.widget.EditText[@resource-id="com.example.myapplication:id/username"]</arg>
<arg>text=support@ngendigital.com</arg>
<doc>Types the given `text` into text field identified by `locator`.</doc>
<status status="PASS" start="2024-02-13T19:25:31.780432" elapsed="0.576961"/>
</kw>
<status status="PASS" start="2024-02-13T19:25:30.485302" elapsed="1.872091"/>
</kw>
<kw name="Input Password" owner="login-page">
<kw name="Wait Until Element Is Visible" owner="AppiumLibrary">
<msg time="2024-02-13T19:25:32.989809" level="INFO">xpath criteria: //android.widget.EditText[@resource-id="com.example.myapplication:id/password"]</msg>
<arg>locator=//android.widget.EditText[@resource-id="com.example.myapplication:id/password"]</arg>
<doc>Waits until element specified with `locator` is visible.</doc>
<status status="PASS" start="2024-02-13T19:25:32.358392" elapsed="0.631417"/>
</kw>
<kw name="Input Text" owner="AppiumLibrary">
<msg time="2024-02-13T19:25:32.995851" level="INFO">Typing text 'abc123' into text field '//android.widget.EditText[@resource-id="com.example.myapplication:id/password"]'</msg>
<msg time="2024-02-13T19:25:33.173999" level="INFO">xpath criteria: //android.widget.EditText[@resource-id="com.example.myapplication:id/password"]</msg>
<arg>locator=//android.widget.EditText[@resource-id="com.example.myapplication:id/password"]</arg>
<arg>text=abc123</arg>
<doc>Types the given `text` into text field identified by `locator`.</doc>
<status status="PASS" start="2024-02-13T19:25:32.990820" elapsed="0.183179"/>
</kw>
<status status="PASS" start="2024-02-13T19:25:32.358392" elapsed="0.815607"/>
</kw>
<kw name="Click Sign In Button On Login Page" owner="login-page">
<kw name="Click Element" owner="AppiumLibrary">
<msg time="2024-02-13T19:25:33.181932" level="INFO">Clicking element '//android.widget.Button[@resource-id="com.example.myapplication:id/signIn"]'.</msg>
<msg time="2024-02-13T19:25:33.848005" level="INFO">xpath criteria: //android.widget.Button[@resource-id="com.example.myapplication:id/signIn"]</msg>
<arg>locator=//android.widget.Button[@resource-id="com.example.myapplication:id/signIn"]</arg>
<doc>Click element identified by `locator`.</doc>
<status status="PASS" start="2024-02-13T19:25:33.176945" elapsed="0.672552"/>
</kw>
<status status="PASS" start="2024-02-13T19:25:33.175951" elapsed="0.674055"/>
</kw>
<kw name="Verify User Is Success Logged In" owner="login-page">
<kw name="Wait Until Page Does Not Contain" owner="AppiumLibrary">
<arg>text=Invalid username/password</arg>
<doc>Waits until `text` disappears from current page.</doc>
<status status="PASS" start="2024-02-13T19:25:33.853009" elapsed="0.135423"/>
</kw>
<status status="PASS" start="2024-02-13T19:25:33.852002" elapsed="0.136430"/>
</kw>
<kw name="After Successfully Login" owner="login-page">
<kw name="Wait Until Element Is Visible" owner="AppiumLibrary">
<msg time="2024-02-13T19:25:35.149659" level="INFO">xpath criteria: //android.widget.TextView[@resource-id="com.example.myapplication:id/textView"]</msg>
<arg>locator=//android.widget.TextView[@resource-id="com.example.myapplication:id/textView"]</arg>
<doc>Waits until element specified with `locator` is visible.</doc>
<status status="PASS" start="2024-02-13T19:25:33.989483" elapsed="1.160176"/>
</kw>
<status status="PASS" start="2024-02-13T19:25:33.988432" elapsed="1.161227"/>
</kw>
<kw name="Click Book Button On Home Page" owner="home-page">
<kw name="Click Element" owner="AppiumLibrary">
<msg time="2024-02-13T19:25:35.154638" level="INFO">Clicking element '//android.widget.Button[@resource-id="com.example.myapplication:id/book"]'.</msg>
<msg time="2024-02-13T19:25:35.359247" level="INFO">xpath criteria: //android.widget.Button[@resource-id="com.example.myapplication:id/book"]</msg>
<arg>locator=//android.widget.Button[@resource-id="com.example.myapplication:id/book"]</arg>
<doc>Click element identified by `locator`.</doc>
<status status="PASS" start="2024-02-13T19:25:35.151646" elapsed="0.207601"/>
</kw>
<status status="PASS" start="2024-02-13T19:25:35.150655" elapsed="0.208592"/>
</kw>
<kw name="Click Oneway Button On Book Page" owner="book-page">
<kw name="Wait Until Page Contains" owner="AppiumLibrary">
<arg>text=ONE WAY</arg>
<doc>Waits until `text` appears on current page.</doc>
<status status="PASS" start="2024-02-13T19:25:35.360244" elapsed="1.515532"/>
</kw>
<status status="PASS" start="2024-02-13T19:25:35.359247" elapsed="1.516529"/>
</kw>
<kw name="Click Start Date On Book Page" owner="book-page">
<kw name="Wait Until Element Is Visible" owner="AppiumLibrary">
<msg time="2024-02-13T19:25:37.074951" level="INFO">xpath criteria: //android.widget.TextView[@resource-id="com.example.myapplication:id/textStartDate"]</msg>
<arg>locator=${spinner_startdate}</arg>
<doc>Waits until element specified with `locator` is visible.</doc>
<status status="PASS" start="2024-02-13T19:25:36.878190" elapsed="0.196761"/>
</kw>
<kw name="Click Element" owner="AppiumLibrary">
<msg time="2024-02-13T19:25:37.075985" level="INFO">Clicking element '//android.widget.TextView[@resource-id="com.example.myapplication:id/textStartDate"]'.</msg>
<msg time="2024-02-13T19:25:37.273680" level="INFO">xpath criteria: //android.widget.TextView[@resource-id="com.example.myapplication:id/textStartDate"]</msg>
<arg>locator=${spinner_startdate}</arg>
<doc>Click element identified by `locator`.</doc>
<status status="PASS" start="2024-02-13T19:25:37.074951" elapsed="0.198729"/>
</kw>
<status status="PASS" start="2024-02-13T19:25:36.877187" elapsed="0.396493"/>
</kw>
<kw name="Select Start Date On Calendar" owner="book-page">
<kw name="Wait Until Element Is Visible" owner="AppiumLibrary">
<msg time="2024-02-13T19:25:38.932767" level="INFO">xpath criteria: //android.view.View[@content-desc="01 August 2019" and @index=0]
xpath criteria: //android.view.View[@content-desc="01 August 2019" and @index=0]</msg>
<arg>locator=${start_date}</arg>
<doc>Waits until element specified with `locator` is visible.</doc>
<status status="PASS" start="2024-02-13T19:25:37.274714" elapsed="1.658053"/>
</kw>
<kw name="Get Webelement" owner="AppiumLibrary">
<msg time="2024-02-13T19:25:39.412765" level="INFO">xpath criteria: //android.view.View[@content-desc="01 August 2019" and @index=0]</msg>
<arg>locator=${start_date}</arg>
<doc>Returns the first [http://selenium-python.readthedocs.io/api.html#module-selenium.webdriver.remote.webelement|WebElement] object matching ``locator``.</doc>
<status status="PASS" start="2024-02-13T19:25:38.933763" elapsed="0.479002"/>
</kw>
<status status="PASS" start="2024-02-13T19:25:37.274714" elapsed="2.139049"/>
</kw>
<kw name="Click OK Button On Calendar" owner="book-page">
<kw name="Wait Until Element Is Visible" owner="AppiumLibrary">
<msg time="2024-02-13T19:25:39.810473" level="INFO">xpath criteria: //android.widget.Button[@resource-id="android:id/button1"]</msg>
<arg>locator=${ok_button}</arg>
<doc>Waits until element specified with `locator` is visible.</doc>
<status status="PASS" start="2024-02-13T19:25:39.415769" elapsed="0.394704"/>
</kw>
<kw name="Click Element" owner="AppiumLibrary">
<msg time="2024-02-13T19:25:39.816500" level="INFO">Clicking element '//android.widget.Button[@resource-id="android:id/button1"]'.</msg>
<msg time="2024-02-13T19:25:40.240168" level="INFO">xpath criteria: //android.widget.Button[@resource-id="android:id/button1"]</msg>
<arg>locator=${ok_button}</arg>
<doc>Click element identified by `locator`.</doc>
<status status="PASS" start="2024-02-13T19:25:39.811459" elapsed="0.428709"/>
</kw>
<status status="PASS" start="2024-02-13T19:25:39.414719" elapsed="0.825449"/>
</kw>
<kw name="Click Type Booking" owner="book-page">
<kw name="Wait Until Element Is Visible" owner="AppiumLibrary">
<msg time="2024-02-13T19:25:40.836240" level="INFO">xpath criteria: //android.widget.RadioButton[@resource-id="com.example.myapplication:id/radioButtonFlight"]</msg>
<arg>locator=${type_book}</arg>
<doc>Waits until element specified with `locator` is visible.</doc>
<status status="PASS" start="2024-02-13T19:25:40.241660" elapsed="0.594580"/>
</kw>
<kw name="Click Element" owner="AppiumLibrary">
<msg time="2024-02-13T19:25:40.841264" level="INFO">Clicking element '//android.widget.RadioButton[@resource-id="com.example.myapplication:id/radioButtonFlight"]'.</msg>
<msg time="2024-02-13T19:25:41.087041" level="INFO">xpath criteria: //android.widget.RadioButton[@resource-id="com.example.myapplication:id/radioButtonFlight"]</msg>
<arg>locator=${type_book}</arg>
<doc>Click element identified by `locator`.</doc>
<status status="PASS" start="2024-02-13T19:25:40.836240" elapsed="0.250801"/>
</kw>
<status status="PASS" start="2024-02-13T19:25:40.240168" elapsed="0.846873"/>
</kw>
<kw name="Click Button Booking" owner="book-page">
<kw name="Wait Until Element Is Visible" owner="AppiumLibrary">
<msg time="2024-02-13T19:25:41.697674" level="INFO">xpath criteria: //android.widget.Button[@resource-id="com.example.myapplication:id/book_flight"]</msg>
<arg>locator=${book_btn}</arg>
<doc>Waits until element specified with `locator` is visible.</doc>
<status status="PASS" start="2024-02-13T19:25:41.087041" elapsed="0.611623"/>
</kw>
<kw name="Click Element" owner="AppiumLibrary">
<msg time="2024-02-13T19:25:41.704220" level="INFO">Clicking element '//android.widget.Button[@resource-id="com.example.myapplication:id/book_flight"]'.</msg>
<msg time="2024-02-13T19:25:41.984534" level="INFO">xpath criteria: //android.widget.Button[@resource-id="com.example.myapplication:id/book_flight"]</msg>
<arg>locator=${book_btn}</arg>
<doc>Click element identified by `locator`.</doc>
<status status="PASS" start="2024-02-13T19:25:41.698664" elapsed="0.285870"/>
</kw>
<status status="PASS" start="2024-02-13T19:25:41.087041" elapsed="0.898491"/>
</kw>
<kw name="Click Price Flight" owner="book-page">
<kw name="Wait Until Element Is Visible" owner="AppiumLibrary">
<msg time="2024-02-13T19:25:43.390847" level="INFO">xpath criteria: //android.widget.Button[@resource-id="com.example.myapplication:id/price1"]
xpath criteria: //android.widget.Button[@resource-id="com.example.myapplication:id/price1"]</msg>
<arg>locator=${price_flight}</arg>
<doc>Waits until element specified with `locator` is visible.</doc>
<status status="PASS" start="2024-02-13T19:25:41.985532" elapsed="1.405315"/>
</kw>
<kw name="Click Element" owner="AppiumLibrary">
<msg time="2024-02-13T19:25:43.392803" level="INFO">Clicking element '//android.widget.Button[@resource-id="com.example.myapplication:id/price1"]'.</msg>
<msg time="2024-02-13T19:25:44.347860" level="INFO">xpath criteria: //android.widget.Button[@resource-id="com.example.myapplication:id/price1"]</msg>
<arg>locator=${price_flight}</arg>
<doc>Click element identified by `locator`.</doc>
<status status="PASS" start="2024-02-13T19:25:43.390847" elapsed="0.957013"/>
</kw>
<status status="PASS" start="2024-02-13T19:25:41.985532" elapsed="2.363326"/>
</kw>
<kw name="Click Button Confirm" owner="book-page">
<kw name="Wait Until Element Is Visible" owner="AppiumLibrary">
<msg time="2024-02-13T19:25:44.598944" level="INFO">xpath criteria: //android.widget.Button[@resource-id="com.example.myapplication:id/confirm_order"]</msg>
<arg>locator=${confirm_btn}</arg>
<doc>Waits until element specified with `locator` is visible.</doc>
<status status="PASS" start="2024-02-13T19:25:44.350904" elapsed="0.248040"/>
</kw>
<kw name="Click Element" owner="AppiumLibrary">
<msg time="2024-02-13T19:25:44.601448" level="INFO">Clicking element '//android.widget.Button[@resource-id="com.example.myapplication:id/confirm_order"]'.</msg>
<msg time="2024-02-13T19:25:44.883225" level="INFO">xpath criteria: //android.widget.Button[@resource-id="com.example.myapplication:id/confirm_order"]</msg>
<arg>locator=${confirm_btn}</arg>
<doc>Click element identified by `locator`.</doc>
<status status="PASS" start="2024-02-13T19:25:44.599450" elapsed="0.283775"/>
</kw>
<status status="PASS" start="2024-02-13T19:25:44.349906" elapsed="0.533319"/>
</kw>
<kw name="Close Flight Application" owner="base">
<kw name="Close Application" owner="AppiumLibrary">
<doc>Closes the current application and also close webdriver session.</doc>
<status status="PASS" start="2024-02-13T19:25:44.884219" elapsed="0.451410"/>
</kw>
<status status="PASS" start="2024-02-13T19:25:44.883225" elapsed="0.452404"/>
</kw>
<status status="PASS" start="2024-02-13T19:25:19.412054" elapsed="25.923575"/>
</test>
<test id="s1-t4" name="Booking Flight - Blank Type" line="92">
<kw name="Open Flight Application" owner="base">
<kw name="Open Application" owner="AppiumLibrary">
<arg>remote_url=${REMOTE_URL}</arg>
<arg>platformName=${PLATFORM_NAME}</arg>
<arg>platformVersion=13.0</arg>
<arg>deviceName=emulator-5554</arg>
<arg>appPackage=com.example.myapplication</arg>
<arg>appActivity=com.example.myapplication.MainActivity</arg>
<doc>Opens a new application to given Appium server.
Capabilities of appium server, Android and iOS,
Please check https://github.com/appium/appium/blob/master/docs/en/writing-running-appium/server-args.md
| *Option*            | *Man.* | *Description*     |
| remote_url          | Yes    | Appium server url |
| alias               | no     | alias             |
| strict_ssl          | No     | allows you to send commands to an invalid certificate host like a self-signed one. |</doc>
<status status="PASS" start="2024-02-13T19:25:45.338150" elapsed="9.986107"/>
</kw>
<status status="PASS" start="2024-02-13T19:25:45.337643" elapsed="9.987996"/>
</kw>
<kw name="Click Sign In Button On Home Page" owner="home-page">
<kw name="Click Element" owner="AppiumLibrary">
<msg time="2024-02-13T19:25:55.329185" level="INFO">Clicking element '//android.widget.Button[@resource-id="com.example.myapplication:id/login"]'.</msg>
<msg time="2024-02-13T19:25:56.555236" level="INFO">xpath criteria: //android.widget.Button[@resource-id="com.example.myapplication:id/login"]</msg>
<arg>locator=//android.widget.Button[@resource-id="com.example.myapplication:id/login"]</arg>
<doc>Click element identified by `locator`.</doc>
<status status="PASS" start="2024-02-13T19:25:55.327153" elapsed="1.228083"/>
</kw>
<status status="PASS" start="2024-02-13T19:25:55.326148" elapsed="1.230084"/>
</kw>
<kw name="Input Username" owner="login-page">
<kw name="Wait Until Element Is Visible" owner="AppiumLibrary">
<msg time="2024-02-13T19:25:57.903777" level="INFO">xpath criteria: //android.widget.EditText[@resource-id="com.example.myapplication:id/username"]
xpath criteria: //android.widget.EditText[@resource-id="com.example.myapplication:id/username"]</msg>
<arg>locator=//android.widget.EditText[@resource-id="com.example.myapplication:id/username"]</arg>
<doc>Waits until element specified with `locator` is visible.</doc>
<status status="PASS" start="2024-02-13T19:25:56.557229" elapsed="1.347545"/>
</kw>
<kw name="Input Text" owner="AppiumLibrary">
<msg time="2024-02-13T19:25:57.906770" level="INFO">Typing text 'support@ngendigital.com' into text field '//android.widget.EditText[@resource-id="com.example.myapplication:id/username"]'</msg>
<msg time="2024-02-13T19:25:58.044622" level="INFO">xpath criteria: //android.widget.EditText[@resource-id="com.example.myapplication:id/username"]</msg>
<arg>locator=//android.widget.EditText[@resource-id="com.example.myapplication:id/username"]</arg>
<arg>text=support@ngendigital.com</arg>
<doc>Types the given `text` into text field identified by `locator`.</doc>
<status status="PASS" start="2024-02-13T19:25:57.904774" elapsed="0.139848"/>
</kw>
<status status="PASS" start="2024-02-13T19:25:56.557229" elapsed="1.487393"/>
</kw>
<kw name="Input Password" owner="login-page">
<kw name="Wait Until Element Is Visible" owner="AppiumLibrary">
<msg time="2024-02-13T19:25:58.672344" level="INFO">xpath criteria: //android.widget.EditText[@resource-id="com.example.myapplication:id/password"]</msg>
<arg>locator=//android.widget.EditText[@resource-id="com.example.myapplication:id/password"]</arg>
<doc>Waits until element specified with `locator` is visible.</doc>
<status status="PASS" start="2024-02-13T19:25:58.045618" elapsed="0.626726"/>
</kw>
<kw name="Input Text" owner="AppiumLibrary">
<msg time="2024-02-13T19:25:58.677374" level="INFO">Typing text 'abc123' into text field '//android.widget.EditText[@resource-id="com.example.myapplication:id/password"]'</msg>
<msg time="2024-02-13T19:25:58.828129" level="INFO">xpath criteria: //android.widget.EditText[@resource-id="com.example.myapplication:id/password"]</msg>
<arg>locator=//android.widget.EditText[@resource-id="com.example.myapplication:id/password"]</arg>
<arg>text=abc123</arg>
<doc>Types the given `text` into text field identified by `locator`.</doc>
<status status="PASS" start="2024-02-13T19:25:58.672344" elapsed="0.155785"/>
</kw>
<status status="PASS" start="2024-02-13T19:25:58.044622" elapsed="0.783507"/>
</kw>
<kw name="Click Sign In Button On Login Page" owner="login-page">
<kw name="Click Element" owner="AppiumLibrary">
<msg time="2024-02-13T19:25:58.830124" level="INFO">Clicking element '//android.widget.Button[@resource-id="com.example.myapplication:id/signIn"]'.</msg>
<msg time="2024-02-13T19:26:00.659153" level="INFO">xpath criteria: //android.widget.Button[@resource-id="com.example.myapplication:id/signIn"]</msg>
<arg>locator=//android.widget.Button[@resource-id="com.example.myapplication:id/signIn"]</arg>
<doc>Click element identified by `locator`.</doc>
<status status="PASS" start="2024-02-13T19:25:58.829126" elapsed="1.830027"/>
</kw>
<status status="PASS" start="2024-02-13T19:25:58.829126" elapsed="1.830027"/>
</kw>
<kw name="Verify User Is Success Logged In" owner="login-page">
<kw name="Wait Until Page Does Not Contain" owner="AppiumLibrary">
<arg>text=Invalid username/password</arg>
<doc>Waits until `text` disappears from current page.</doc>
<status status="PASS" start="2024-02-13T19:26:00.661266" elapsed="0.116293"/>
</kw>
<status status="PASS" start="2024-02-13T19:26:00.660221" elapsed="0.117338"/>
</kw>
<kw name="After Successfully Login" owner="login-page">
<kw name="Wait Until Element Is Visible" owner="AppiumLibrary">
<msg time="2024-02-13T19:26:00.933201" level="INFO">xpath criteria: //android.widget.TextView[@resource-id="com.example.myapplication:id/textView"]</msg>
<arg>locator=//android.widget.TextView[@resource-id="com.example.myapplication:id/textView"]</arg>
<doc>Waits until element specified with `locator` is visible.</doc>
<status status="PASS" start="2024-02-13T19:26:00.778557" elapsed="0.154644"/>
</kw>
<status status="PASS" start="2024-02-13T19:26:00.777559" elapsed="0.155642"/>
</kw>
<kw name="Click Book Button On Home Page" owner="home-page">
<kw name="Click Element" owner="AppiumLibrary">
<msg time="2024-02-13T19:26:00.935491" level="INFO">Clicking element '//android.widget.Button[@resource-id="com.example.myapplication:id/book"]'.</msg>
<msg time="2024-02-13T19:26:01.116543" level="INFO">xpath criteria: //android.widget.Button[@resource-id="com.example.myapplication:id/book"]</msg>
<arg>locator=//android.widget.Button[@resource-id="com.example.myapplication:id/book"]</arg>
<doc>Click element identified by `locator`.</doc>
<status status="PASS" start="2024-02-13T19:26:00.933201" elapsed="0.183342"/>
</kw>
<status status="PASS" start="2024-02-13T19:26:00.933201" elapsed="0.183342"/>
</kw>
<kw name="Click Oneway Button On Book Page" owner="book-page">
<kw name="Wait Until Page Contains" owner="AppiumLibrary">
<arg>text=ONE WAY</arg>
<doc>Waits until `text` appears on current page.</doc>
<status status="PASS" start="2024-02-13T19:26:01.116543" elapsed="1.528059"/>
</kw>
<status status="PASS" start="2024-02-13T19:26:01.116543" elapsed="1.529056"/>
</kw>
<kw name="Click Start Date On Book Page" owner="book-page">
<kw name="Wait Until Element Is Visible" owner="AppiumLibrary">
<msg time="2024-02-13T19:26:02.856212" level="INFO">xpath criteria: //android.widget.TextView[@resource-id="com.example.myapplication:id/textStartDate"]</msg>
<arg>locator=${spinner_startdate}</arg>
<doc>Waits until element specified with `locator` is visible.</doc>
<status status="PASS" start="2024-02-13T19:26:02.648150" elapsed="0.208062"/>
</kw>
<kw name="Click Element" owner="AppiumLibrary">
<msg time="2024-02-13T19:26:02.857253" level="INFO">Clicking element '//android.widget.TextView[@resource-id="com.example.myapplication:id/textStartDate"]'.</msg>
<msg time="2024-02-13T19:26:03.085255" level="INFO">xpath criteria: //android.widget.TextView[@resource-id="com.example.myapplication:id/textStartDate"]</msg>
<arg>locator=${spinner_startdate}</arg>
<doc>Click element identified by `locator`.</doc>
<status status="PASS" start="2024-02-13T19:26:02.856212" elapsed="0.229043"/>
</kw>
<status status="PASS" start="2024-02-13T19:26:02.647097" elapsed="0.438158"/>
</kw>
<kw name="Select Start Date On Calendar" owner="book-page">
<kw name="Wait Until Element Is Visible" owner="AppiumLibrary">
<msg time="2024-02-13T19:26:04.729973" level="INFO">xpath criteria: //android.view.View[@content-desc="01 August 2019" and @index=0]
xpath criteria: //android.view.View[@content-desc="01 August 2019" and @index=0]</msg>
<arg>locator=${start_date}</arg>
<doc>Waits until element specified with `locator` is visible.</doc>
<status status="PASS" start="2024-02-13T19:26:03.086252" elapsed="1.643721"/>
</kw>
<kw name="Get Webelement" owner="AppiumLibrary">
<msg time="2024-02-13T19:26:05.193175" level="INFO">xpath criteria: //android.view.View[@content-desc="01 August 2019" and @index=0]</msg>
<arg>locator=${start_date}</arg>
<doc>Returns the first [http://selenium-python.readthedocs.io/api.html#module-selenium.webdriver.remote.webelement|WebElement] object matching ``locator``.</doc>
<status status="PASS" start="2024-02-13T19:26:04.730969" elapsed="0.462206"/>
</kw>
<status status="PASS" start="2024-02-13T19:26:03.086252" elapsed="2.107908"/>
</kw>
<kw name="Click OK Button On Calendar" owner="book-page">
<kw name="Wait Until Element Is Visible" owner="AppiumLibrary">
<msg time="2024-02-13T19:26:05.815733" level="INFO">xpath criteria: //android.widget.Button[@resource-id="android:id/button1"]</msg>
<arg>locator=${ok_button}</arg>
<doc>Waits until element specified with `locator` is visible.</doc>
<status status="PASS" start="2024-02-13T19:26:05.195983" elapsed="0.619750"/>
</kw>
<kw name="Click Element" owner="AppiumLibrary">
<msg time="2024-02-13T19:26:05.821565" level="INFO">Clicking element '//android.widget.Button[@resource-id="android:id/button1"]'.</msg>
<msg time="2024-02-13T19:26:06.277697" level="INFO">xpath criteria: //android.widget.Button[@resource-id="android:id/button1"]</msg>
<arg>locator=${ok_button}</arg>
<doc>Click element identified by `locator`.</doc>
<status status="PASS" start="2024-02-13T19:26:05.815733" elapsed="0.462953"/>
</kw>
<status status="PASS" start="2024-02-13T19:26:05.195192" elapsed="1.083494"/>
</kw>
<kw name="Click End Date On Book Page" owner="book-page">
<kw name="Wait Until Element Is Visible" owner="AppiumLibrary">
<msg time="2024-02-13T19:26:06.868840" level="INFO">xpath criteria: //android.widget.TextView[@resource-id="com.example.myapplication:id/textEndDate"]</msg>
<arg>locator=${spinner_enddate}</arg>
<doc>Waits until element specified with `locator` is visible.</doc>
<status status="PASS" start="2024-02-13T19:26:06.280854" elapsed="0.588988"/>
</kw>
<kw name="Click Element" owner="AppiumLibrary">
<msg time="2024-02-13T19:26:06.874878" level="INFO">Clicking element '//android.widget.TextView[@resource-id="com.example.myapplication:id/textEndDate"]'.</msg>
<msg time="2024-02-13T19:26:07.144376" level="INFO">xpath criteria: //android.widget.TextView[@resource-id="com.example.myapplication:id/textEndDate"]</msg>
<arg>locator=${spinner_enddate}</arg>
<doc>Click element identified by `locator`.</doc>
<status status="PASS" start="2024-02-13T19:26:06.869842" elapsed="0.274534"/>
</kw>
<status status="PASS" start="2024-02-13T19:26:06.279706" elapsed="0.864670"/>
</kw>
<kw name="Select End Date On Calendar" owner="book-page">
<kw name="Wait Until Element Is Visible" owner="AppiumLibrary">
<msg time="2024-02-13T19:26:08.675469" level="INFO">xpath criteria: //android.view.View[@content-desc="03 August 2019" and @index=2]
xpath criteria: //android.view.View[@content-desc="03 August 2019" and @index=2]</msg>
<arg>locator=${end_date}</arg>
<doc>Waits until element specified with `locator` is visible.</doc>
<status status="PASS" start="2024-02-13T19:26:07.145374" elapsed="1.530095"/>
</kw>
<kw name="Get Webelement" owner="AppiumLibrary">
<msg time="2024-02-13T19:26:09.138346" level="INFO">xpath criteria: //android.view.View[@content-desc="03 August 2019" and @index=2]</msg>
<arg>locator=${end_date}</arg>
<doc>Returns the first [http://selenium-python.readthedocs.io/api.html#module-selenium.webdriver.remote.webelement|WebElement] object matching ``locator``.</doc>
<status status="PASS" start="2024-02-13T19:26:08.676464" elapsed="0.461882"/>
</kw>
<status status="PASS" start="2024-02-13T19:26:07.145374" elapsed="1.992972"/>
</kw>
<kw name="Click OK Button On Calendar" owner="book-page">
<kw name="Wait Until Element Is Visible" owner="AppiumLibrary">
<msg time="2024-02-13T19:26:09.532781" level="INFO">xpath criteria: //android.widget.Button[@resource-id="android:id/button1"]</msg>
<arg>locator=${ok_button}</arg>
<doc>Waits until element specified with `locator` is visible.</doc>
<status status="PASS" start="2024-02-13T19:26:09.139514" elapsed="0.393267"/>
</kw>
<kw name="Click Element" owner="AppiumLibrary">
<msg time="2024-02-13T19:26:09.533778" level="INFO">Clicking element '//android.widget.Button[@resource-id="android:id/button1"]'.</msg>
<msg time="2024-02-13T19:26:09.933647" level="INFO">xpath criteria: //android.widget.Button[@resource-id="android:id/button1"]</msg>
<arg>locator=${ok_button}</arg>
<doc>Click element identified by `locator`.</doc>
<status status="PASS" start="2024-02-13T19:26:09.532781" elapsed="0.400866"/>
</kw>
<status status="PASS" start="2024-02-13T19:26:09.139514" elapsed="0.794696"/>
</kw>
<kw name="Click Button Booking" owner="book-page">
<kw name="Wait Until Element Is Visible" owner="AppiumLibrary">
<msg time="2024-02-13T19:26:10.512169" level="INFO">xpath criteria: //android.widget.Button[@resource-id="com.example.myapplication:id/book_flight"]</msg>
<arg>locator=${book_btn}</arg>
<doc>Waits until element specified with `locator` is visible.</doc>
<status status="PASS" start="2024-02-13T19:26:09.935995" elapsed="0.576174"/>
</kw>
<kw name="Click Element" owner="AppiumLibrary">
<msg time="2024-02-13T19:26:10.518190" level="INFO">Clicking element '//android.widget.Button[@resource-id="com.example.myapplication:id/book_flight"]'.</msg>
<msg time="2024-02-13T19:26:10.792748" level="INFO">xpath criteria: //android.widget.Button[@resource-id="com.example.myapplication:id/book_flight"]</msg>
<arg>locator=${book_btn}</arg>
<doc>Click element identified by `locator`.</doc>
<status status="PASS" start="2024-02-13T19:26:10.513149" elapsed="0.279599"/>
</kw>
<status status="PASS" start="2024-02-13T19:26:09.935235" elapsed="0.857513"/>
</kw>
<kw name="Click Price Flight" owner="book-page">
<kw name="Wait Until Element Is Visible" owner="AppiumLibrary">
<msg time="2024-02-13T19:26:12.240911" level="INFO">xpath criteria: //android.widget.Button[@resource-id="com.example.myapplication:id/price1"]
xpath criteria: //android.widget.Button[@resource-id="com.example.myapplication:id/price1"]</msg>
<arg>locator=${price_flight}</arg>
<doc>Waits until element specified with `locator` is visible.</doc>
<status status="PASS" start="2024-02-13T19:26:10.794032" elapsed="1.446879"/>
</kw>
<kw name="Click Element" owner="AppiumLibrary">
<msg time="2024-02-13T19:26:12.243865" level="INFO">Clicking element '//android.widget.Button[@resource-id="com.example.myapplication:id/price1"]'.</msg>
<msg time="2024-02-13T19:26:12.522269" level="INFO">xpath criteria: //android.widget.Button[@resource-id="com.example.myapplication:id/price1"]</msg>
<arg>locator=${price_flight}</arg>
<doc>Click element identified by `locator`.</doc>
<status status="PASS" start="2024-02-13T19:26:12.240911" elapsed="0.281358"/>
</kw>
<status status="PASS" start="2024-02-13T19:26:10.792748" elapsed="1.729521"/>
</kw>
<kw name="Click Button Confirm" owner="book-page">
<kw name="Wait Until Element Is Visible" owner="AppiumLibrary">
<msg time="2024-02-13T19:26:13.356889" level="INFO">xpath criteria: //android.widget.Button[@resource-id="com.example.myapplication:id/confirm_order"]</msg>
<arg>locator=${confirm_btn}</arg>
<doc>Waits until element specified with `locator` is visible.</doc>
<status status="PASS" start="2024-02-13T19:26:12.523306" elapsed="0.833583"/>
</kw>
<kw name="Click Element" owner="AppiumLibrary">
<msg time="2024-02-13T19:26:13.362868" level="INFO">Clicking element '//android.widget.Button[@resource-id="com.example.myapplication:id/confirm_order"]'.</msg>
<msg time="2024-02-13T19:26:13.645848" level="INFO">xpath criteria: //android.widget.Button[@resource-id="com.example.myapplication:id/confirm_order"]</msg>
<arg>locator=${confirm_btn}</arg>
<doc>Click element identified by `locator`.</doc>
<status status="PASS" start="2024-02-13T19:26:13.357885" elapsed="0.288961"/>
</kw>
<status status="PASS" start="2024-02-13T19:26:12.523306" elapsed="1.123540"/>
</kw>
<kw name="Close Flight Application" owner="base">
<kw name="Close Application" owner="AppiumLibrary">
<doc>Closes the current application and also close webdriver session.</doc>
<status status="PASS" start="2024-02-13T19:26:13.646846" elapsed="0.335594"/>
</kw>
<status status="PASS" start="2024-02-13T19:26:13.646846" elapsed="0.335594"/>
</kw>
<status status="PASS" start="2024-02-13T19:25:45.337137" elapsed="28.645808"/>
</test>
<test id="s1-t5" name="Booking Flight - Blank Date And Type" line="119">
<kw name="Open Flight Application" owner="base">
<kw name="Open Application" owner="AppiumLibrary">
<arg>remote_url=${REMOTE_URL}</arg>
<arg>platformName=${PLATFORM_NAME}</arg>
<arg>platformVersion=13.0</arg>
<arg>deviceName=emulator-5554</arg>
<arg>appPackage=com.example.myapplication</arg>
<arg>appActivity=com.example.myapplication.MainActivity</arg>
<doc>Opens a new application to given Appium server.
Capabilities of appium server, Android and iOS,
Please check https://github.com/appium/appium/blob/master/docs/en/writing-running-appium/server-args.md
| *Option*            | *Man.* | *Description*     |
| remote_url          | Yes    | Appium server url |
| alias               | no     | alias             |
| strict_ssl          | No     | allows you to send commands to an invalid certificate host like a self-signed one. |</doc>
<status status="PASS" start="2024-02-13T19:26:13.983959" elapsed="10.128551"/>
</kw>
<status status="PASS" start="2024-02-13T19:26:13.983959" elapsed="10.128551"/>
</kw>
<kw name="Click Sign In Button On Home Page" owner="home-page">
<kw name="Click Element" owner="AppiumLibrary">
<msg time="2024-02-13T19:26:24.115648" level="INFO">Clicking element '//android.widget.Button[@resource-id="com.example.myapplication:id/login"]'.</msg>
<msg time="2024-02-13T19:26:25.337354" level="INFO">xpath criteria: //android.widget.Button[@resource-id="com.example.myapplication:id/login"]</msg>
<arg>locator=//android.widget.Button[@resource-id="com.example.myapplication:id/login"]</arg>
<doc>Click element identified by `locator`.</doc>
<status status="PASS" start="2024-02-13T19:26:24.113508" elapsed="1.223846"/>
</kw>
<status status="PASS" start="2024-02-13T19:26:24.113508" elapsed="1.224842"/>
</kw>
<kw name="Input Username" owner="login-page">
<kw name="Wait Until Element Is Visible" owner="AppiumLibrary">
<msg time="2024-02-13T19:26:26.667003" level="INFO">xpath criteria: //android.widget.EditText[@resource-id="com.example.myapplication:id/username"]
xpath criteria: //android.widget.EditText[@resource-id="com.example.myapplication:id/username"]</msg>
<arg>locator=//android.widget.EditText[@resource-id="com.example.myapplication:id/username"]</arg>
<doc>Waits until element specified with `locator` is visible.</doc>
<status status="PASS" start="2024-02-13T19:26:25.339350" elapsed="1.327653"/>
</kw>
<kw name="Input Text" owner="AppiumLibrary">
<msg time="2024-02-13T19:26:26.669994" level="INFO">Typing text 'support@ngendigital.com' into text field '//android.widget.EditText[@resource-id="com.example.myapplication:id/username"]'</msg>
<msg time="2024-02-13T19:26:26.812292" level="INFO">xpath criteria: //android.widget.EditText[@resource-id="com.example.myapplication:id/username"]</msg>
<arg>locator=//android.widget.EditText[@resource-id="com.example.myapplication:id/username"]</arg>
<arg>text=support@ngendigital.com</arg>
<doc>Types the given `text` into text field identified by `locator`.</doc>
<status status="PASS" start="2024-02-13T19:26:26.668000" elapsed="0.144292"/>
</kw>
<status status="PASS" start="2024-02-13T19:26:25.338350" elapsed="1.473942"/>
</kw>
<kw name="Input Password" owner="login-page">
<kw name="Wait Until Element Is Visible" owner="AppiumLibrary">
<msg time="2024-02-13T19:26:27.434419" level="INFO">xpath criteria: //android.widget.EditText[@resource-id="com.example.myapplication:id/password"]</msg>
<arg>locator=//android.widget.EditText[@resource-id="com.example.myapplication:id/password"]</arg>
<doc>Waits until element specified with `locator` is visible.</doc>
<status status="PASS" start="2024-02-13T19:26:26.813290" elapsed="0.621129"/>
</kw>
<kw name="Input Text" owner="AppiumLibrary">
<msg time="2024-02-13T19:26:27.437376" level="INFO">Typing text 'abc123' into text field '//android.widget.EditText[@resource-id="com.example.myapplication:id/password"]'</msg>
<msg time="2024-02-13T19:26:27.566379" level="INFO">xpath criteria: //android.widget.EditText[@resource-id="com.example.myapplication:id/password"]</msg>
<arg>locator=//android.widget.EditText[@resource-id="com.example.myapplication:id/password"]</arg>
<arg>text=abc123</arg>
<doc>Types the given `text` into text field identified by `locator`.</doc>
<status status="PASS" start="2024-02-13T19:26:27.434419" elapsed="0.131960"/>
</kw>
<status status="PASS" start="2024-02-13T19:26:26.812292" elapsed="0.754087"/>
</kw>
<kw name="Click Sign In Button On Login Page" owner="login-page">
<kw name="Click Element" owner="AppiumLibrary">
<msg time="2024-02-13T19:26:27.568342" level="INFO">Clicking element '//android.widget.Button[@resource-id="com.example.myapplication:id/signIn"]'.</msg>
<msg time="2024-02-13T19:26:28.259218" level="INFO">xpath criteria: //android.widget.Button[@resource-id="com.example.myapplication:id/signIn"]</msg>
<arg>locator=//android.widget.Button[@resource-id="com.example.myapplication:id/signIn"]</arg>
<doc>Click element identified by `locator`.</doc>
<status status="PASS" start="2024-02-13T19:26:27.566379" elapsed="0.693836"/>
</kw>
<status status="PASS" start="2024-02-13T19:26:27.566379" elapsed="0.693836"/>
</kw>
<kw name="Verify User Is Success Logged In" owner="login-page">
<kw name="Wait Until Page Does Not Contain" owner="AppiumLibrary">
<arg>text=Invalid username/password</arg>
<doc>Waits until `text` disappears from current page.</doc>
<status status="PASS" start="2024-02-13T19:26:28.261219" elapsed="1.268278"/>
</kw>
<status status="PASS" start="2024-02-13T19:26:28.260215" elapsed="1.270690"/>
</kw>
<kw name="After Successfully Login" owner="login-page">
<kw name="Wait Until Element Is Visible" owner="AppiumLibrary">
<msg time="2024-02-13T19:26:29.753748" level="INFO">xpath criteria: //android.widget.TextView[@resource-id="com.example.myapplication:id/textView"]</msg>
<arg>locator=//android.widget.TextView[@resource-id="com.example.myapplication:id/textView"]</arg>
<doc>Waits until element specified with `locator` is visible.</doc>
<status status="PASS" start="2024-02-13T19:26:29.533421" elapsed="0.220327"/>
</kw>
<status status="PASS" start="2024-02-13T19:26:29.532425" elapsed="0.221323"/>
</kw>
<kw name="Click Book Button On Home Page" owner="home-page">
<kw name="Click Element" owner="AppiumLibrary">
<msg time="2024-02-13T19:26:29.764676" level="INFO">Clicking element '//android.widget.Button[@resource-id="com.example.myapplication:id/book"]'.</msg>
<msg time="2024-02-13T19:26:29.997203" level="INFO">xpath criteria: //android.widget.Button[@resource-id="com.example.myapplication:id/book"]</msg>
<arg>locator=//android.widget.Button[@resource-id="com.example.myapplication:id/book"]</arg>
<doc>Click element identified by `locator`.</doc>
<status status="PASS" start="2024-02-13T19:26:29.757694" elapsed="0.239509"/>
</kw>
<status status="PASS" start="2024-02-13T19:26:29.755699" elapsed="0.242053"/>
</kw>
<kw name="Click Oneway Button On Book Page" owner="book-page">
<kw name="Wait Until Page Contains" owner="AppiumLibrary">
<arg>text=ONE WAY</arg>
[...]
<arg>locator=${price_flight}</arg>
<doc>Waits until element specified with `locator` is visible.</doc>
<status status="PASS" start="2024-02-13T19:26:31.972458" elapsed="1.469230"/>
</kw>
<kw name="Click Element" owner="AppiumLibrary">
<msg time="2024-02-13T19:26:33.444679" level="INFO">Clicking element '//android.widget.Button[@resource-id="com.example.myapplication:id/price1"]'.</msg>
<msg time="2024-02-13T19:26:34.302040" level="INFO">xpath criteria: //android.widget.Button[@resource-id="com.example.myapplication:id/price1"]</msg>
<arg>locator=${price_flight}</arg>
<doc>Click element identified by `locator`.</doc>
<status status="PASS" start="2024-02-13T19:26:33.441688" elapsed="0.860352"/>
</kw>
<status status="PASS" start="2024-02-13T19:26:31.972458" elapsed="2.329582"/>
</kw>
<kw name="Click Button Confirm" owner="book-page">
<kw name="Wait Until Element Is Visible" owner="AppiumLibrary">
<msg time="2024-02-13T19:26:34.531299" level="INFO">xpath criteria: //android.widget.Button[@resource-id="com.example.myapplication:id/confirm_order"]</msg>
<arg>locator=${confirm_btn}</arg>
<doc>Waits until element specified with `locator` is visible.</doc>
<status status="PASS" start="2024-02-13T19:26:34.304034" elapsed="0.227265"/>
</kw>
<kw name="Click Element" owner="AppiumLibrary">
<msg time="2024-02-13T19:26:34.537326" level="INFO">Clicking element '//android.widget.Button[@resource-id="com.example.myapplication:id/confirm_order"]'.</msg>
<msg time="2024-02-13T19:26:34.823766" level="INFO">xpath criteria: //android.widget.Button[@resource-id="com.example.myapplication:id/confirm_order"]</msg>
<arg>locator=${confirm_btn}</arg>
<doc>Click element identified by `locator`.</doc>
<status status="PASS" start="2024-02-13T19:26:34.532288" elapsed="0.291478"/>
</kw>
<status status="PASS" start="2024-02-13T19:26:34.303037" elapsed="0.520729"/>
</kw>
<kw name="Close Flight Application" owner="base">
<kw name="Close Application" owner="AppiumLibrary">
<doc>Closes the current application and also close webdriver session.</doc>
<status status="PASS" start="2024-02-13T19:26:34.824763" elapsed="0.335098"/>
</kw>
<status status="PASS" start="2024-02-13T19:26:34.824763" elapsed="0.336097"/>
</kw>
<status status="PASS" start="2024-02-13T19:26:13.983959" elapsed="21.176901"/>
</test>
<test id="s1-t6" name="Booking Flight - Not Select Price Confirm" line="138">
<kw name="Open Flight Application" owner="base">
<kw name="Open Application" owner="AppiumLibrary">
<arg>remote_url=${REMOTE_URL}</arg>
<arg>platformName=${PLATFORM_NAME}</arg>
<arg>platformVersion=13.0</arg>
<arg>deviceName=emulator-5554</arg>
<arg>appPackage=com.example.myapplication</arg>
<arg>appActivity=com.example.myapplication.MainActivity</arg>
<doc>Opens a new application to given Appium server.
Capabilities of appium server, Android and iOS,
Please check https://github.com/appium/appium/blob/master/docs/en/writing-running-appium/server-args.md
| *Option*            | *Man.* | *Description*     |
| remote_url          | Yes    | Appium server url |
| alias               | no     | alias             |
| strict_ssl          | No     | allows you to send commands to an invalid certificate host like a self-signed one. |</doc>
<status status="PASS" start="2024-02-13T19:26:35.161980" elapsed="9.863441"/>
</kw>
<status status="PASS" start="2024-02-13T19:26:35.161980" elapsed="9.863441"/>
</kw>
<kw name="Click Sign In Button On Home Page" owner="home-page">
<kw name="Click Element" owner="AppiumLibrary">
<msg time="2024-02-13T19:26:45.028414" level="INFO">Clicking element '//android.widget.Button[@resource-id="com.example.myapplication:id/login"]'.</msg>
<msg time="2024-02-13T19:26:46.255117" level="INFO">xpath criteria: //android.widget.Button[@resource-id="com.example.myapplication:id/login"]</msg>
<arg>locator=//android.widget.Button[@resource-id="com.example.myapplication:id/login"]</arg>
<doc>Click element identified by `locator`.</doc>
<status status="PASS" start="2024-02-13T19:26:45.026420" elapsed="1.228697"/>
</kw>
<status status="PASS" start="2024-02-13T19:26:45.025421" elapsed="1.229696"/>
</kw>
<kw name="Input Username" owner="login-page">
<kw name="Wait Until Element Is Visible" owner="AppiumLibrary">
<msg time="2024-02-13T19:26:47.608472" level="INFO">xpath criteria: //android.widget.EditText[@resource-id="com.example.myapplication:id/username"]
xpath criteria: //android.widget.EditText[@resource-id="com.example.myapplication:id/username"]</msg>
<arg>locator=//android.widget.EditText[@resource-id="com.example.myapplication:id/username"]</arg>
<doc>Waits until element specified with `locator` is visible.</doc>
<status status="PASS" start="2024-02-13T19:26:46.257249" elapsed="1.351768"/>
</kw>
<kw name="Input Text" owner="AppiumLibrary">
<msg time="2024-02-13T19:26:47.611026" level="INFO">Typing text 'support@ngendigital.com' into text field '//android.widget.EditText[@resource-id="com.example.myapplication:id/username"]'</msg>
<msg time="2024-02-13T19:26:47.754322" level="INFO">xpath criteria: //android.widget.EditText[@resource-id="com.example.myapplication:id/username"]</msg>
<arg>locator=//android.widget.EditText[@resource-id="com.example.myapplication:id/username"]</arg>
<arg>text=support@ngendigital.com</arg>
<doc>Types the given `text` into text field identified by `locator`.</doc>
<status status="PASS" start="2024-02-13T19:26:47.609017" elapsed="0.145305"/>
</kw>
<status status="PASS" start="2024-02-13T19:26:46.256239" elapsed="1.498083"/>
</kw>
<kw name="Input Password" owner="login-page">
<kw name="Wait Until Element Is Visible" owner="AppiumLibrary">
<msg time="2024-02-13T19:26:48.366458" level="INFO">xpath criteria: //android.widget.EditText[@resource-id="com.example.myapplication:id/password"]</msg>
<arg>locator=//android.widget.EditText[@resource-id="com.example.myapplication:id/password"]</arg>
<doc>Waits until element specified with `locator` is visible.</doc>
<status status="PASS" start="2024-02-13T19:26:47.755357" elapsed="0.611101"/>
</kw>
<kw name="Input Text" owner="AppiumLibrary">
<msg time="2024-02-13T19:26:48.368453" level="INFO">Typing text 'abc123' into text field '//android.widget.EditText[@resource-id="com.example.myapplication:id/password"]'</msg>
<msg time="2024-02-13T19:26:48.503748" level="INFO">xpath criteria: //android.widget.EditText[@resource-id="com.example.myapplication:id/password"]</msg>
<arg>locator=//android.widget.EditText[@resource-id="com.example.myapplication:id/password"]</arg>
<arg>text=abc123</arg>
<doc>Types the given `text` into text field identified by `locator`.</doc>
<status status="PASS" start="2024-02-13T19:26:48.366458" elapsed="0.137290"/>
</kw>
<status status="PASS" start="2024-02-13T19:26:47.754322" elapsed="0.749426"/>
</kw>
<kw name="Click Sign In Button On Login Page" owner="login-page">
<kw name="Click Element" owner="AppiumLibrary">
<msg time="2024-02-13T19:26:48.505592" level="INFO">Clicking element '//android.widget.Button[@resource-id="com.example.myapplication:id/signIn"]'.</msg>
<msg time="2024-02-13T19:26:49.190765" level="INFO">xpath criteria: //android.widget.Button[@resource-id="com.example.myapplication:id/signIn"]</msg>
<arg>locator=//android.widget.Button[@resource-id="com.example.myapplication:id/signIn"]</arg>
<doc>Click element identified by `locator`.</doc>
<status status="PASS" start="2024-02-13T19:26:48.503748" elapsed="0.687017"/>
</kw>
<status status="PASS" start="2024-02-13T19:26:48.503748" elapsed="0.687017"/>
</kw>
<kw name="Verify User Is Success Logged In" owner="login-page">
<kw name="Wait Until Page Does Not Contain" owner="AppiumLibrary">
<arg>text=Invalid username/password</arg>
<doc>Waits until `text` disappears from current page.</doc>
<status status="PASS" start="2024-02-13T19:26:49.191727" elapsed="0.187742"/>
</kw>
<status status="PASS" start="2024-02-13T19:26:49.191727" elapsed="0.187742"/>
</kw>
<kw name="After Successfully Login" owner="login-page">
<kw name="Wait Until Element Is Visible" owner="AppiumLibrary">
<msg time="2024-02-13T19:26:50.484817" level="INFO">xpath criteria: //android.widget.TextView[@resource-id="com.example.myapplication:id/textView"]</msg>
<arg>locator=//android.widget.TextView[@resource-id="com.example.myapplication:id/textView"]</arg>
<doc>Waits until element specified with `locator` is visible.</doc>
<status status="PASS" start="2024-02-13T19:26:49.380501" elapsed="1.104316"/>
</kw>
<status status="PASS" start="2024-02-13T19:26:49.379469" elapsed="1.105348"/>
</kw>
<kw name="Click Book Button On Home Page" owner="home-page">
<kw name="Click Element" owner="AppiumLibrary">
<msg time="2024-02-13T19:26:50.489763" level="INFO">Clicking element '//android.widget.Button[@resource-id="com.example.myapplication:id/book"]'.</msg>
<msg time="2024-02-13T19:26:50.683000" level="INFO">xpath criteria: //android.widget.Button[@resource-id="com.example.myapplication:id/book"]</msg>
<arg>locator=//android.widget.Button[@resource-id="com.example.myapplication:id/book"]</arg>
<doc>Click element identified by `locator`.</doc>
<status status="PASS" start="2024-02-13T19:26:50.486771" elapsed="0.196229"/>
</kw>
<status status="PASS" start="2024-02-13T19:26:50.485777" elapsed="0.198510"/>
</kw>
<kw name="Click Oneway Button On Book Page" owner="book-page">
<kw name="Wait Until Page Contains" owner="AppiumLibrary">
<arg>text=ONE WAY</arg>
<doc>Waits until `text` appears on current page.</doc>
<status status="PASS" start="2024-02-13T19:26:50.684287" elapsed="1.535645"/>
</kw>
<status status="PASS" start="2024-02-13T19:26:50.684287" elapsed="1.535645"/>
</kw>
<kw name="Click Start Date On Book Page" owner="book-page">
<kw name="Wait Until Element Is Visible" owner="AppiumLibrary">
<msg time="2024-02-13T19:26:52.436808" level="INFO">xpath criteria: //android.widget.TextView[@resource-id="com.example.myapplication:id/textStartDate"]</msg>
<arg>locator=${spinner_startdate}</arg>
<doc>Waits until element specified with `locator` is visible.</doc>
<status status="PASS" start="2024-02-13T19:26:52.222324" elapsed="0.214484"/>
</kw>
<kw name="Click Element" owner="AppiumLibrary">
<msg time="2024-02-13T19:26:52.438805" level="INFO">Clicking element '//android.widget.TextView[@resource-id="com.example.myapplication:id/textStartDate"]'.</msg>
<msg time="2024-02-13T19:26:52.675035" level="INFO">xpath criteria: //android.widget.TextView[@resource-id="com.example.myapplication:id/textStartDate"]</msg>
<arg>locator=${spinner_startdate}</arg>
<doc>Click element identified by `locator`.</doc>
<status status="PASS" start="2024-02-13T19:26:52.436808" elapsed="0.238227"/>
</kw>
<status status="PASS" start="2024-02-13T19:26:52.221816" elapsed="0.453219"/>
</kw>
<kw name="Select Start Date On Calendar" owner="book-page">
<kw name="Wait Until Element Is Visible" owner="AppiumLibrary">
<msg time="2024-02-13T19:26:54.332632" level="INFO">xpath criteria: //android.view.View[@content-desc="01 August 2019" and @index=0]
xpath criteria: //android.view.View[@content-desc="01 August 2019" and @index=0]</msg>
<arg>locator=${start_date}</arg>
<doc>Waits until element specified with `locator` is visible.</doc>
<status status="PASS" start="2024-02-13T19:26:52.675035" elapsed="1.657597"/>
</kw>
<kw name="Get Webelement" owner="AppiumLibrary">
<msg time="2024-02-13T19:26:54.830915" level="INFO">xpath criteria: //android.view.View[@content-desc="01 August 2019" and @index=0]</msg>
<arg>locator=${start_date}</arg>
<doc>Returns the first [http://selenium-python.readthedocs.io/api.html#module-selenium.webdriver.remote.webelement|WebElement] object matching ``locator``.</doc>
<status status="PASS" start="2024-02-13T19:26:54.333627" elapsed="0.497288"/>
</kw>
<status status="PASS" start="2024-02-13T19:26:52.675035" elapsed="2.156876"/>
</kw>
<kw name="Click OK Button On Calendar" owner="book-page">
<kw name="Wait Until Element Is Visible" owner="AppiumLibrary">
<msg time="2024-02-13T19:26:55.231928" level="INFO">xpath criteria: //android.widget.Button[@resource-id="android:id/button1"]</msg>
<arg>locator=${ok_button}</arg>
<doc>Waits until element specified with `locator` is visible.</doc>
<status status="PASS" start="2024-02-13T19:26:54.833645" elapsed="0.399233"/>
</kw>
<kw name="Click Element" owner="AppiumLibrary">
<msg time="2024-02-13T19:26:55.236866" level="INFO">Clicking element '//android.widget.Button[@resource-id="android:id/button1"]'.</msg>
<msg time="2024-02-13T19:26:55.653329" level="INFO">xpath criteria: //android.widget.Button[@resource-id="android:id/button1"]</msg>
<arg>locator=${ok_button}</arg>
<doc>Click element identified by `locator`.</doc>
<status status="PASS" start="2024-02-13T19:26:55.232878" elapsed="0.420451"/>
</kw>
<status status="PASS" start="2024-02-13T19:26:54.832851" elapsed="0.820478"/>
</kw>
<kw name="Click End Date On Book Page" owner="book-page">
<kw name="Wait Until Element Is Visible" owner="AppiumLibrary">
<msg time="2024-02-13T19:26:56.598843" level="INFO">xpath criteria: //android.widget.TextView[@resource-id="com.example.myapplication:id/textEndDate"]</msg>
<arg>locator=${spinner_enddate}</arg>
<doc>Waits until element specified with `locator` is visible.</doc>
<status status="PASS" start="2024-02-13T19:26:55.654323" elapsed="0.944520"/>
</kw>
<kw name="Click Element" owner="AppiumLibrary">
<msg time="2024-02-13T19:26:56.604813" level="INFO">Clicking element '//android.widget.TextView[@resource-id="com.example.myapplication:id/textEndDate"]'.</msg>
<msg time="2024-02-13T19:26:56.872017" level="INFO">xpath criteria: //android.widget.TextView[@resource-id="com.example.myapplication:id/textEndDate"]</msg>
<arg>locator=${spinner_enddate}</arg>
<doc>Click element identified by `locator`.</doc>
<status status="PASS" start="2024-02-13T19:26:56.598843" elapsed="0.273174"/>
</kw>
<status status="PASS" start="2024-02-13T19:26:55.653329" elapsed="1.218688"/>
</kw>
<kw name="Select End Date On Calendar" owner="book-page">
<kw name="Wait Until Element Is Visible" owner="AppiumLibrary">
<msg time="2024-02-13T19:26:58.377614" level="INFO">xpath criteria: //android.view.View[@content-desc="03 August 2019" and @index=2]
xpath criteria: //android.view.View[@content-desc="03 August 2019" and @index=2]</msg>
<arg>locator=${end_date}</arg>
<doc>Waits until element specified with `locator` is visible.</doc>
<status status="PASS" start="2024-02-13T19:26:56.873337" elapsed="1.504277"/>
</kw>
<kw name="Get Webelement" owner="AppiumLibrary">
<msg time="2024-02-13T19:26:58.823520" level="INFO">xpath criteria: //android.view.View[@content-desc="03 August 2019" and @index=2]</msg>
<arg>locator=${end_date}</arg>
<doc>Returns the first [http://selenium-python.readthedocs.io/api.html#module-selenium.webdriver.remote.webelement|WebElement] object matching ``locator``.</doc>
<status status="PASS" start="2024-02-13T19:26:58.378663" elapsed="0.444857"/>
</kw>
<status status="PASS" start="2024-02-13T19:26:56.872017" elapsed="1.952495"/>
</kw>
<kw name="Click OK Button On Calendar" owner="book-page">
<kw name="Wait Until Element Is Visible" owner="AppiumLibrary">
<msg time="2024-02-13T19:27:00.093954" level="INFO">xpath criteria: //android.widget.Button[@resource-id="android:id/button1"]</msg>
<arg>locator=${ok_button}</arg>
<doc>Waits until element specified with `locator` is visible.</doc>
<status status="PASS" start="2024-02-13T19:26:58.826769" elapsed="1.267185"/>
</kw>
<kw name="Click Element" owner="AppiumLibrary">
<msg time="2024-02-13T19:27:00.096993" level="INFO">Clicking element '//android.widget.Button[@resource-id="android:id/button1"]'.</msg>
<msg time="2024-02-13T19:27:00.537243" level="INFO">xpath criteria: //android.widget.Button[@resource-id="android:id/button1"]</msg>
<arg>locator=${ok_button}</arg>
<doc>Click element identified by `locator`.</doc>
<status status="PASS" start="2024-02-13T19:27:00.093954" elapsed="0.443289"/>
</kw>
<status status="PASS" start="2024-02-13T19:26:58.825469" elapsed="1.711774"/>
</kw>
<kw name="Click Type Booking" owner="book-page">
<kw name="Wait Until Element Is Visible" owner="AppiumLibrary">
<msg time="2024-02-13T19:27:01.128844" level="INFO">xpath criteria: //android.widget.RadioButton[@resource-id="com.example.myapplication:id/radioButtonFlight"]</msg>
<arg>locator=${type_book}</arg>
<doc>Waits until element specified with `locator` is visible.</doc>
<status status="PASS" start="2024-02-13T19:27:00.537243" elapsed="0.591601"/>
</kw>
<kw name="Click Element" owner="AppiumLibrary">
<msg time="2024-02-13T19:27:01.134779" level="INFO">Clicking element '//android.widget.RadioButton[@resource-id="com.example.myapplication:id/radioButtonFlight"]'.</msg>
<msg time="2024-02-13T19:27:01.390905" level="INFO">xpath criteria: //android.widget.RadioButton[@resource-id="com.example.myapplication:id/radioButtonFlight"]</msg>
<arg>locator=${type_book}</arg>
<doc>Click element identified by `locator`.</doc>
<status status="PASS" start="2024-02-13T19:27:01.129828" elapsed="0.261077"/>
</kw>
<status status="PASS" start="2024-02-13T19:27:00.537243" elapsed="0.853662"/>
</kw>
<kw name="Click Button Booking" owner="book-page">
<kw name="Wait Until Element Is Visible" owner="AppiumLibrary">
<msg time="2024-02-13T19:27:02.003152" level="INFO">xpath criteria: //android.widget.Button[@resource-id="com.example.myapplication:id/book_flight"]</msg>
<arg>locator=${book_btn}</arg>
<doc>Waits until element specified with `locator` is visible.</doc>
<status status="PASS" start="2024-02-13T19:27:01.392279" elapsed="0.610873"/>
</kw>
<kw name="Click Element" owner="AppiumLibrary">
<msg time="2024-02-13T19:27:02.005146" level="INFO">Clicking element '//android.widget.Button[@resource-id="com.example.myapplication:id/book_flight"]'.</msg>
<msg time="2024-02-13T19:27:02.662846" level="INFO">xpath criteria: //android.widget.Button[@resource-id="com.example.myapplication:id/book_flight"]</msg>
<arg>locator=${book_btn}</arg>
<doc>Click element identified by `locator`.</doc>
<status status="PASS" start="2024-02-13T19:27:02.004191" elapsed="0.658655"/>
</kw>
<status status="PASS" start="2024-02-13T19:27:01.390905" elapsed="1.271941"/>
</kw>
<kw name="Click Button Confirm" owner="book-page">
<kw name="Wait Until Element Is Visible" owner="AppiumLibrary">
<msg time="2024-02-13T19:27:04.086059" level="INFO">xpath criteria: //android.widget.Button[@resource-id="com.example.myapplication:id/confirm_order"]</msg>
<arg>locator=${confirm_btn}</arg>
<doc>Waits until element specified with `locator` is visible.</doc>
<status status="PASS" start="2024-02-13T19:27:02.665889" elapsed="1.420170"/>
</kw>
<kw name="Click Element" owner="AppiumLibrary">
<msg time="2024-02-13T19:27:04.091181" level="INFO">Clicking element '//android.widget.Button[@resource-id="com.example.myapplication:id/confirm_order"]'.</msg>
<msg time="2024-02-13T19:27:04.341141" level="INFO">xpath criteria: //android.widget.Button[@resource-id="com.example.myapplication:id/confirm_order"]</msg>
<arg>locator=${confirm_btn}</arg>
<doc>Click element identified by `locator`.</doc>
<status status="PASS" start="2024-02-13T19:27:04.087018" elapsed="0.254123"/>
</kw>
<status status="PASS" start="2024-02-13T19:27:02.664874" elapsed="1.676267"/>
</kw>
<kw name="Close Flight Application" owner="base">
<kw name="Close Application" owner="AppiumLibrary">
<doc>Closes the current application and also close webdriver session.</doc>
<status status="PASS" start="2024-02-13T19:27:04.342630" elapsed="0.393841"/>
</kw>
<status status="PASS" start="2024-02-13T19:27:04.342630" elapsed="0.394840"/>
</kw>
<status status="PASS" start="2024-02-13T19:26:35.161980" elapsed="29.575490"/>
</test>
<status status="PASS" start="2024-02-13T19:24:16.357938" elapsed="168.380545"/>
</suite>
<statistics>
<total>
<stat pass="6" fail="0" skip="0">All Tests</stat>
</total>
<tag>
</tag>
<suite>
<stat pass="6" fail="0" skip="0" id="s1" name="Book-Suite">Book-Suite</stat>
</suite>
</statistics>
<errors>
</errors>
</robot>
