<?xml version="1.0" encoding="UTF-8"?>
<robot generator="Robot 7.0 (Python 3.12.2 on win32)" generated="2024-02-13T18:45:19.284369" rpa="false" schemaversion="5">
<suite id="s1" name="Book-Suite" source="D:\Sanbercode\Sanber53-RobotFramework-Kelompok-1\suites\book-suite.robot">
<test id="s1-t1" name="Booking Flight - Success Book" line="7">
<kw name="Open Flight Application" owner="base">
<kw name="Open Application" owner="AppiumLibrary">
<arg>remote_url=${REMOTE_URL}</arg>
<arg>platformName=${PLATFORM_NAME}</arg>
<arg>platformVersion=13.0</arg>
<arg>deviceName=emulator-5554</arg>
<arg>appPackage=com.example.myapplication</arg>
<arg>appActivity=com.example.myapplication.MainActivity</arg>
<doc>Opens a new application to given Appium server.
Capabilities of appium server, Android and iOS,
Please check https://github.com/appium/appium/blob/master/docs/en/writing-running-appium/server-args.md
| *Option*            | *Man.* | *Description*     |
| remote_url          | Yes    | Appium server url |
| alias               | no     | alias             |
| strict_ssl          | No     | allows you to send commands to an invalid certificate host like a self-signed one. |</doc>
<status status="PASS" start="2024-02-13T18:45:19.491155" elapsed="10.672381"/>
</kw>
<status status="PASS" start="2024-02-13T18:45:19.489727" elapsed="10.674808"/>
</kw>
<kw name="Click Sign In Button On Home Page" owner="home-page">
<kw name="Click Element" owner="AppiumLibrary">
<msg time="2024-02-13T18:45:30.169167" level="INFO">Clicking element '//android.widget.Button[@resource-id="com.example.myapplication:id/login"]'.</msg>
<msg time="2024-02-13T18:45:31.715239" level="INFO">xpath criteria: //android.widget.Button[@resource-id="com.example.myapplication:id/login"]</msg>
<arg>locator=//android.widget.Button[@resource-id="com.example.myapplication:id/login"]</arg>
<doc>Click element identified by `locator`.</doc>
<status status="PASS" start="2024-02-13T18:45:30.166689" elapsed="1.548550"/>
</kw>
<status status="PASS" start="2024-02-13T18:45:30.166689" elapsed="1.548550"/>
</kw>
<kw name="Input Username" owner="login-page">
<kw name="Wait Until Element Is Visible" owner="AppiumLibrary">
<msg time="2024-02-13T18:45:33.086726" level="INFO">xpath criteria: //android.widget.EditText[@resource-id="com.example.myapplication:id/username"]</msg>
<arg>locator=//android.widget.EditText[@resource-id="com.example.myapplication:id/username"]</arg>
<doc>Waits until element specified with `locator` is visible.</doc>
<status status="PASS" start="2024-02-13T18:45:31.716589" elapsed="1.370137"/>
</kw>
<kw name="Input Text" owner="AppiumLibrary">
<msg time="2024-02-13T18:45:33.087732" level="INFO">Typing text 'support@ngendigital.com' into text field '//android.widget.EditText[@resource-id="com.example.myapplication:id/username"]'</msg>
<msg time="2024-02-13T18:45:33.227983" level="INFO">xpath criteria: //android.widget.EditText[@resource-id="com.example.myapplication:id/username"]</msg>
<arg>locator=//android.widget.EditText[@resource-id="com.example.myapplication:id/username"]</arg>
<arg>text=support@ngendigital.com</arg>
<doc>Types the given `text` into text field identified by `locator`.</doc>
<status status="PASS" start="2024-02-13T18:45:33.086726" elapsed="0.141257"/>
</kw>
<status status="PASS" start="2024-02-13T18:45:31.716589" elapsed="1.512394"/>
</kw>
<kw name="Input Password" owner="login-page">
<kw name="Wait Until Element Is Visible" owner="AppiumLibrary">
<msg time="2024-02-13T18:45:33.861317" level="INFO">xpath criteria: //android.widget.EditText[@resource-id="com.example.myapplication:id/password"]</msg>
<arg>locator=//android.widget.EditText[@resource-id="com.example.myapplication:id/password"]</arg>
<doc>Waits until element specified with `locator` is visible.</doc>
<status status="PASS" start="2024-02-13T18:45:33.229977" elapsed="0.631340"/>
</kw>
<kw name="Input Text" owner="AppiumLibrary">
<msg time="2024-02-13T18:45:33.863322" level="INFO">Typing text 'abc123' into text field '//android.widget.EditText[@resource-id="com.example.myapplication:id/password"]'</msg>
<msg time="2024-02-13T18:45:34.035965" level="INFO">xpath criteria: //android.widget.EditText[@resource-id="com.example.myapplication:id/password"]</msg>
<arg>locator=//android.widget.EditText[@resource-id="com.example.myapplication:id/password"]</arg>
<arg>text=abc123</arg>
<doc>Types the given `text` into text field identified by `locator`.</doc>
<status status="PASS" start="2024-02-13T18:45:33.861317" elapsed="0.175646"/>
</kw>
<status status="PASS" start="2024-02-13T18:45:33.228983" elapsed="0.807980"/>
</kw>
<kw name="Click Sign In Button On Login Page" owner="login-page">
<kw name="Click Element" owner="AppiumLibrary">
<msg time="2024-02-13T18:45:34.038720" level="INFO">Clicking element '//android.widget.Button[@resource-id="com.example.myapplication:id/signIn"]'.</msg>
<msg time="2024-02-13T18:45:34.747532" level="INFO">xpath criteria: //android.widget.Button[@resource-id="com.example.myapplication:id/signIn"]</msg>
<arg>locator=//android.widget.Button[@resource-id="com.example.myapplication:id/signIn"]</arg>
<doc>Click element identified by `locator`.</doc>
<status status="PASS" start="2024-02-13T18:45:34.036963" elapsed="0.710569"/>
</kw>
<status status="PASS" start="2024-02-13T18:45:34.036963" elapsed="0.710569"/>
</kw>
<kw name="Verify User Is Success Logged In" owner="login-page">
<kw name="Wait Until Page Does Not Contain" owner="AppiumLibrary">
<arg>text=Invalid username/password</arg>
<doc>Waits until `text` disappears from current page.</doc>
<status status="PASS" start="2024-02-13T18:45:34.748727" elapsed="0.091133"/>
</kw>
<status status="PASS" start="2024-02-13T18:45:34.748727" elapsed="0.091133"/>
</kw>
<kw name="After Successfully Login" owner="login-page">
<kw name="Wait Until Element Is Visible" owner="AppiumLibrary">
<msg time="2024-02-13T18:45:36.125528" level="INFO">xpath criteria: //android.widget.TextView[@resource-id="com.example.myapplication:id/textView"]</msg>
<arg>locator=//android.widget.TextView[@resource-id="com.example.myapplication:id/textView"]</arg>
<doc>Waits until element specified with `locator` is visible.</doc>
<status status="PASS" start="2024-02-13T18:45:34.841252" elapsed="1.284276"/>
</kw>
<status status="PASS" start="2024-02-13T18:45:34.839860" elapsed="1.285668"/>
</kw>
<kw name="Click Book Button On Home Page" owner="home-page">
<kw name="Click Element" owner="AppiumLibrary">
<msg time="2024-02-13T18:45:36.129080" level="INFO">Clicking element '//android.widget.Button[@resource-id="com.example.myapplication:id/book"]'.</msg>
<msg time="2024-02-13T18:45:37.681496" level="INFO">xpath criteria: //android.widget.Button[@resource-id="com.example.myapplication:id/book"]</msg>
<arg>locator=//android.widget.Button[@resource-id="com.example.myapplication:id/book"]</arg>
<doc>Click element identified by `locator`.</doc>
<status status="PASS" start="2024-02-13T18:45:36.126534" elapsed="1.554962"/>
</kw>
<status status="PASS" start="2024-02-13T18:45:36.126534" elapsed="1.554962"/>
</kw>
<kw name="Click Oneway Button On Book Page" owner="book-page">
<kw name="Wait Until Page Contains" owner="AppiumLibrary">
<arg>text=ONE WAY</arg>
<doc>Waits until `text` appears on current page.</doc>
<status status="PASS" start="2024-02-13T18:45:37.682680" elapsed="0.204358"/>
</kw>
<status status="PASS" start="2024-02-13T18:45:37.682680" elapsed="0.204358"/>
</kw>
<kw name="Select Departure Button On Book Page" owner="book-page">
<kw name="Click Element" owner="AppiumLibrary">
<msg time="2024-02-13T18:45:37.889385" level="INFO">Clicking element '//android.widget.Spinner[@resource-id="com.example.myapplication:id/spinnerFrom"]'.</msg>
<msg time="2024-02-13T18:45:38.159408" level="INFO">xpath criteria: //android.widget.Spinner[@resource-id="com.example.myapplication:id/spinnerFrom"]</msg>
<arg>locator=${spinner_form}</arg>
<doc>Click element identified by `locator`.</doc>
<status status="PASS" start="2024-02-13T18:45:37.887038" elapsed="0.272370"/>
</kw>
<status status="PASS" start="2024-02-13T18:45:37.887038" elapsed="0.272370"/>
</kw>
<kw name="Click Departure" owner="book-page">
<kw name="Wait Until Element Is Visible" owner="AppiumLibrary">
<msg time="2024-02-13T18:45:39.236182" level="INFO">xpath criteria: //android.widget.TextView[@resource-id="android:id/text1" and @index=1]
xpath criteria: //android.widget.TextView[@resource-id="android:id/text1" and @index=1]</msg>
<arg>locator=${depature}</arg>
<doc>Waits until element specified with `locator` is visible.</doc>
<status status="PASS" start="2024-02-13T18:45:38.160406" elapsed="1.076317"/>
</kw>
<kw name="Click Element" owner="AppiumLibrary">
<msg time="2024-02-13T18:45:39.238757" level="INFO">Clicking element '//android.widget.TextView[@resource-id="android:id/text1" and @index=1]'.</msg>
<msg time="2024-02-13T18:45:40.087632" level="INFO">xpath criteria: //android.widget.TextView[@resource-id="android:id/text1" and @index=1]</msg>
<arg>locator=${depature}</arg>
<doc>Click element identified by `locator`.</doc>
<status status="PASS" start="2024-02-13T18:45:39.236723" elapsed="0.850909"/>
</kw>
<status status="PASS" start="2024-02-13T18:45:38.159408" elapsed="1.928224"/>
</kw>
<kw name="Select Destination Button On Book Page" owner="book-page">
<kw name="Click Element" owner="AppiumLibrary">
<msg time="2024-02-13T18:45:40.095932" level="INFO">Clicking element '//android.widget.Spinner[@resource-id="com.example.myapplication:id/spinnerTo"]'.</msg>
<msg time="2024-02-13T18:45:40.420420" level="INFO">xpath criteria: //android.widget.Spinner[@resource-id="com.example.myapplication:id/spinnerTo"]</msg>
<arg>locator=${spinner_to}</arg>
<doc>Click element identified by `locator`.</doc>
<status status="PASS" start="2024-02-13T18:45:40.090380" elapsed="0.330040"/>
</kw>
<status status="PASS" start="2024-02-13T18:45:40.088888" elapsed="0.331532"/>
</kw>
<kw name="Click Destination" owner="book-page">
<kw name="Wait Until Element Is Visible" owner="AppiumLibrary">
<msg time="2024-02-13T18:45:41.476051" level="INFO">xpath criteria: //android.widget.TextView[@resource-id="android:id/text1" and @index=1]
xpath criteria: //android.widget.TextView[@resource-id="android:id/text1" and @index=1]</msg>
<arg>locator=${destionation}</arg>
<doc>Waits until element specified with `locator` is visible.</doc>
<status status="PASS" start="2024-02-13T18:45:40.420420" elapsed="1.055631"/>
</kw>
<kw name="Click Element" owner="AppiumLibrary">
<msg time="2024-02-13T18:45:41.477048" level="INFO">Clicking element '//android.widget.TextView[@resource-id="android:id/text1" and @index=1]'.</msg>
<msg time="2024-02-13T18:45:42.330780" level="INFO">xpath criteria: //android.widget.TextView[@resource-id="android:id/text1" and @index=1]</msg>
<arg>locator=${destionation}</arg>
<doc>Click element identified by `locator`.</doc>
<status status="PASS" start="2024-02-13T18:45:41.476051" elapsed="0.854729"/>
</kw>
<status status="PASS" start="2024-02-13T18:45:40.420420" elapsed="1.910360"/>
</kw>
<kw name="Select Class Type On Book Page" owner="book-page">
<kw name="Click Element" owner="AppiumLibrary">
<msg time="2024-02-13T18:45:42.337803" level="INFO">Clicking element '//android.widget.Spinner[@resource-id="com.example.myapplication:id/spinnerClass"]'.</msg>
<msg time="2024-02-13T18:45:42.701529" level="INFO">xpath criteria: //android.widget.Spinner[@resource-id="com.example.myapplication:id/spinnerClass"]</msg>
<arg>locator=${spinner_class}</arg>
<doc>Click element identified by `locator`.</doc>
<status status="PASS" start="2024-02-13T18:45:42.332773" elapsed="0.368756"/>
</kw>
<status status="PASS" start="2024-02-13T18:45:42.331777" elapsed="0.369752"/>
</kw>
<kw name="Click Class" owner="book-page">
<kw name="Wait Until Element Is Visible" owner="AppiumLibrary">
<msg time="2024-02-13T18:45:43.764548" level="INFO">xpath criteria: //android.widget.TextView[@resource-id="android:id/text1" and @index=1]
xpath criteria: //android.widget.TextView[@resource-id="android:id/text1" and @index=1]</msg>
<arg>locator=${class}</arg>
<doc>Waits until element specified with `locator` is visible.</doc>
<status status="PASS" start="2024-02-13T18:45:42.701529" elapsed="1.063019"/>
</kw>
<kw name="Click Element" owner="AppiumLibrary">
<msg time="2024-02-13T18:45:43.767548" level="INFO">Clicking element '//android.widget.TextView[@resource-id="android:id/text1" and @index=1]'.</msg>
<msg time="2024-02-13T18:45:44.617129" level="INFO">xpath criteria: //android.widget.TextView[@resource-id="android:id/text1" and @index=1]</msg>
<arg>locator=${class}</arg>
<doc>Click element identified by `locator`.</doc>
<status status="PASS" start="2024-02-13T18:45:43.764548" elapsed="0.852581"/>
</kw>
<status status="PASS" start="2024-02-13T18:45:42.701529" elapsed="1.915600"/>
</kw>
<kw name="Click Start Date On Book Page" owner="book-page">
<kw name="Click Element" owner="AppiumLibrary">
<msg time="2024-02-13T18:45:44.626459" level="INFO">Clicking element '//android.widget.TextView[@resource-id="com.example.myapplication:id/textStartDate"]'.</msg>
<msg time="2024-02-13T18:45:44.981278" level="INFO">xpath criteria: //android.widget.TextView[@resource-id="com.example.myapplication:id/textStartDate"]</msg>
<arg>locator=${spinner_startdate}</arg>
<doc>Click element identified by `locator`.</doc>
<status status="PASS" start="2024-02-13T18:45:44.619459" elapsed="0.361819"/>
</kw>
<status status="PASS" start="2024-02-13T18:45:44.618343" elapsed="0.362935"/>
</kw>
<kw name="Select Start Date On Calendar" owner="book-page">
<kw name="Wait Until Element Is Visible" owner="AppiumLibrary">
<msg time="2024-02-13T18:45:46.745413" level="INFO">xpath criteria: //android.view.View[@content-desc="01 August 2019" and @index=0]
xpath criteria: //android.view.View[@content-desc="01 August 2019" and @index=0]</msg>
<arg>locator=${start_date}</arg>
<doc>Waits until element specified with `locator` is visible.</doc>
<status status="PASS" start="2024-02-13T18:45:44.982550" elapsed="1.763848"/>
</kw>
<kw name="Get Webelement" owner="AppiumLibrary">
<msg time="2024-02-13T18:45:47.348605" level="INFO">xpath criteria: //android.view.View[@content-desc="01 August 2019" and @index=0]</msg>
<arg>locator=${start_date}</arg>
<doc>Returns the first [http://selenium-python.readthedocs.io/api.html#module-selenium.webdriver.remote.webelement|WebElement] object matching ``locator``.</doc>
<status status="PASS" start="2024-02-13T18:45:46.746398" elapsed="0.603205"/>
</kw>
<status status="PASS" start="2024-02-13T18:45:44.981278" elapsed="2.368325"/>
</kw>
<kw name="Click OK Button On Calendar" owner="book-page">
<kw name="Click Element" owner="AppiumLibrary">
<msg time="2024-02-13T18:45:47.356735" level="INFO">Clicking element '//android.widget.Button[@resource-id="android:id/button1"]'.</msg>
<msg time="2024-02-13T18:45:47.949091" level="INFO">xpath criteria: //android.widget.Button[@resource-id="android:id/button1"]</msg>
<arg>locator=${ok_button}</arg>
<doc>Click element identified by `locator`.</doc>
<status status="PASS" start="2024-02-13T18:45:47.351549" elapsed="0.597542"/>
</kw>
<status status="PASS" start="2024-02-13T18:45:47.350548" elapsed="0.598543"/>
</kw>
<kw name="Click End Date On Book Page" owner="book-page">
<kw name="Click Element" owner="AppiumLibrary">
<msg time="2024-02-13T18:45:47.950138" level="INFO">Clicking element '//android.widget.TextView[@resource-id="com.example.myapplication:id/textEndDate"]'.</msg>
<msg time="2024-02-13T18:45:48.614546" level="INFO">xpath criteria: //android.widget.TextView[@resource-id="com.example.myapplication:id/textEndDate"]</msg>
<arg>locator=${spinner_enddate}</arg>
<doc>Click element identified by `locator`.</doc>
<status status="PASS" start="2024-02-13T18:45:47.949091" elapsed="0.665455"/>
</kw>
<status status="PASS" start="2024-02-13T18:45:47.949091" elapsed="0.665455"/>
</kw>
<kw name="Select End Date On Calendar" owner="book-page">
<kw name="Wait Until Element Is Visible" owner="AppiumLibrary">
<msg time="2024-02-13T18:45:50.193391" level="INFO">xpath criteria: //android.view.View[@content-desc="03 August 2019" and @index=2]
xpath criteria: //android.view.View[@content-desc="03 August 2019" and @index=2]</msg>
<arg>locator=${end_date}</arg>
<doc>Waits until element specified with `locator` is visible.</doc>
<status status="PASS" start="2024-02-13T18:45:48.616582" elapsed="1.576809"/>
</kw>
<kw name="Get Webelement" owner="AppiumLibrary">
<msg time="2024-02-13T18:45:50.794495" level="INFO">xpath criteria: //android.view.View[@content-desc="03 August 2019" and @index=2]</msg>
<arg>locator=${end_date}</arg>
<doc>Returns the first [http://selenium-python.readthedocs.io/api.html#module-selenium.webdriver.remote.webelement|WebElement] object matching ``locator``.</doc>
<status status="PASS" start="2024-02-13T18:45:50.193391" elapsed="0.601104"/>
</kw>
<status status="PASS" start="2024-02-13T18:45:48.615584" elapsed="2.178911"/>
</kw>
<kw name="Click OK Button On Calendar" owner="book-page">
<kw name="Click Element" owner="AppiumLibrary">
<msg time="2024-02-13T18:45:50.796491" level="INFO">Clicking element '//android.widget.Button[@resource-id="android:id/button1"]'.</msg>
<msg time="2024-02-13T18:45:51.381895" level="INFO">xpath criteria: //android.widget.Button[@resource-id="android:id/button1"]</msg>
<arg>locator=${ok_button}</arg>
<doc>Click element identified by `locator`.</doc>
<status status="PASS" start="2024-02-13T18:45:50.795494" elapsed="0.586401"/>
</kw>
<status status="PASS" start="2024-02-13T18:45:50.794495" elapsed="0.587400"/>
</kw>
<kw name="Click Type Booking" owner="book-page">
<kw name="Click Element" owner="AppiumLibrary">
<msg time="2024-02-13T18:45:51.383886" level="INFO">Clicking element '//android.widget.RadioButton[@resource-id="com.example.myapplication:id/radioButtonFlight"]'.</msg>
<msg time="2024-02-13T18:45:52.045562" level="INFO">xpath criteria: //android.widget.RadioButton[@resource-id="com.example.myapplication:id/radioButtonFlight"]</msg>
<arg>locator=${type_book}</arg>
<doc>Click element identified by `locator`.</doc>
<status status="PASS" start="2024-02-13T18:45:51.382890" elapsed="0.662672"/>
</kw>
<status status="PASS" start="2024-02-13T18:45:51.382890" elapsed="0.662672"/>
</kw>
<kw name="Click Button Booking" owner="book-page">
<kw name="Click Element" owner="AppiumLibrary">
<msg time="2024-02-13T18:45:52.048557" level="INFO">Clicking element '//android.widget.Button[@resource-id="com.example.myapplication:id/book_flight"]'.</msg>
<msg time="2024-02-13T18:45:53.933017" level="INFO">xpath criteria: //android.widget.Button[@resource-id="com.example.myapplication:id/book_flight"]</msg>
<arg>locator=${book_btn}</arg>
<doc>Click element identified by `locator`.</doc>
<status status="PASS" start="2024-02-13T18:45:52.046561" elapsed="1.887419"/>
</kw>
<status status="PASS" start="2024-02-13T18:45:52.046561" elapsed="1.887419"/>
</kw>
<kw name="Click Price Flight" owner="book-page">
<kw name="Wait Until Element Is Visible" owner="AppiumLibrary">
<msg time="2024-02-13T18:45:54.223076" level="INFO">xpath criteria: //android.widget.Button[@resource-id="com.example.myapplication:id/price1"]</msg>
<arg>locator=${price_flight}</arg>
<doc>Waits until element specified with `locator` is visible.</doc>
<status status="PASS" start="2024-02-13T18:45:53.933980" elapsed="0.289096"/>
</kw>
<kw name="Click Element" owner="AppiumLibrary">
<msg time="2024-02-13T18:45:54.225039" level="INFO">Clicking element '//android.widget.Button[@resource-id="com.example.myapplication:id/price1"]'.</msg>
<msg time="2024-02-13T18:45:55.153685" level="INFO">xpath criteria: //android.widget.Button[@resource-id="com.example.myapplication:id/price1"]</msg>
<arg>locator=${price_flight}</arg>
<doc>Click element identified by `locator`.</doc>
<status status="PASS" start="2024-02-13T18:45:54.223076" elapsed="0.930609"/>
</kw>
<status status="PASS" start="2024-02-13T18:45:53.933980" elapsed="1.219705"/>
</kw>
<kw name="Click Button Confirm" owner="book-page">
<kw name="Click Element" owner="AppiumLibrary">
<msg time="2024-02-13T18:45:55.157418" level="INFO">Clicking element '//android.widget.Button[@resource-id="com.example.myapplication:id/confirm_order"]'.</msg>
<msg time="2024-02-13T18:45:55.556446" level="INFO">xpath criteria: //android.widget.Button[@resource-id="com.example.myapplication:id/confirm_order"]</msg>
<arg>locator=${confirm_btn}</arg>
<doc>Click element identified by `locator`.</doc>
<status status="PASS" start="2024-02-13T18:45:55.155325" elapsed="0.401121"/>
</kw>
<status status="PASS" start="2024-02-13T18:45:55.154820" elapsed="0.401626"/>
</kw>
<status status="PASS" start="2024-02-13T18:45:19.489727" elapsed="36.066719"/>
</test>
<test id="s1-t2" name="Booking Flight - Blank Start Date" line="42">
<kw name="Open Flight Application" owner="base">
<kw name="Open Application" owner="AppiumLibrary">
<arg>remote_url=${REMOTE_URL}</arg>
<arg>platformName=${PLATFORM_NAME}</arg>
<arg>platformVersion=13.0</arg>
<arg>deviceName=emulator-5554</arg>
<arg>appPackage=com.example.myapplication</arg>
<arg>appActivity=com.example.myapplication.MainActivity</arg>
<doc>Opens a new application to given Appium server.
Capabilities of appium server, Android and iOS,
Please check https://github.com/appium/appium/blob/master/docs/en/writing-running-appium/server-args.md
| *Option*            | *Man.* | *Description*     |
| remote_url          | Yes    | Appium server url |
| alias               | no     | alias             |
| strict_ssl          | No     | allows you to send commands to an invalid certificate host like a self-signed one. |</doc>
<status status="PASS" start="2024-02-13T18:45:55.557500" elapsed="11.132050"/>
</kw>
<status status="PASS" start="2024-02-13T18:45:55.557500" elapsed="11.132050"/>
</kw>
<kw name="Click Sign In Button On Home Page" owner="home-page">
<kw name="Click Element" owner="AppiumLibrary">
<msg time="2024-02-13T18:46:06.696155" level="INFO">Clicking element '//android.widget.Button[@resource-id="com.example.myapplication:id/login"]'.</msg>
<msg time="2024-02-13T18:46:07.963608" level="INFO">xpath criteria: //android.widget.Button[@resource-id="com.example.myapplication:id/login"]</msg>
<arg>locator=//android.widget.Button[@resource-id="com.example.myapplication:id/login"]</arg>
<doc>Click element identified by `locator`.</doc>
<status status="PASS" start="2024-02-13T18:46:06.693289" elapsed="1.270319"/>
</kw>
<status status="PASS" start="2024-02-13T18:46:06.692253" elapsed="1.271355"/>
</kw>
<kw name="Input Username" owner="login-page">
<kw name="Wait Until Element Is Visible" owner="AppiumLibrary">
<msg time="2024-02-13T18:46:09.276741" level="INFO">xpath criteria: //android.widget.EditText[@resource-id="com.example.myapplication:id/username"]</msg>
<arg>locator=//android.widget.EditText[@resource-id="com.example.myapplication:id/username"]</arg>
<doc>Waits until element specified with `locator` is visible.</doc>
<status status="PASS" start="2024-02-13T18:46:07.963608" elapsed="1.313639"/>
</kw>
<kw name="Input Text" owner="AppiumLibrary">
<msg time="2024-02-13T18:46:09.278602" level="INFO">Typing text 'support@ngendigital.com' into text field '//android.widget.EditText[@resource-id="com.example.myapplication:id/username"]'</msg>
<msg time="2024-02-13T18:46:09.473081" level="INFO">xpath criteria: //android.widget.EditText[@resource-id="com.example.myapplication:id/username"]</msg>
<arg>locator=//android.widget.EditText[@resource-id="com.example.myapplication:id/username"]</arg>
<arg>text=support@ngendigital.com</arg>
<doc>Types the given `text` into text field identified by `locator`.</doc>
<status status="PASS" start="2024-02-13T18:46:09.277247" elapsed="0.195834"/>
</kw>
<status status="PASS" start="2024-02-13T18:46:07.963608" elapsed="1.509473"/>
</kw>
<kw name="Input Password" owner="login-page">
<kw name="Wait Until Element Is Visible" owner="AppiumLibrary">
<msg time="2024-02-13T18:46:10.105203" level="INFO">xpath criteria: //android.widget.EditText[@resource-id="com.example.myapplication:id/password"]</msg>
<arg>locator=//android.widget.EditText[@resource-id="com.example.myapplication:id/password"]</arg>
<doc>Waits until element specified with `locator` is visible.</doc>
<status status="PASS" start="2024-02-13T18:46:09.473616" elapsed="0.631587"/>
</kw>
<kw name="Input Text" owner="AppiumLibrary">
<msg time="2024-02-13T18:46:10.106202" level="INFO">Typing text 'abc123' into text field '//android.widget.EditText[@resource-id="com.example.myapplication:id/password"]'</msg>
<msg time="2024-02-13T18:46:10.304089" level="INFO">xpath criteria: //android.widget.EditText[@resource-id="com.example.myapplication:id/password"]</msg>
<arg>locator=//android.widget.EditText[@resource-id="com.example.myapplication:id/password"]</arg>
<arg>text=abc123</arg>
<doc>Types the given `text` into text field identified by `locator`.</doc>
<status status="PASS" start="2024-02-13T18:46:10.105203" elapsed="0.198886"/>
</kw>
<status status="PASS" start="2024-02-13T18:46:09.473616" elapsed="0.830473"/>
</kw>
<kw name="Click Sign In Button On Login Page" owner="login-page">
<kw name="Click Element" owner="AppiumLibrary">
<msg time="2024-02-13T18:46:10.307089" level="INFO">Clicking element '//android.widget.Button[@resource-id="com.example.myapplication:id/signIn"]'.</msg>
<msg time="2024-02-13T18:46:11.029082" level="INFO">xpath criteria: //android.widget.Button[@resource-id="com.example.myapplication:id/signIn"]</msg>
<arg>locator=//android.widget.Button[@resource-id="com.example.myapplication:id/signIn"]</arg>
<doc>Click element identified by `locator`.</doc>
<status status="PASS" start="2024-02-13T18:46:10.304593" elapsed="0.724489"/>
</kw>
<status status="PASS" start="2024-02-13T18:46:10.304593" elapsed="0.724489"/>
</kw>
<kw name="Verify User Is Success Logged In" owner="login-page">
<kw name="Wait Until Page Does Not Contain" owner="AppiumLibrary">
<arg>text=Invalid username/password</arg>
<doc>Waits until `text` disappears from current page.</doc>
<status status="PASS" start="2024-02-13T18:46:11.031082" elapsed="0.190497"/>
</kw>
<status status="PASS" start="2024-02-13T18:46:11.030084" elapsed="0.191495"/>
</kw>
<kw name="After Successfully Login" owner="login-page">
<kw name="Wait Until Element Is Visible" owner="AppiumLibrary">
<msg time="2024-02-13T18:46:12.348832" level="INFO">xpath criteria: //android.widget.TextView[@resource-id="com.example.myapplication:id/textView"]</msg>
<arg>locator=//android.widget.TextView[@resource-id="com.example.myapplication:id/textView"]</arg>
<doc>Waits until element specified with `locator` is visible.</doc>
<status status="PASS" start="2024-02-13T18:46:11.222586" elapsed="1.126246"/>
</kw>
<status status="PASS" start="2024-02-13T18:46:11.222586" elapsed="1.126246"/>
</kw>
<kw name="Click Book Button On Home Page" owner="home-page">
<kw name="Click Element" owner="AppiumLibrary">
<msg time="2024-02-13T18:46:12.351579" level="INFO">Clicking element '//android.widget.Button[@resource-id="com.example.myapplication:id/book"]'.</msg>
<msg time="2024-02-13T18:46:12.582053" level="INFO">xpath criteria: //android.widget.Button[@resource-id="com.example.myapplication:id/book"]</msg>
<arg>locator=//android.widget.Button[@resource-id="com.example.myapplication:id/book"]</arg>
<doc>Click element identified by `locator`.</doc>
<status status="PASS" start="2024-02-13T18:46:12.350073" elapsed="0.231980"/>
</kw>
<status status="PASS" start="2024-02-13T18:46:12.348832" elapsed="0.233221"/>
</kw>
<kw name="Click Oneway Button On Book Page" owner="book-page">
<kw name="Wait Until Page Contains" owner="AppiumLibrary">
<arg>text=ONE WAY</arg>
<doc>Waits until `text` appears on current page.</doc>
<status status="PASS" start="2024-02-13T18:46:12.583044" elapsed="1.532719"/>
</kw>
<status status="PASS" start="2024-02-13T18:46:12.583044" elapsed="1.532719"/>
</kw>
<kw name="Select Departure Button On Book Page" owner="book-page">
<kw name="Click Element" owner="AppiumLibrary">
<msg time="2024-02-13T18:46:14.117761" level="INFO">Clicking element '//android.widget.Spinner[@resource-id="com.example.myapplication:id/spinnerFrom"]'.</msg>
<msg time="2024-02-13T18:46:14.403424" level="INFO">xpath criteria: //android.widget.Spinner[@resource-id="com.example.myapplication:id/spinnerFrom"]</msg>
<arg>locator=${spinner_form}</arg>
<doc>Click element identified by `locator`.</doc>
<status status="PASS" start="2024-02-13T18:46:14.116764" elapsed="0.286660"/>
</kw>
<status status="PASS" start="2024-02-13T18:46:14.115763" elapsed="0.287661"/>
</kw>
<kw name="Click Departure" owner="book-page">
<kw name="Wait Until Element Is Visible" owner="AppiumLibrary">
<msg time="2024-02-13T18:46:15.399117" level="INFO">xpath criteria: //android.widget.TextView[@resource-id="android:id/text1" and @index=1]</msg>
<arg>locator=${depature}</arg>
<doc>Waits until element specified with `locator` is visible.</doc>
<status status="PASS" start="2024-02-13T18:46:14.404853" elapsed="0.994264"/>
</kw>
<kw name="Click Element" owner="AppiumLibrary">
<msg time="2024-02-13T18:46:15.403105" level="INFO">Clicking element '//android.widget.TextView[@resource-id="android:id/text1" and @index=1]'.</msg>
<msg time="2024-02-13T18:46:16.242760" level="INFO">xpath criteria: //android.widget.TextView[@resource-id="android:id/text1" and @index=1]</msg>
<arg>locator=${depature}</arg>
<doc>Click element identified by `locator`.</doc>
<status status="PASS" start="2024-02-13T18:46:15.399117" elapsed="0.844640"/>
</kw>
<status status="PASS" start="2024-02-13T18:46:14.404853" elapsed="1.838904"/>
</kw>
<kw name="Select Destination Button On Book Page" owner="book-page">
<kw name="Click Element" owner="AppiumLibrary">
<msg time="2024-02-13T18:46:16.253248" level="INFO">Clicking element '//android.widget.Spinner[@resource-id="com.example.myapplication:id/spinnerTo"]'.</msg>
<msg time="2024-02-13T18:46:16.600094" level="INFO">xpath criteria: //android.widget.Spinner[@resource-id="com.example.myapplication:id/spinnerTo"]</msg>
<arg>locator=${spinner_to}</arg>
<doc>Click element identified by `locator`.</doc>
<status status="PASS" start="2024-02-13T18:46:16.246700" elapsed="0.353394"/>
</kw>
<status status="PASS" start="2024-02-13T18:46:16.244708" elapsed="0.355386"/>
</kw>
<kw name="Click Destination" owner="book-page">
<kw name="Wait Until Element Is Visible" owner="AppiumLibrary">
<msg time="2024-02-13T18:46:17.612797" level="INFO">xpath criteria: //android.widget.TextView[@resource-id="android:id/text1" and @index=1]
xpath criteria: //android.widget.TextView[@resource-id="android:id/text1" and @index=1]</msg>
<arg>locator=${destionation}</arg>
<doc>Waits until element specified with `locator` is visible.</doc>
<status status="PASS" start="2024-02-13T18:46:16.601093" elapsed="1.011704"/>
</kw>
<kw name="Click Element" owner="AppiumLibrary">
<msg time="2024-02-13T18:46:17.613886" level="INFO">Clicking element '//android.widget.TextView[@resource-id="android:id/text1" and @index=1]'.</msg>
<msg time="2024-02-13T18:46:18.441995" level="INFO">xpath criteria: //android.widget.TextView[@resource-id="android:id/text1" and @index=1]</msg>
<arg>locator=${destionation}</arg>
<doc>Click element identified by `locator`.</doc>
<status status="PASS" start="2024-02-13T18:46:17.612797" elapsed="0.830194"/>
</kw>
<status status="PASS" start="2024-02-13T18:46:16.601093" elapsed="1.841898"/>
</kw>
<kw name="Select Class Type On Book Page" owner="book-page">
<kw name="Click Element" owner="AppiumLibrary">
<msg time="2024-02-13T18:46:18.449972" level="INFO">Clicking element '//android.widget.Spinner[@resource-id="com.example.myapplication:id/spinnerClass"]'.</msg>
<msg time="2024-02-13T18:46:18.815060" level="INFO">xpath criteria: //android.widget.Spinner[@resource-id="com.example.myapplication:id/spinnerClass"]</msg>
<arg>locator=${spinner_class}</arg>
<doc>Click element identified by `locator`.</doc>
<status status="PASS" start="2024-02-13T18:46:18.444984" elapsed="0.370076"/>
</kw>
<status status="PASS" start="2024-02-13T18:46:18.443989" elapsed="0.371071"/>
</kw>
<kw name="Click Class" owner="book-page">
<kw name="Wait Until Element Is Visible" owner="AppiumLibrary">
<msg time="2024-02-13T18:46:19.814908" level="INFO">xpath criteria: //android.widget.TextView[@resource-id="android:id/text1" and @index=1]
xpath criteria: //android.widget.TextView[@resource-id="android:id/text1" and @index=1]</msg>
<arg>locator=${class}</arg>
<doc>Waits until element specified with `locator` is visible.</doc>
<status status="PASS" start="2024-02-13T18:46:18.816058" elapsed="0.998850"/>
</kw>
<kw name="Click Element" owner="AppiumLibrary">
<msg time="2024-02-13T18:46:19.819000" level="INFO">Clicking element '//android.widget.TextView[@resource-id="android:id/text1" and @index=1]'.</msg>
<msg time="2024-02-13T18:46:20.654943" level="INFO">xpath criteria: //android.widget.TextView[@resource-id="android:id/text1" and @index=1]</msg>
<arg>locator=${class}</arg>
<doc>Click element identified by `locator`.</doc>
<status status="PASS" start="2024-02-13T18:46:19.815950" elapsed="0.838993"/>
</kw>
<status status="PASS" start="2024-02-13T18:46:18.816058" elapsed="1.838885"/>
</kw>
<kw name="Click End Date On Book Page" owner="book-page">
<kw name="Click Element" owner="AppiumLibrary">
<msg time="2024-02-13T18:46:20.657333" level="INFO">Clicking element '//android.widget.TextView[@resource-id="com.example.myapplication:id/textEndDate"]'.</msg>
<msg time="2024-02-13T18:46:20.959467" level="INFO">xpath criteria: //android.widget.TextView[@resource-id="com.example.myapplication:id/textEndDate"]</msg>
<arg>locator=${spinner_enddate}</arg>
<doc>Click element identified by `locator`.</doc>
<status status="PASS" start="2024-02-13T18:46:20.656199" elapsed="0.303268"/>
</kw>
<status status="PASS" start="2024-02-13T18:46:20.656199" elapsed="0.304268"/>
</kw>
<kw name="Select End Date On Calendar" owner="book-page">
<kw name="Wait Until Element Is Visible" owner="AppiumLibrary">
<msg time="2024-02-13T18:46:22.696315" level="INFO">xpath criteria: //android.view.View[@content-desc="03 August 2019" and @index=2]
xpath criteria: //android.view.View[@content-desc="03 August 2019" and @index=2]</msg>
<arg>locator=${end_date}</arg>
<doc>Waits until element specified with `locator` is visible.</doc>
<status status="PASS" start="2024-02-13T18:46:20.960467" elapsed="1.735848"/>
</kw>
<kw name="Get Webelement" owner="AppiumLibrary">
<msg time="2024-02-13T18:46:23.311523" level="INFO">xpath criteria: //android.view.View[@content-desc="03 August 2019" and @index=2]</msg>
<arg>locator=${end_date}</arg>
<doc>Returns the first [http://selenium-python.readthedocs.io/api.html#module-selenium.webdriver.remote.webelement|WebElement] object matching ``locator``.</doc>
<status status="PASS" start="2024-02-13T18:46:22.696315" elapsed="0.616267"/>
</kw>
<status status="PASS" start="2024-02-13T18:46:20.960467" elapsed="2.352115"/>
</kw>
<kw name="Click OK Button On Calendar" owner="book-page">
<kw name="Click Element" owner="AppiumLibrary">
<msg time="2024-02-13T18:46:23.322568" level="INFO">Clicking element '//android.widget.Button[@resource-id="android:id/button1"]'.</msg>
<msg time="2024-02-13T18:46:23.892543" level="INFO">xpath criteria: //android.widget.Button[@resource-id="android:id/button1"]</msg>
<arg>locator=${ok_button}</arg>
<doc>Click element identified by `locator`.</doc>
<status status="PASS" start="2024-02-13T18:46:23.315587" elapsed="0.577475"/>
</kw>
<status status="PASS" start="2024-02-13T18:46:23.314578" elapsed="0.578484"/>
</kw>
<kw name="Click Type Booking" owner="book-page">
<kw name="Click Element" owner="AppiumLibrary">
<msg time="2024-02-13T18:46:23.895096" level="INFO">Clicking element '//android.widget.RadioButton[@resource-id="com.example.myapplication:id/radioButtonFlight"]'.</msg>
<msg time="2024-02-13T18:46:24.570828" level="INFO">xpath criteria: //android.widget.RadioButton[@resource-id="com.example.myapplication:id/radioButtonFlight"]</msg>
<arg>locator=${type_book}</arg>
<doc>Click element identified by `locator`.</doc>
<status status="PASS" start="2024-02-13T18:46:23.893062" elapsed="0.677766"/>
</kw>
<status status="PASS" start="2024-02-13T18:46:23.893062" elapsed="0.677766"/>
</kw>
<kw name="Click Button Booking" owner="book-page">
<kw name="Click Element" owner="AppiumLibrary">
<msg time="2024-02-13T18:46:24.574854" level="INFO">Clicking element '//android.widget.Button[@resource-id="com.example.myapplication:id/book_flight"]'.</msg>
<msg time="2024-02-13T18:46:25.230462" level="INFO">xpath criteria: //android.widget.Button[@resource-id="com.example.myapplication:id/book_flight"]</msg>
<arg>locator=${book_btn}</arg>
<doc>Click element identified by `locator`.</doc>
<status status="PASS" start="2024-02-13T18:46:24.572820" elapsed="0.657642"/>
</kw>
<status status="PASS" start="2024-02-13T18:46:24.571824" elapsed="0.658638"/>
</kw>
<kw name="Click Price Flight" owner="book-page">
<kw name="Wait Until Element Is Visible" owner="AppiumLibrary">
<msg time="2024-02-13T18:46:26.719070" level="INFO">xpath criteria: //android.widget.Button[@resource-id="com.example.myapplication:id/price1"]
xpath criteria: //android.widget.Button[@resource-id="com.example.myapplication:id/price1"]</msg>
<arg>locator=${price_flight}</arg>
<doc>Waits until element specified with `locator` is visible.</doc>
<status status="PASS" start="2024-02-13T18:46:25.230982" elapsed="1.488088"/>
</kw>
<kw name="Click Element" owner="AppiumLibrary">
<msg time="2024-02-13T18:46:26.724060" level="INFO">Clicking element '//android.widget.Button[@resource-id="com.example.myapplication:id/price1"]'.</msg>
<msg time="2024-02-13T18:46:27.680923" level="INFO">xpath criteria: //android.widget.Button[@resource-id="com.example.myapplication:id/price1"]</msg>
<arg>locator=${price_flight}</arg>
<doc>Click element identified by `locator`.</doc>
<status status="PASS" start="2024-02-13T18:46:26.720067" elapsed="0.960856"/>
</kw>
<status status="PASS" start="2024-02-13T18:46:25.230982" elapsed="2.449941"/>
</kw>
<kw name="Click Button Confirm" owner="book-page">
<kw name="Click Element" owner="AppiumLibrary">
<msg time="2024-02-13T18:46:27.684554" level="INFO">Clicking element '//android.widget.Button[@resource-id="com.example.myapplication:id/confirm_order"]'.</msg>
<msg time="2024-02-13T18:46:28.090695" level="INFO">xpath criteria: //android.widget.Button[@resource-id="com.example.myapplication:id/confirm_order"]</msg>
<arg>locator=${confirm_btn}</arg>
<doc>Click element identified by `locator`.</doc>
<status status="PASS" start="2024-02-13T18:46:27.682193" elapsed="0.408502"/>
</kw>
<status status="PASS" start="2024-02-13T18:46:27.682193" elapsed="0.408502"/>
</kw>
<status status="PASS" start="2024-02-13T18:45:55.557500" elapsed="32.534548"/>
</test>
<test id="s1-t3" name="Booking Flight - Blank End Date" line="73">
<kw name="Open Flight Application" owner="base">
<kw name="Open Application" owner="AppiumLibrary">
<arg>remote_url=${REMOTE_URL}</arg>
<arg>platformName=${PLATFORM_NAME}</arg>
<arg>platformVersion=13.0</arg>
<arg>deviceName=emulator-5554</arg>
<arg>appPackage=com.example.myapplication</arg>
<arg>appActivity=com.example.myapplication.MainActivity</arg>
<doc>Opens a new application to given Appium server.
Capabilities of appium server, Android and iOS,
Please check https://github.com/appium/appium/blob/master/docs/en/writing-running-appium/server-args.md
| *Option*            | *Man.* | *Description*     |
| remote_url          | Yes    | Appium server url |
| alias               | no     | alias             |
| strict_ssl          | No     | allows you to send commands to an invalid certificate host like a self-signed one. |</doc>
<status status="PASS" start="2024-02-13T18:46:28.094541" elapsed="11.288581"/>
</kw>
<status status="PASS" start="2024-02-13T18:46:28.093072" elapsed="11.290050"/>
</kw>
<kw name="Click Sign In Button On Home Page" owner="home-page">
<kw name="Click Element" owner="AppiumLibrary">
<msg time="2024-02-13T18:46:39.385169" level="INFO">Clicking element '//android.widget.Button[@resource-id="com.example.myapplication:id/login"]'.</msg>
<msg time="2024-02-13T18:46:40.655714" level="INFO">xpath criteria: //android.widget.Button[@resource-id="com.example.myapplication:id/login"]</msg>
<arg>locator=//android.widget.Button[@resource-id="com.example.myapplication:id/login"]</arg>
<doc>Click element identified by `locator`.</doc>
<status status="PASS" start="2024-02-13T18:46:39.384118" elapsed="1.271596"/>
</kw>
<status status="PASS" start="2024-02-13T18:46:39.384118" elapsed="1.271596"/>
</kw>
<kw name="Input Username" owner="login-page">
<kw name="Wait Until Element Is Visible" owner="AppiumLibrary">
<msg time="2024-02-13T18:46:42.079476" level="INFO">xpath criteria: //android.widget.EditText[@resource-id="com.example.myapplication:id/username"]
xpath criteria: //android.widget.EditText[@resource-id="com.example.myapplication:id/username"]</msg>
<arg>locator=//android.widget.EditText[@resource-id="com.example.myapplication:id/username"]</arg>
<doc>Waits until element specified with `locator` is visible.</doc>
<status status="PASS" start="2024-02-13T18:46:40.656933" elapsed="1.423813"/>
</kw>
<kw name="Input Text" owner="AppiumLibrary">
<msg time="2024-02-13T18:46:42.081769" level="INFO">Typing text 'support@ngendigital.com' into text field '//android.widget.EditText[@resource-id="com.example.myapplication:id/username"]'</msg>
<msg time="2024-02-13T18:46:42.269470" level="INFO">xpath criteria: //android.widget.EditText[@resource-id="com.example.myapplication:id/username"]</msg>
<arg>locator=//android.widget.EditText[@resource-id="com.example.myapplication:id/username"]</arg>
<arg>text=support@ngendigital.com</arg>
<doc>Types the given `text` into text field identified by `locator`.</doc>
<status status="PASS" start="2024-02-13T18:46:42.080746" elapsed="0.188724"/>
</kw>
<status status="PASS" start="2024-02-13T18:46:40.656933" elapsed="1.612537"/>
</kw>
<kw name="Input Password" owner="login-page">
<kw name="Wait Until Element Is Visible" owner="AppiumLibrary">
<msg time="2024-02-13T18:46:42.891677" level="INFO">xpath criteria: //android.widget.EditText[@resource-id="com.example.myapplication:id/password"]</msg>
<arg>locator=//android.widget.EditText[@resource-id="com.example.myapplication:id/password"]</arg>
<doc>Waits until element specified with `locator` is visible.</doc>
<status status="PASS" start="2024-02-13T18:46:42.272228" elapsed="0.619449"/>
</kw>
<kw name="Input Text" owner="AppiumLibrary">
<msg time="2024-02-13T18:46:42.895785" level="INFO">Typing text 'abc123' into text field '//android.widget.EditText[@resource-id="com.example.myapplication:id/password"]'</msg>
<msg time="2024-02-13T18:46:43.088291" level="INFO">xpath criteria: //android.widget.EditText[@resource-id="com.example.myapplication:id/password"]</msg>
<arg>locator=//android.widget.EditText[@resource-id="com.example.myapplication:id/password"]</arg>
<arg>text=abc123</arg>
<doc>Types the given `text` into text field identified by `locator`.</doc>
<status status="PASS" start="2024-02-13T18:46:42.893128" elapsed="0.195163"/>
</kw>
<status status="PASS" start="2024-02-13T18:46:42.270466" elapsed="0.817825"/>
</kw>
<kw name="Click Sign In Button On Login Page" owner="login-page">
<kw name="Click Element" owner="AppiumLibrary">
<msg time="2024-02-13T18:46:43.090898" level="INFO">Clicking element '//android.widget.Button[@resource-id="com.example.myapplication:id/signIn"]'.</msg>
<msg time="2024-02-13T18:46:43.821901" level="INFO">xpath criteria: //android.widget.Button[@resource-id="com.example.myapplication:id/signIn"]</msg>
<arg>locator=//android.widget.Button[@resource-id="com.example.myapplication:id/signIn"]</arg>
<doc>Click element identified by `locator`.</doc>
<status status="PASS" start="2024-02-13T18:46:43.089275" elapsed="0.732626"/>
</kw>
<status status="PASS" start="2024-02-13T18:46:43.089275" elapsed="0.732626"/>
</kw>
<kw name="Verify User Is Success Logged In" owner="login-page">
<kw name="Wait Until Page Does Not Contain" owner="AppiumLibrary">
<arg>text=Invalid username/password</arg>
<doc>Waits until `text` disappears from current page.</doc>
<status status="PASS" start="2024-02-13T18:46:43.821901" elapsed="0.192212"/>
</kw>
<status status="PASS" start="2024-02-13T18:46:43.821901" elapsed="0.192212"/>
</kw>
<kw name="After Successfully Login" owner="login-page">
<kw name="Wait Until Element Is Visible" owner="AppiumLibrary">
<msg time="2024-02-13T18:46:45.125055" level="INFO">xpath criteria: //android.widget.TextView[@resource-id="com.example.myapplication:id/textView"]</msg>
<arg>locator=//android.widget.TextView[@resource-id="com.example.myapplication:id/textView"]</arg>
<doc>Waits until element specified with `locator` is visible.</doc>
<status status="PASS" start="2024-02-13T18:46:44.015129" elapsed="1.111320"/>
</kw>
<status status="PASS" start="2024-02-13T18:46:44.015129" elapsed="1.111320"/>
</kw>
<kw name="Click Book Button On Home Page" owner="home-page">
<kw name="Click Element" owner="AppiumLibrary">
<msg time="2024-02-13T18:46:45.128062" level="INFO">Clicking element '//android.widget.Button[@resource-id="com.example.myapplication:id/book"]'.</msg>
<msg time="2024-02-13T18:46:45.347530" level="INFO">xpath criteria: //android.widget.Button[@resource-id="com.example.myapplication:id/book"]</msg>
<arg>locator=//android.widget.Button[@resource-id="com.example.myapplication:id/book"]</arg>
<doc>Click element identified by `locator`.</doc>
<status status="PASS" start="2024-02-13T18:46:45.127061" elapsed="0.220469"/>
</kw>
<status status="PASS" start="2024-02-13T18:46:45.127061" elapsed="0.220469"/>
</kw>
<kw name="Click Oneway Button On Book Page" owner="book-page">
<kw name="Wait Until Page Contains" owner="AppiumLibrary">
<arg>text=ONE WAY</arg>
<doc>Waits until `text` appears on current page.</doc>
<status status="PASS" start="2024-02-13T18:46:45.348532" elapsed="1.568440"/>
</kw>
<status status="PASS" start="2024-02-13T18:46:45.348532" elapsed="1.568440"/>
</kw>
<kw name="Select Departure Button On Book Page" owner="book-page">
<kw name="Click Element" owner="AppiumLibrary">
<msg time="2024-02-13T18:46:46.919044" level="INFO">Clicking element '//android.widget.Spinner[@resource-id="com.example.myapplication:id/spinnerFrom"]'.</msg>
<msg time="2024-02-13T18:46:47.157496" level="INFO">xpath criteria: //android.widget.Spinner[@resource-id="com.example.myapplication:id/spinnerFrom"]</msg>
<arg>locator=${spinner_form}</arg>
<doc>Click element identified by `locator`.</doc>
<status status="PASS" start="2024-02-13T18:46:46.917996" elapsed="0.239500"/>
</kw>
<status status="PASS" start="2024-02-13T18:46:46.917996" elapsed="0.239500"/>
</kw>
<kw name="Click Departure" owner="book-page">
<kw name="Wait Until Element Is Visible" owner="AppiumLibrary">
<msg time="2024-02-13T18:46:48.122119" level="INFO">xpath criteria: //android.widget.TextView[@resource-id="android:id/text1" and @index=1]</msg>
<arg>locator=${depature}</arg>
<doc>Waits until element specified with `locator` is visible.</doc>
<status status="PASS" start="2024-02-13T18:46:47.159752" elapsed="0.962367"/>
</kw>
<kw name="Click Element" owner="AppiumLibrary">
<msg time="2024-02-13T18:46:48.123119" level="INFO">Clicking element '//android.widget.TextView[@resource-id="android:id/text1" and @index=1]'.</msg>
<msg time="2024-02-13T18:46:48.962589" level="INFO">xpath criteria: //android.widget.TextView[@resource-id="android:id/text1" and @index=1]</msg>
<arg>locator=${depature}</arg>
<doc>Click element identified by `locator`.</doc>
<status status="PASS" start="2024-02-13T18:46:48.122119" elapsed="0.840470"/>
</kw>
<status status="PASS" start="2024-02-13T18:46:47.159752" elapsed="1.802837"/>
</kw>
<kw name="Select Destination Button On Book Page" owner="book-page">
<kw name="Click Element" owner="AppiumLibrary">
<msg time="2024-02-13T18:46:48.968572" level="INFO">Clicking element '//android.widget.Spinner[@resource-id="com.example.myapplication:id/spinnerTo"]'.</msg>
<msg time="2024-02-13T18:46:49.342650" level="INFO">xpath criteria: //android.widget.Spinner[@resource-id="com.example.myapplication:id/spinnerTo"]</msg>
<arg>locator=${spinner_to}</arg>
<doc>Click element identified by `locator`.</doc>
<status status="PASS" start="2024-02-13T18:46:48.964585" elapsed="0.378065"/>
</kw>
<status status="PASS" start="2024-02-13T18:46:48.963586" elapsed="0.379064"/>
</kw>
<kw name="Click Destination" owner="book-page">
<kw name="Wait Until Element Is Visible" owner="AppiumLibrary">
<msg time="2024-02-13T18:46:50.288871" level="INFO">xpath criteria: //android.widget.TextView[@resource-id="android:id/text1" and @index=1]</msg>
<arg>locator=${destionation}</arg>
<doc>Waits until element specified with `locator` is visible.</doc>
<status status="PASS" start="2024-02-13T18:46:49.346284" elapsed="0.942587"/>
</kw>
<kw name="Click Element" owner="AppiumLibrary">
<msg time="2024-02-13T18:46:50.291867" level="INFO">Clicking element '//android.widget.TextView[@resource-id="android:id/text1" and @index=1]'.</msg>
<msg time="2024-02-13T18:46:51.146353" level="INFO">xpath criteria: //android.widget.TextView[@resource-id="android:id/text1" and @index=1]</msg>
<arg>locator=${destionation}</arg>
<doc>Click element identified by `locator`.</doc>
<status status="PASS" start="2024-02-13T18:46:50.288871" elapsed="0.857482"/>
</kw>
<status status="PASS" start="2024-02-13T18:46:49.344077" elapsed="1.802276"/>
</kw>
<kw name="Select Class Type On Book Page" owner="book-page">
<kw name="Click Element" owner="AppiumLibrary">
<msg time="2024-02-13T18:46:51.156303" level="INFO">Clicking element '//android.widget.Spinner[@resource-id="com.example.myapplication:id/spinnerClass"]'.</msg>
<msg time="2024-02-13T18:46:51.531025" level="INFO">xpath criteria: //android.widget.Spinner[@resource-id="com.example.myapplication:id/spinnerClass"]</msg>
<arg>locator=${spinner_class}</arg>
<doc>Click element identified by `locator`.</doc>
<status status="PASS" start="2024-02-13T18:46:51.149763" elapsed="0.381262"/>
</kw>
<status status="PASS" start="2024-02-13T18:46:51.148762" elapsed="0.382263"/>
</kw>
<kw name="Click Class" owner="book-page">
<kw name="Wait Until Element Is Visible" owner="AppiumLibrary">
<msg time="2024-02-13T18:46:52.459523" level="INFO">xpath criteria: //android.widget.TextView[@resource-id="android:id/text1" and @index=1]</msg>
<arg>locator=${class}</arg>
<doc>Waits until element specified with `locator` is visible.</doc>
<status status="PASS" start="2024-02-13T18:46:51.532033" elapsed="0.927490"/>
</kw>
<kw name="Click Element" owner="AppiumLibrary">
<msg time="2024-02-13T18:46:52.462068" level="INFO">Clicking element '//android.widget.TextView[@resource-id="android:id/text1" and @index=1]'.</msg>
<msg time="2024-02-13T18:46:53.312345" level="INFO">xpath criteria: //android.widget.TextView[@resource-id="android:id/text1" and @index=1]</msg>
<arg>locator=${class}</arg>
<doc>Click element identified by `locator`.</doc>
<status status="PASS" start="2024-02-13T18:46:52.460028" elapsed="0.853317"/>
</kw>
<status status="PASS" start="2024-02-13T18:46:51.532033" elapsed="1.781312"/>
</kw>
<kw name="Click Start Date On Book Page" owner="book-page">
<kw name="Click Element" owner="AppiumLibrary">
<msg time="2024-02-13T18:46:53.318082" level="INFO">Clicking element '//android.widget.TextView[@resource-id="com.example.myapplication:id/textStartDate"]'.</msg>
<msg time="2024-02-13T18:46:53.688901" level="INFO">xpath criteria: //android.widget.TextView[@resource-id="com.example.myapplication:id/textStartDate"]</msg>
<arg>locator=${spinner_startdate}</arg>
<doc>Click element identified by `locator`.</doc>
<status status="PASS" start="2024-02-13T18:46:53.315083" elapsed="0.373818"/>
</kw>
<status status="PASS" start="2024-02-13T18:46:53.314001" elapsed="0.374900"/>
</kw>
<kw name="Select Start Date On Calendar" owner="book-page">
<kw name="Wait Until Element Is Visible" owner="AppiumLibrary">
<msg time="2024-02-13T18:46:55.342539" level="INFO">xpath criteria: //android.view.View[@content-desc="01 August 2019" and @index=0]
xpath criteria: //android.view.View[@content-desc="01 August 2019" and @index=0]</msg>
<arg>locator=${start_date}</arg>
<doc>Waits until element specified with `locator` is visible.</doc>
<status status="PASS" start="2024-02-13T18:46:53.690368" elapsed="1.652716"/>
</kw>
<kw name="Get Webelement" owner="AppiumLibrary">
<msg time="2024-02-13T18:46:57.793865" level="INFO">xpath criteria: //android.view.View[@content-desc="01 August 2019" and @index=0]</msg>
<arg>locator=${start_date}</arg>
<doc>Returns the first [http://selenium-python.readthedocs.io/api.html#module-selenium.webdriver.remote.webelement|WebElement] object matching ``locator``.</doc>
<status status="PASS" start="2024-02-13T18:46:55.343084" elapsed="2.450781"/>
</kw>
<status status="PASS" start="2024-02-13T18:46:53.688901" elapsed="4.104964"/>
</kw>
<kw name="Click OK Button On Calendar" owner="book-page">
<kw name="Click Element" owner="AppiumLibrary">
<msg time="2024-02-13T18:46:57.796908" level="INFO">Clicking element '//android.widget.Button[@resource-id="android:id/button1"]'.</msg>
<kw name="Capture Page Screenshot" owner="AppiumLibrary">
<msg time="2024-02-13T18:46:58.639963" level="INFO" html="true">&lt;/td&gt;&lt;/tr&gt;&lt;tr&gt;&lt;td colspan="3"&gt;&lt;img src="data:image/png;base64, iVBORw0KGgoAAAANSUhEUgAABDgAAAkkCAYAAAD508+vAAAAAXNSR0IArs4c6QAAAARzQklUCAgI
CHwIZIgAACAASURBVHic7N15XFN3vj/+18m+EpKwExYVcBe3inZzr3u1ajsznY7dr51OO1N/s/dO
7517Zzqd7U47na39tp1p7TJtbau1i1u1dne37goKoiCIhC1A9uT3RyASSCBAIARez8ejj5Lk5JzP
QYWc1/l83m/hnjV3eEFEREREREREFMNE0R4AEREREREREVFvMeAgIiIiIiIiopjHgIOIiIiIiIiI
Yh4DDiIiIiIiIiKKeQw4iIiIiIiIiCjmMeAgIiIiIiIiopjHgIOIiIiIiIiIYh4DDiIiIiIiIiKK
eQw4iIiIiIiIiCjmMeAgIiIiIiIiopjHgIOIiIiIiIiIYh4DDiIiIiIiIiKKeQw4iIiIiIiIiCjm
MeAgIiIiIiIiopjHgIOIiIiIiIiIYh4DDiIiIiIiIiKKeQw4iIiIiIiIiCjmMeAgIiIiIiIiopjH
gIOIiIiIiIiIYh4DDiIiIiIiIiKKeQw4iIiIiIiIiCjmSaI9AKJYI5fLcf0NN2LR0mWQyaQdXm+o
b8A7b2/A0a+/hsvlisIIiYiIiIiIhh7hnjV3eKM9CBp6BEGATCaDQqGAVCqFTC6HSqWGzWqF1WaF
0+GAzWaD0+mE1xv9v6JxcXFYeettmDxlSrfe5/V48cknu/HBe5tht9n6aHRERERERETEgIP6jSAI
iIuLw/CcHEwrmI6U1FSoVGrIZDKIxVdXS7ldbtgddjQ3NePihVLs37cX50tK0NTU1O9hh0QiwaOP
/TcSEhN6va/CM4X429NPRS2wEYnFSEhIQEJiIuJ18VCp1ZDLZBCJxXC73bDb7WhqbERdXR2qqi6j
xmyOyjiJiIiIiIh6ggEH9TlBEGAwGlEwfQYmTZ6MpKRkCCIh7Pe73R5UVlTg4P592L9/H+rr6vpw
tFctv2Ul5s6fH9F9ej1erH/xXzh4YH9E99sZg8GIiZMnYeTI0dAbDFAqlZDJ5ZBKpRCLRBBEArwe
L9xuN5xOJ2x2G6zNVtTUmHHi+DEcO3IEDQ0N/TZeIiIiomiSKxTQxcVBrlBArdZAIhEDAMRiCdzu
q8uPmxqbYLPb0FDfgKamxmgNl4YYjVYLrVYb8vX6ujo0Nzf344gGFgYc1KekUinyJ03CgoWLkZyS
7H/e4/HCarWi0WJBbW0tGi0NcDgckMnliIvTIV4fD7VaA5VSGRCGlJ4vxY5tW3D82DF4PJ4+G/dv
//h/UKlUfbb/S+WX8NvHf9Vn+wcAtVqDBYsWYfqMa6FQKnq8n6bGJuz+eBe2b90yIJYLEREREUWa
Wq1BaloadDod5IqefW6qMZtRY65GVVVVhEcXHRKJr1xjX9eUk0gkMBiN8LjdqK2thdvt7tPj9YRK
pYLBYERTcxNqa2qiNg6ZTIbxE/K73O7Y0SNwOBz9MKKBhwFHG2q1BuPGj0dGZiYSEhMhlysgl8vw
6svrUV5W1m/juP+B7yI+Pt7/+K033kBJSXGP9hXNc1IqlVi4eAlmzp4DUUtI4fF4UV19BYcOHMDp
U6dQdvFC0H98MpkMWdnZGDN2HCZOmgyDweAPOpxOJ7Zv3YqPd34U8X+4EokEv/3D/0Eml0V0v8GU
l5Xj9088HtHQoHUZ0Pj8iViwcBF08bqI7bu2thYfvLcZJ48fj8pyISIiIhr8lEoVrNb+u/uclJSE
jMysHocawbhcTlRcuoSqqqqYrcGmUquRnp4OACgvL0dzU1NE92/KyMDMWbMxfEQOEhIS/J/z3W4P
rlRVofDMGeze9RGqq6vD3ucda+5Ealpat8dy+tQpvPfupqCvXTOtALPnzkVausl/PVNfX48jhw/j
g/c2w2q1dvt4vaHRajFy5Kgutztz5jQaLZZ+GNHAwy4qAFJSU7Fw8RKMGTM26J1umbTvL3ZbLVy8
BOMnTAh4TqFUdns/0T4njUaDb3zrdoybkO//YVBVVYUd27bh+NGjsFqbO52B4XA4UFRYiHPnzuHj
XTsxYUI+5i9YiHi9HlKpFAsXL4Fer8e7GzdG9Jdgf4UbAJBuSsd//e+v8D+P/SIi+xMEAZlZ2Zg7
bz7yJ07s1jKgcOj1eqy+9Rs4nJOLnTu2o+ry5Yjun4iIiGKPUqnCytW3omDGdGx5/31s+fCDHu9r
1pw5WLn6VpjNZrzw7LMoK7sYwZEGCifYaGpqhNvlQn19fYfXWpeuxOniO7wmkUiRkZmFjMwsXLxQ
iopLl2Kus15iYiISEhMBAC6nq8c3W4O5ecUtmDV7DiTSjpeiYrEIKakpSElNQcH06djy4fvY9dFH
Ye03e/hwJCUldXs81VeuBH1+8dJlWLBoMYR2H6l1Oh1unDUL2cOG429PP9XvIQd1bsgHHLPmzMGi
Jcug7MUU/khJS0/H3Hm9r/kQ7XNSKBT+cEMsFsHr8WLPnq+wY9tWmKuru3Xn3+N2o6G+Hl98/hnO
ni3CkqXLkD9pEsRiEQqmz4AXwKa334Ldbu/1uJ/ox3CjldFoxN333od/vfB8r/eVlZ2NVbd+A6aM
jIiHG60USgWumVaAhIQEvLp+PWpqWIiUiIhoqFIqVXj4kXUwZZgAAIuWLsXevXt6XKh85epbAfg+
Hz38yDr85aknIx5yyBUK5ObmBg0m3C4XzGYzamrMaKivDzuUiNPpYDQYYTAaOwQmGZlZSEpKRklJ
cUwVcFep1Fe/Vqs72bJ7vnn7t3Ht9dcHPOdyulBXVweRSARdfLy/+YBcIcfyW1ZBJpNjaxjBmVqt
idg4R48Zg/kLFkIQAKvVhk8+3oULpecRF6fD9TfeCFNGBjKzMrFy9W149eWXInbcYDRaLVQqFcRi
MWQyeVjvMRoToNVq4Xa70dzcPKRmcwzpgGPJ0mW4qV0q57A7UFJSjEvl5TBXV8Nms/XbOrpVt94G
uSK8v7ShRPucpFIpFi1ZinHjJ0AsFsHpdGLXRx9h25YPe5Vce71eVFZU4JX1L6GhoQHX3zgTYokY
BQXTUVdbg21btvRq3MuWr4Ba3Xc1NzozacoUfLxrJ86XlPR4HxqNBnfecy8MBmOHlDnSJBIxcnLz
8NAPfoA//fEPQ+oHJhEREfm0DzcAoMZc0+EiXqlUId1kglKphMlkQllZGaxWK8rLyjrMwj129Kh/
JrNSpYx4yGEwGpGTmwuJRBrwvN1mw8ULpT3+fNxQX4+G+nqUlBQjTqdDWlo6DEaj/3W5QoFRo8eg
orw8ojMh+pJIJOp6o26aPHVqQLjhcrqwa+dH2PXRDn9RTIPRiEWLl2Da9BkQBEAQgAWLFqPwzBkU
nzsbct8ymQyqNrPezxYWoba2NqxxnQ/yZzJz9hx/0PLOhjexd89X/teOfP01fv7YY4iLi8OUqVPx
3uZNaAgyy2fGtddh5uw5eOetDSg8czqssbQlkUgwfEROpwVFQ0lICOwAabFYUHzubMzNJOqJIRtw
zLjuuoAgwO1y46svv8C2rVt61KUjISEBeaNGo7bGjFMnT3b7/TNnzUZuXl6339dWpM+puwRBQP6k
Sf6aG16PFx/v3IkP3tscsWPY7Xa8/dYGiMRiXHvd9ZBIJZg9dx5KiotReOZMj/YpkUgwf8GCiI2x
Jx754Y+x7uHv9aiuhVqtwdoHH4KxzS/SviYIQEJiIm77xrfw+r9fjfi6TCIiIhq4TKYM3Lt2bcBn
D6vVhueffQaAL9QYnz8Bs2bPDQhA2iu7WIbdH+/EsSO+5cuvvPQSvr9uHdJNvvdEMuTIyMxERmZW
wHNulwslxecieuOvNexQqzUYNnxYwEyR1PR0xOl0OHH82JC40Gxv9uy5/q+9XuD1f7+KfXv2BGxT
Yzbj1ZfXw2KxYN5NNwHwLVuZO39+pwFHUnJgl8bPPt2Nw4cO9XismVm+vytmszkg3AB8S5e+PnQY
N86aCYlUgtGjx3TYRqPVYvGyZdDpdPjm7d/G//73Y90egykjo0fhRjBarRYpqakou9h3y74GishH
czEgISEBK1au9gcBdpsdL/3rn3jz9X/3KAhIS0/HD3/6c3zz9tvx3YcexoqVq7r1fmNCAhYuXuJ/
3JO/eJE+p54wGI1YsHCxv+bGnq++7DCdTBAEiEQiCL2YZuBxu/HWG6+jqLAQgK+q8S2rbu3x9Lmf
PhqZGhi9IRIJWH7Lym6/TyKRYN5NNyErO6vrjfvAyNGjcc20AojF4qgcn4iIiPrffWsf6BBu/OXJ
P6Gs7CIKps/AL3/1a9yx5s5Oww0AMGWYcMeaO/HLX/0aBdNnwGptxtNPPhlQCF+pUuLetWt7Nd6c
3LwO4UbV5cs4eGB/2OGGb/ZHHkymjLC2b2pqxPFjx3C+pBjuNmGGWqPB2HHj/R1KhgqtVgtTxtXv
3bmzRR3CjbY2b9qI6itXC4wOGz680/0bDIaAx90pThqMumWJTqhlRVeqrtai0+k6FvVfvmKl//lw
ltcEEx+v79H7QjG2m9UxWA2tf1ktFi+9Wp/C4/Hijddfw9eHe57wTZl6TcDyhklTpmDTO2+H/f6V
q2+FWuP7R1RZUYnDhw4F/AAIR6TPqbsEQcC0gun+VrBVVVXYsX1bQDqt1WqxYNESpKSm4kLpeWzf
ugW2HlaWdrvdeHvDG1j73e/BYDQgLT0dEybkY++er7o1C0Kj1Qa0rw3l/c2b8dH2bfB4PFh+y0pk
DxuGP//p/2DKyMBPfv4obFYbfvbjH0IkEuH/nnq6RzUwZs+d162/N4AvXc6fOLHbx4oUpVKBiZMm
49SJ44OmJRoRERGFZjAaYTBevZhsDTfMZjPuW/sAJuR33cKyPaVKiW+vWYPx+fl4df16PP3kkwEz
OYxGY4+7q6jVGiQlB37WO1t4ptPPLQajEeMn5CM3L6/T8ym7WIazRYXYt2dPyBkml8rLUV9Xj5y8
XH+NCLXG15L24oUL3T6fSFIoFJDJZGhsbOy0+H8kpKalQSy5ekOs+Ny5Lt9TfO4sEhJ9F+UajQZa
rRaWEEuj24YBHo8XlysrezXetl1dgnG5r17jiNrd6Bs5ajSmTpsGADh54gT27Q0d5HQm0jcQJeKh
cek/5GZwaLVaTJg4yf/4yOFDOLBvX6/2abE0BDzuznT9aQXTMW68b62h2+3Bxrff6vYyhb44p+7S
xsVh0uQpAHw/VD7atg3mNsmpSCTCzStuwY2zZiJvZB5mzZmLrOxhvTpmZUUFvvryC3i9viUT06+9
FupuzuJYEcasiddffRXbt24BBAF3rLkTM2fN9tfLSEry/cKsqamBx+OBy+WC1dazSsqCAP/fhXCI
xWKMGTsOekP/LU0JJjs7G9nDhvdqVg4RERHFhhqzGbs//rjl6xp/uPHwI+t6FG60NSE/Hw8/sg4A
fMXMzTUAgHfe2tDjrnl2u80/g8LtcuHI4cMhw42c3Dw8/Mg6/PJXv8aqW2/t8nxMGSbMmjMHP3n0
Ufzuj3/CojYzsttqamrEiWPH0NTU2Oa56C7vlUgkyMzKgikzs0etVbur/Wf0UEFFZ9vo4jsWhm0V
12YWRXNTExwORzdHGMjlcgMAFCHqIyqVV29uO51O/9disRgrVq6CWCyC1WrDO29t6NU4qPuGRozT
RsGMayGT+QoLeb3Arp07e73Pzz75BFnZw5CTm4tGiwWbN20M631arRbLVqzwLyvZv3cPTp084U+r
w9UX59Rdw4YPR3JLOl5dfQXHjh4NCGpSUlMx9Zpp/scSiRgTJ0/G2aJCuN3uHh3T6/Xi0IEDuPa6
66E36DFs+Aikm0w4czr8Ij7Tpk/v9HWXy40vv/gcUqkUf3zqaf+fVen58wCAsePGAwDS0tMwf8FC
6PV6qFQ9L1Z61z334kfrfhDWtjpdPDKzsvwFkNqOufrKFUilUhiMV4uOej1eNDQ0wG63wZiQiKam
RlibmxEXp4NCqYQgAA6HE3V1tVAqlNBotTBXVwf80BYEAVqt1j/jCADEEjFGjR6Nw4cOBmzb1+bO
vwmTJk8J6NF++NBB7Nyxvd/GQERENBS9s+FNvLPhTf/jcJajPP/sMzh65Agm5OfjvrUPhNzOlGHC
t9eswfPPPoNfPvafvR6ry+XC118fRlJSEqqqqmAPMns4JzcPi5Ys6VU9PKVKiUVLl2LajBnY8sH7
HZZfuFrClaSkJNjs9qBFKfuTXK7wL1lQqVQBy4L6QmNjY8DjcD4vt93G6wUaGhpCbquNi/N/HU54
0pW62lokJCYgKTkZarUmIJwCgMw2S57azhZZuGgx0k2+z6a7PtqBqsuX0VemFUzH6LFj/I8dDife
27Sxw/d6qBlyAUdObq7/67KLF1B6/mrnCl18PIzGBEgkEtTV1oQ95d7tduOlf77Q7bHcsmq1f21W
bW0t3t0YXjDSXl+cU3cIgoCCgukQRAI8Hi8O7tuH5ubAVPqaaQUB09IAYMzYsUhMSkJlRUWPj11T
Y8bxY0dxw8yZEARg1OgxKDxzJqxZMDJZ1y1ha2t8dw5yR44M6E5S1bLubsy4cf7nli1f3s3RBxmT
XAaRWAxPGKGPNi4OyckpHZ43V1fj9088jnSTCT9Y90N/j3GbzYbNmzbi9KmT+Ol//gI7t2/HZ59+
gutuuNG/xOlC6Xm8/OK/MGnKFCxeejNeeO7ZgF94EokEi5cu8xd9apU9bDjEYnG/BBwJCQm46977
kZmVGfB8ZlYmMrMyMWnyFLz4wnO9XntJREREXSuYPqPLG0YAcPTIkYD/d2ZCfj5mzZmD3bt29Xp8
QGuXlODLQWbNmeNvT9ve2cIiFBUV+uu+2axWKFo6dZgyTDCZMjA+f6J/mTjgW05zx5o7MSF/Il5d
v77DzJOBsqS37edyqVTayZaRUVJcDKvV5v9eDR8xosv3ZGZl+7+uvnKl01BIo7naIrZtwCGTyfxB
zpWqqrCLu54+dRLXJ94IlUqFZcuX4/XXXvW/ljdyFMaN993krKutw6mTJwD4bujOmuMrpFp28SK2
bfkwrGOFcuc994R8raysHHPmzAl4TqPRYPfu3YiLC12Y9OCB/b0aUywYcgFHRsbVi6Jz585BqVRi
/oKFmJCfj8Sk5ICL2Pr6ehw7cgRbt3wY8ZR1Qn4+pky9BoAvkXzv3U0dksFwRfucpFIpUtN8SaXV
akVhYceAwRCkw0d8vB7Z2cN6FXC43W4UFRbihpkzAfiqDUul0rCmpeW3WdYTzJN//CMaGnzfowul
pfjdbx6HUqnC99et8xccaq29cvTIEbz84r8wbPgIPPjwwwCAHz3yA6SbMrDuRz/CF599hrfefANu
txt5I0fhoR+EnqWRnJyMikuXuhy/UqkMSKtbta6hbL+W0gsvPB4P3B4P4PVNp3O5XNi35ysYExIw
a/ZseL0t27RMy/O4PdAbDBg3bjyUSiVEYnHQX0jxej3kcnmPa6p0R7Bwo63MrEzcde/9+OPvnujz
sRAREQ1lSqUqZDjQW4sWL8Xer/b0eGlKV1rHXjAjMJyxWm3YvWsndu/a1emxzxYVtnz1ki+QmT0X
OXlXbzpOyM+H4ZF1eO3l9RFrcxvLXC4Xjh89imsKfDO6c/NGIn/iJBz5+nDQ7W+cOcs/EwIADnVx
Yd6224i1uQlLb16OsePGITk5xX+zz+v1FQc9c/o0dmzbhrq60G1kt2/divET8qGL1+Ha669HZlY2
KisuQaVWIzcvDxKpBF4vsH3bVv9s9JWrb4NcIYfb5e52Xb3uevrpP3d47q677uo03BgqhlTAkZCQ
AG2bP3S7zYaf/edj0BuCV6jV6XS4/sYbMXb8eDz3zD8i1lZHrlBg+S2r/MVrjh872uOaGQPhnBRK
pb+DSVOjJWhCHqzQj8XSEJEU+1J5GVxOFyRSCRITk6BQKMIKOJav7Lz+htFoREmxrwBSo8WCRosF
w0fkAECHC/nzJSWw2+3+llIOuwMOhwN1tTV48Z8v4NCBA0hLT8el8nIUnjmND99/H4uXLg163Jyc
3C4DDkEQIFfIIZH0vviQ1WrF++9uQmpqatCe53FxcZg0ZQri4+MhCKKgdU4kEjFUKjXq+3i65dz5
N3UabrTKzMrE3Pk3cbkKERFRHyqYMR1KlbJP9q1UKVEwY3rEZnG0t+rWWzvMPNnywQddBhvBHD1y
BEePHEHB9BlYeett/lkKpgyTr6bHY7/os6Amlnzw/mYMzxkBo9EIkUjAt7+zBgaDAZ9+stsfEshk
Msy7aQHmzb86W/h8SQm2bd3S6b5bC7gCwISJkxCsNJwg+NrJJiUnY/LUa/DWG6+HnNFQV1eLF//5
PNbcfQ/0er1vxk6bZVhutwc7d2zH559+AgCYce11GDV6FABg3949KDxzJrxvSg+UlZVj06Z3A57T
aDS46667+uyYsWRIBRxtpzkBwNx58wMSvbq6WjQ3NUOlVkGvvxoQ6PV6rP3u9/C3v/y5V7MNWi1f
cQsSkxIBAE2NTb0qPjMQzkkmk/mXe9TW1gYNF/bt3YN5Ny3wX5B7PF5s+eB9nC8p7tWxAd8Fek1t
DZKSkhCn00ES5jS7uCCzH9pac/fdMFdXo6SkGD999D87rY3Suoyjdbpaa6FRi8WCo19/jaf//g8A
vul5T/7xD/jis09DBhwjR43GZy0/LDvVvVq0QSmVKhiMBlRdvozXXl6P+QsWdtht6fnzePrJPwHw
VYlesnQZ5i9YEGQ4ERhQF1oL2Ya7LQMOIiKivlMwfUaf7n/m7MgtU2nPYAhsc/vcM/9oMyujZ/bu
+QpHjxwJ6ACjVClhNBpRVsaAo8Zsxr+eew73rl0LvV4PhVKBW1avxoLFi/2zoxMTkyBvU9iz7OJF
PP//nu1yaUnb+nDh1L1Xq1X49nfWwAtfTb9gzp09i989/mvcOGs2ho/IgUajhtPpxOXKSuz56isU
nzsLwNeVcfGyZQB8S1Y2b9rU9QB6IdjsjYcffoizN1oMqYCj7QU+AH8QcPrUaWz98P2AdkW5eXlY
ufo2/9QoXbwOy5avwHPP/KNXY8gbORIzrr3O/3jb1g8Duo1010A4J4Vc4S90GaqoTY3ZjLNFRf5k
0+N2o7ysLCItqdxuNywNFiQlJUEiEUMuD17tuCdKS33FRHW6q1Wb7XZ7h+0uX/bNUElL9/0ya63d
4XK58Jvf/8G/XVrLUp5g+2jVWYXoVl6vFzabzT9zpafEEjFmzZ6LkyeP4+tDh7Bt6xY42o1No9Eg
IzMLMpkMIrEoaN0Pl8vdre5BPdVaUDTS2xIREVH3KJWqbhfG767etIftyocfvI87jHeixmzGKy+/
5L/ADsZkyoBCqURubi7MNWbUmGtQXlYWdFxWazN+95vHsfLW2zBhQj6OHj3CJSptXLhQij/89gnc
dc99yBvpK+qqUqmCFh3d8+WXeOPfr3XZkEAmkwV0NfF6vDh+/BgOHzyIiopLsFqtSExMwtjx41Ew
fYZ/ho1EKsGq1beh+Oy5kMtVmpubsfXDDzo9/vIVK/11Fd9/790elx0IR7DZGwDwxBO/xRNP/Nb/
OD09HS+//DJMpqH3eXhIBRzqNsVnWn3x2Wd449+vdXi+qLAQf//Ln7HuRz9GQqJvtsW4ceORk5uL
s0VFPTq+WCzGLatu9Rf1OVtU1OtUOtrnBCAgZXWFKDLp8Xiw5YP3MXzECMhkUkikEty0YCFefuml
Xv/S8nq9cLmuHjec4qHhag1g2n6fW1uWtQ2XWn8ptvarbl36ozcYAooeOVvGKe6kD3VrXY+uWK3N
qK+vhzEheJtYp9OJy5cr/cdSKoNPIVVr1Lh5xS2oq6lFSZAZNfF6Pa6/8UbExekgEgnQ6w0dtqm+
cqXX7biIiIgodvR1uNH2OL2dWRHM2aLCTru0GIxGLFq8FBPy80Muwzl65Ah279oVdHztO81Eg8mU
gXSTCQ0N9Th18mRUx9JKFx+PFStXYUROTpfbTrnmGtjtdrz37qZOP2e2NnzIyc1FuikDn32yGwf2
By7/rzGbceb0Kez96kv8x3cf9H+O18ZpMXvuXGx8+60enc/IUaMxdZqvrsjJEyc6dM+JtGCzN4Ip
Ly9vqSXIgGNQa7904czp00GDgFYWiwVbt3yIO9bcCQAQRAImTZ7S4zBgybKb/bMnHHZHRPoiR/uc
AN8SEa/XNx2ss+UhpedLsH3Lh1iy7GYIIgFjx0/A3PnzsfXDD8KuaByMIAgBoYbDHvkL7bZT3aqr
rwAAxudP7LBd60yW8nLfkpXb7/hOwOvnzvqmsmUPC1xa1FZnLbACtqtvQGVlRciA40pVFZ79+9/9
j29auDDkvoxGI7757Tvw3DN/79B9pLKiAm/8+zWIBBHEEjHmzJ3nL+ra6nxJca/+DMNVXl4eVg2O
1m2JiIho4Pn+g98NeNxV69j+tmjJUixasqTL7Sbk52NCfj6KCgvx/LPPDrg6GwsXL0F6hgkN9Q24
XHkZNTWhZ6n0B41Wiwce/J4/HPN6gXNFRTh54jiuXLkCsViM1LQ0TMifiNS0VEilUsycPRsJiYl4
/tlnQs7kcLvdOHTwAA4dDL7UpK3ysjK88dqr+I/vfg+ilnqIEydP7lHAIRaLsWLlKojFItistoB9
qNUaTJo8GSmpqRCLxairq8OJ48d6Xf8w2OyNYJ544gmMGTOm6w0HoSEVcIjbFVDcsW1rl+/Zt2cP
lt28Arp437Sj1iKT3ZWZmYWZs2f7H+/+eFdECnxG85xa2e12uN1uSCRiaLWh61p4PB58/tmnGJGb
i1GjRkMQCZg7bz5sNhs+3f1xh2Q2MTEJ2jgtKi5dgs1mC9n6VSKRIC7Ody4Oh7PT5R89IbRbyNea
gI8e7fuhEWxYped9S1tMpoyA5197eT0A4Dt33h3yeOG2N62vr8OF8+cxatToDq2+NBot3G4X3O6r
oYNYIoFGo0F8fDxEIhHUGjXi4uIgk/lm4KSkpGD5ylXY9M7bUKnVEARfK9rGRgu8Hg/c8EAQOn4/
HA4njh871uX0wUg4fOhg2AHH4UMH+3g0REREFK6C6TOwd89XQV8Lp3Vsf7ljzZ0h2962bXPaWkYd
cgAAIABJREFUVm5eHn7y6KP4y1NPdrrUpS2TKQP3rl0Lo9GIo0eOBG0p21sTJuYD8N3IMhiNUQ84
7r73Pn+44XZ78M6GNzvWnTsIfPDeZqy+7Zu4cZbvhtrYcePwjW/djtdeeTki4zh54gTOnS1Cbp5v
iYxer0dqWlpYXQzbWrhosf/m9a6dH/mbKlx73fVYevNyaLSBM+0XLl6CwwcP4PXXXu3xzOe//e2v
OHXqdMBzf/3rXwMer1ixHKtWdd5MYTAbUgFH+wvRcDs+XLhQivHxEwAgZHeSrqz+xjf8PabLy8qx
5YP3e7Sf9qJ5Tq2cDgfsdjskEl8hU7lcHjJkaG5uxuuvvoK1Dz6EtPQ0iCViLL15OUwZGdi8aaP/
l0JcXBzuuf9+pKSm4XJlJbZt/RCnTpwI2oZUqVQhvmWaWV1dLRzO8H5glJ4vRVZ2VpfbtfbObnW6
pde1wehbqtHUUnek7YV/a9FRieTqP7GPd+6E1WqFVqvt8AOvrcLTp0O+1pbX68XJkycw5ZprkJSc
7H8+ITEB//ub33T5/iXLbsaSZTf7HwsiAfkTJyJ/4tWZKZ21s/WNASgqPIOLFy+EDKAiaeeO7Zg0
eUqXIceF0gssMEpERDSArFx9K7zw4mxRUUAIoFSqMKvNTcBoMpkyOoQb+/bswe5duwLqaBiMRhRM
n4FZc+b6Aw9jy3PhfMY3mTLw8CPr/EtfWlvK/v6JxyN4NgPL5KlT/YECAHy6++NOi+q/9ebr0Bv0
GD/Bd71yTcF0fPH55yg9XxKR8RSeOR0wnozMzG4FHCmpqZg1Zy4A3+f+1jodU6dNw23fut0/O6Sh
oQEOux16gxFisQhTp02DXKHocQ3E+fPnY/78+f7He/fuCwg4VqxYjt///vc92vdgMaQCjvapaLjF
KOvr6vxfK5UqyGSybqVu8xcsRPawYf7HJcXnAmZztGfKCLzrP2r0aKSmpfoff/7pp/7jR+uc2rLZ
bLA2N0GtVkGtUSN72DCc6eQiva6uDutf/Ce+8a3bkT1sOEQiAZOnTEF29jAcPLAfp06exNz585GW
lg5BJCAtPQ1r7rwbly6V4+0NG/wVi1tlZGX6l4ZUXb4Me5AQJJh3NryJdT/+ccjXz5f4foC2DQ8A
oKmlmGZrLYrWJSVtf0i2Xuz/+P97BHkjR6K6uho1ZjPEYjH+5/EnOh1Xd9pKXbx4EQf378eiEB1Z
+lpTYyMO7NuHutrQfcQj7cUXnsNd994fMuS4UHoBL77wXL+Nh4iIaCjq7mwApUrpXyLdl8fpjbKy
i6gx18BgNKDGXIPnn30maIHQGrMZWz54H7t37cL9ax9ATl4uAF+9OwCdFkZtH274n88w4dvfuROv
vvxShM9qYJg8ear/a4fDie1bu551vm3Lh/6AQywWYVpBQcQCjitVVwIea4LUNezMytW3Qa6Qw+32
YOPbbwPw1QFcvmIlRCIBLqcLb214E19+/hkAIDUtDXffez9SUlMwfsIETL1mWoc6IT3x9NNP+78e
NWokfvGLx3q9z1g3pAKOhnazG7pqE9rK4+ndnem5bVI2ALj+xhu79f7Zc+cGPD504KA/jIjWObXl
dDpRev48EhIToVQoMWbsOBQVFcETYsmC1+vFpfJyvP7qq7j5llswesxYiEQCDEYD5t20ANffOBMK
hSKg7oVYIkZGZiYyMjICAg6pVIpRo6+uL7tQWgpniEKn7ZVeKO309c8//RQAMGrU6IDnW2entM7I
KSn2darJGzmq5fyubrvmrrvx8ksvwuv1YvyEfNx93/3+Vrmh1NfXdfp6Wx63G7s/3oURObnIGzUy
7PdFysED+3Hs6JF+mb3Rqrq6Gn/83ROYO/8mTJo8xd8tpby8HIcPHeTMDSIion5QYzaHXLIRKVar
LewlH5Hyu988jnSTKWSXlLas1mY8/dSfkJObh5oaM2rMZn89EbPZjN//5jcB+zAYjUHDjVYFM3yz
RwZjyJGccvWG4eXKirA6jVwoLUVDQ4P/+iYtgh3y2t/Y7awBQHszrr3O3xly3949KDzju7E7cdJk
fwmArw8f8ocbAFBx6RI2vfMW1j74EATBN9OjtwHH3r37sH//fgBAWloaXnnlVbaKxRALOCorKwIe
p6WbcPzYsS7f17arhcNh7/APQiKR4K577kNOXi4aLRZseuftgP0qFcF/iEVCX51Td3i9Xhw8sB8T
J0+BWCxC/sRJ2PXRji6Xy1RUXMJrL6/H/AULMW36dKhUKggCQv6i9Hi8qKgInDqWmJTkr4Xhcrk7
nTnSYX9ud6dtVk+fPgUAmHHddQHPP/XXvwU8vu6GG3DdDTf4H7cuo5FIJJg6bZq/snI46mrruh0W
WK1WvPDcs1j3o58gOSUlrN7fveX1eFFcXIx3N77TL8VFg9m5YzvDDCIioig6duTrkPUqIrX//ma1
Nne7a0vb7dNb6q8ZjcYOHWBmzZnrDzf27dnj/97VmGugVKmgVCpQMGM69u75qk86x0STrM0sc7st
/Hp5dpsdaLl/G2ymukQiwYxrr35WP3fuLC6FUWheqw0MAlpnaHdFo9Vi8bJlAHyf2zdv3Oh/rW1n
oZMtS9rbOnniBBotFmjjtEhKSgrreJ15u6WoqUajwd///jeGGy2GVMBRVFiI+vp6f5/inNxcbN+6
pcv3paReXR5SfeVKh9dvmDnLX8RHpVJh6c0rAkKGQ4cOQtSNq06DwYisNl02Tp86BWvz1fTX4bj6
Q6Gvzqm7iouLUXGpHKaMDOj1euRPnITPPv2ky4t1S0sgtG/vHsyeMw+Tp071Lzdpb+9XX6L43Dn/
Y0EQMK1gOrQt/5jPFhWisqIi6HtD2bZ1C5a0/JBqz26zQSqVhr3sp1Xrn9XwESO69T4AeO7Znq3H
s1qtWP+vf2LVbbchO3tYQNHRSHO73Dh16iReWf9S1MINIiIiir7du3b1acCxe9euPtt3d+Xk5iE3
NxfmGnOPW4GeLTyDgukzcLaoEG9v2NAm4DDjnWefwX1rH4DV2uyv5RYOTcuFeqPF0qMx9Ze2oYZS
pepky0BK5dUbxTZrx2XoLpcLy5avgKLlBunHO3eG1RGlfZvjcK8hlq9Y6b/u+uC9zQEzUdpeM4Ra
vt3Y6As45PLezXwqKyv3d1R55ZWXh2zHlGCGVMABAGeLijBlqm8NWE5OLjIyM3HxwoWQ22cPG4a0
9Kv/AC6UdlzW0H7NVvtpZy/984VujXHeTQsCAo6Pd+7EqSApYKu+OKfusjY3Y/++fTBlZEAQCZh3
0wKcPn0KVZcvd/lej8eDsosX8fprr2Drhx9gRE4Oxk2YgJzcXEgkUly8cAFffv4Zjh09EnBBnZ09
LOCX6ldffA6bzdqtce/csT1kwPGHJ5/q1r5alZ4vgSAIGDa8ewGH0+ns9M+tK+XlZdjwxuuYNXsO
rimYHjIo6g2Xy43jR4/ivXc3oTnMpJuIiIgGp7Kyizh29Ki/TkIkHTt6NGj9i2gwGI34/rp1/sdG
Y0KPGgYcPXIER3+4LuhrZWUX8cvH/rNb+0tNTUPBjBkAgM8/+zQiNy37Sm1tDVJSUwAAycnJvq4u
XSw/ysnNCyjMXxsiNKiqqvLXZmtdMt6VUW0CgabGpg41/oIZOWq0f2b2qRMnQ3YF8gl1c9v3vBe9
W9799NN/BjC028GGEvkroAHu450fweXy1YaQSCX4xrduD0gG27t5xS3+Kf9ejxdffvFFh2327d0D
S4MvNfV6gf1790Z+4J3oi3PqLq/Xi8Izp/3prEqthhDyH3ZwTqcTV65UYc9XX+LFF57H/zz2GP7r
0Z/hH399Ggf27wvooCKTybDy1tug0Wjg9QKnT53G6VOnur28w+Vy4dDByLYTnTRlCv78t7+HDE5C
eeO113p13NbaJps3bcT6F/+JyorKXu2v4/6BQwf2Y+M7b6G6euD+AiUiIqL+88pLL8Ea5M56b1it
Nrzy0sCpQ1EwfUbA49zcvBBb9q9p06djzrx5mDNvHiZPnhLt4XSqbRF9iVSCZTcv7/I9i5YsCXgc
6obvyRPH/V+nm9Jx/Y0zO93vTQsXBSwROdHm/aGIxWKsWLkKYrEIdpsdG9/pOEvEar16o9VoNAbd
T+vSmO4s0wlm06Z38dBDDw3pdrChDLmA40JpKQ4dPOB/nJmVhe8+9DBS09ICtovT6XD/A99FTm6u
/7njx48Frdx7ubISv338V/jXC8/jT3/4Pd7f/G7fnUAQfXFOPZGcnAK5wjc168L587BYGnq8L5fL
Bau1Gc3NzXA4HAHBhVwux3888KC/xWtDfT02b3wn4IdKd7z4wvNwuz09Hmsk2Kw27Nvbs+mO7TU2
NuLwwYP40x9+h82bNqGhoaFDO+Hu8nqBHdu24pX1L6G2pqZfi4oSERHRwKVUKdHrDxrteb0hLxCj
of2d+qJ29TGUShVMpsAuiG1fy+mjQCQr6+qM7xE5uZ1sGX1ffv4ZamuuzsCYcs01uOPOuxDXstyj
rYSEBKz97vcCOhSWl5WFLMr5+Wef+m82A8CKlaswe87coNvetHARFi2+Gpw4HE7s3rWzy/FPmjLF
X+R0186Pgi5pudCmgUH+xIkdXp88Zap/Rkr7uoLdtWvXLnz/+w/3ah+D1ZBbogIAm955G2lpaf52
rNnDhuHHP/05SkqK0dDQAI1Gg6ysbP9aLgCor6/HW2++EXKfFosFhyM8E6A7+uKcuqttcFJYeKbH
gUNn5HI57lv7gL9jiNPpxJYPP+j1FMZ//PUveOgHP4jEEHvkFz//acT3abPZ8NH2bfjyi88xZsxY
jBk7FknJKVCplFAolFCp1f4e3aF4PF5UX6nC9m1be7zelIiIiAYnpVKF+/7jgZBdQXq8X5USDz+y
Dn956skBsUylxmzG008+idy8PNSYzR0Cj1/++nEolQrs/WpPQFtbVct5mDJM2LdnD15Z33ezUlq7
+w1UVqsV77y1Ad+5627IZL6xTisoQP7Eib5uKfX1gCBAr9cjIzMz4Hyamprx9oY3Q+67ob4em955
G9+64zuQSMSQyaS4ZfVqzJo7F+UXL8JqtUGhVPhrBba1Y9tWlF3s+u/YgX37IEDA5KlTQ9Y7PHzw
IJYuW47EpESMHTceS5Yuw0cf7YDdZsPIUaNx84pbAPjywD1fftnlMTtjMkWuo8xgMyQDjkaLBc/+
4+944MGHkN7yl0MilQSkhG3V1tbihWefRW1NTX8Os1uifU5KpRIZGb61b263B6XnS/x3+QVBgFqj
gVgsRkN9fY/u/guCgOzsYVh5623+mRsulxs7d+zA3q969wMCAArPnMaZ06cxclR46/Yiaf2//tWr
LjZdaW5qwoH9+3DwwH5otVoYExIRr4/HiBE5KJgxI2QRVY/Hi+NHj2L3xztRXFzcZ+MjIiKi2HT/
2gdgyrha1621OGb7Ao7hqDHXoLy8zF/PQ6lS4vbvrMFfnnqyy3at/eFsUWHQziZK5dWCmQUzpsPa
fPUG37e/c6c//OmssKa1mzXkYtWRrw8DLwKrb/uGv52qXC4Peb0CAFeqruD1117B2aKiTve9f99e
CIKAW1athlqjBgDo9foOgUYrr9dXi2/blg/DHv/+fXuxf1/npQg2vr0Bd993P6RSKRYsXoy582+C
0+UK6BK556svcfzY0S6PF+k2zJFeSjZQiSflT/hltAcRDXabDQf274NMKkNCQiJkclmHbRotjdi/
by9e/OcLuHKlqt/GNnxETsCF9oF9+8IqGhTNc0pMSsLc+TdBKpXCZrPi808/Rbxej/ET8jFz1hzM
nTcPM667HiqVCg319bDZbGEFHVKpFKlpaZgzbz5uXnELkpJ96+UcDid2bNuKnTu2R6yTx/69ezEi
Jw/GhP6bErlzxw58vPOjfjue3W5HXW0tKisqUFZWhhEjcmAwGDps19TUjA/ffw+7PtqBiopL8Hqi
u4SHiIiIBp5vr1nj/7q8rAxPP/kkdn+8CzXmGphMGWHN7LBafTNOX12/HkePHMGYsWMRF+frCxqn
i8OpkycDZkUMNC6XE5aGBkzI93VUbDvzoPXr8rIyPPfMM3C5nO3eLUCAgPdalhR316jRo/3LJk6d
OoUTbbo4AsCNM2dDJpPB5XLj888+8c2SaCGRSJGc4iv66XK6OrRW1Wq1/kYKFktDlwVBw3W5shIH
9u2FSCRCfLw+ZN3AK1VX8Pknn+Dl9S+F1bQA8BXc//rwIcikMugNBshkHa+FXE4XiovPYcPr/8bn
n33aq3MJpqqqCpfKy5GZlQ21Wg2RWASp1DenwOFw4tPdu7HhjdfD2ldKSkqPwsJQDh88gKNHjkRs
fwOVcM+aO4b8YnqxWIzcvJFITk6GXC5Hc3MzqqurcfrUyWgPrcf6+5yuu+EGfONbtwPw/aIyV1cj
OSW5w3Q5rxeor6vD8WNHUVR4BuXl5bA2N7cUSfVCEARIJBIoVSpkZmZh5KhRGDN2nH+9mtfrm4b2
4QfvYd+ePXC73RE/lx/+5Gf+WSJ96aPt27F508auN+wjKrUad959D0a3q7x87uw5vPHvV3G5spK1
NoiIiCikO9bciWnTp/vDjfYzLSbk5yPdlIHc3DwoVUqkm0yoMdegxmxGWXkZzhae6XDBpVSqcP/a
B5CTl4uzhUV4+qk/9ecp9VjB9BkBgU+rUN+bSBg3fjyuvf4GuJwufLzzI5SUBM64XbJ0GbKGDUNt
bS02b9wY0NJUIpFg2PDhkEikaGy0dOjkp9VqkZaeDkEQ4fLlyj6byW4yZSAjKxNqlW/WRWNjI4qL
z4UdanQmJzcPqampUCqVsNntsDTUo/BMYcD3oS+NHjMWpowMSMRi1NXX4fjRo7B0o52vUqnC99et
i0jI0Zd/DwcaBhzUa4IgYO2D38OYsWNDbtN6nSy0K/ngcrlRU2OGpaEBLpcLMpkccbo46PWGDvUh
vF7gzOlT2LxxY5+vx7xl1WrMnhu8OFEkvPjCCwGFYaMhLi4O3/v+I0hNS4XX40VNTQ0OHtiP3bt2
orGxf37wExEREQ0W7UOO/rioTEpOhtPhCNpCVSaTISkpGbW1tUEv6iUSCWRyOWxWKzxBZuvK5XKI
RKI+qatH4cvJzet0GU9XigqDL68arBhwUK8pFAr8/Bf/Bb0hcI1bbW0tzhcXo6SkGGUXLyIhIRHT
r70Ww4aP6BB0dMblcqPozBl8+eXnKDx9ut9+yOp0Ovz3//4aEmnkStVYm6147NGf9WnNjXDp9Xr8
+GePwm634/Spk9i/bx9Kis9x1gYRERFRD03Iz8es2XNhtVnx9oY3I7a0g4jCw4CDei0pKQk/efQX
aG5qQlnZRVy8cAElxcWounwZjY0W/8W8IAhQq9VISzdh1OjRMGVkIDExCTqdLiBEcDicqKutQdXl
yygtLUXhmTOorLgUdt2OSBIEAXPn34Qly26GWNzzrsoOuwOvvfoyDh2I7qyNtmQyGUaPGYuGhgZc
Ki+D3d67ftxERERERETRxICDei01LQ06XTwuXfLV03A62xdQ6kgQBEilUsjlckhlMiiVSkgkEths
NjgdTjgcdthstogVEI2EYcNHYO2DD0LVSRXstrxeX1ux//ePv/e613VfEQSBMzaIiIiIiGhQYMBB
1E2CICA+Ph4jcnORmzcSOp0OGo0GDfX1qKmpReGZ0yg+dxZNTU0MD4iIiIiIiPoJAw4iIiIiIiIi
ink9LypARERERERERDRAMOAgIiIiIiIiopjHgIOIiIiIiIiIYh4DDiIiIiIiIiKKeQw4iIiIiIiI
iCjmMeAgIiIiIiIiopjHgIOIiIiIiIiIYh4DDiIiIiIiIiKKeQw4iIiIiIiIiCjmMeAgIiIiIiIi
opjHgIOIiIiIiIiIYh4DDiIiIiIiIiKKeQw4iIiIiIiIiCjmMeAgIiIiIiIiopjHgIOIiIiIiIiI
Yh4DDiIiIiIiIiKKeQw4iIiIiIiIiCjmMeAgIiIiIiIiopjHgIOIiIiIiIiIYh4DDiIiIiIiIiKK
eQw4iIiIiIiIiCjmMeAgIiIiIiIiopjHgIOIiIiIiIiIYh4DDiIiIiIiIiKKeQw4iIiIiIiIiCjm
MeAgIiIiIiIiopjHgIOIiIiIiIiIYh4DDiIiIiIiIiKKeQw4iIiIiIiIiCjmMeAgIiIiIiIiopjH
gIOIiIiIiIiIYh4DDiIiIiIiIiKKeZJoDyCWicViSCQSSCQSiMViiMViiMRiiEQiiEQiCIIAQRCi
PUwiIiIiIiIaALxeL7xeLzwej+8/txvulv9cLhdcLhfcbne0hxmzGHCESRAEyGRyyGQySGVSSKVS
iEScAENEREREREThab0J3tm1pMfjgdPphNPhhMPhgMNhh9fr7cdRxi4GHJ2QSqWQKxSQy33BBhER
EREREVFfEolEkMvlkMvl/uccDgfsdjvsNhucTmcURzewMeBoRyKVQqlQQqFUQCLht4eIiIiIiIii
SyaTQSaTQavVwuVywWa1wWqzwsWwIwCv4FuoVCooVSrO1CAiIiIiIqIBSyKRQKPVQKPVwOFwwNrc
jObm5mgPa0AY0gGHSCSCWq2BSq1iPQ0iIiIiIiKKKf6ZHXFxaG5qRlNTIzweT7SHFTVDMuAQi8VQ
azRQq9XRHgoRERERERFRr4hEIv+sjqamJjQ1Ng7JbixDKuAQBAEarRYajSbaQyEiIiIiIiKKOLVa
DbVajcbGRjRaLEOqA8uQCTjUajU0Wi2XohAREREREdGgp9FooFKp0GixoKmpKdrD6ReDPuBoXY/E
4qFEREREREQ0lIhEIsTpdFAolbA0NMDhcER7SH1qUAccWm0cNFouRyEiIiIiIqKhSyaTwZiQgEZL
IyyWhmgPp88MyoBDKpVCp9NBylkbRERERERERAAAjVYDuVyG+vp6OJ3OaA8n4gZdQQqVSo2ExESG
G0RERERERETtSGUyJCQmQqUafF1FB1XAodPpoIvXRXsYRERERERERAOaLl4HnW5wXT8PiiUqIpEI
8Xo95HJ5tIdCREREREREFBNUajXEEgnqamvh8XiiPZxei/kZHBKpFMaEBIYbRERERERERN0kl8th
TEiARCqN9lB6LaYDDplMBqPRCIlkUExEISIiIiIiIup3EokERqMRshivZRmzAYdcLofRmACRKGZP
gYiIiIiIiGhAEIlEMBpje3VETKYDcrkcBqMREKI9EiIiIiIiIqJBQgAMRmPMhhwxF3DIZDIYDMZo
D4OIiIiIiIhoUDIYYnO5SkwFHBKpFHqDgTM3iIiIiIiIiPqKAOgNhpgrPBozAYdIJIJer2fNDSIi
IiIiIqI+FovX4DEz0ni9nt1SiIiIiIiIiPqJRCJBvF4f7WGELSYCDp1OF7NFToiIiIiIiIhilVwu
h06ni/YwwjLgAw6VSg2VWh3tYRARERERERENSSq1GirVwL8uH9ABh1QqhS4+NpIiIiIiIiIiosFK
F6+DdIAXHR3QAUesTIMhIiIiIiIiGuwG+jX6gA04tNo4SGOw7y4RERERERHRYCSVyaDVxkV7GCEN
yIBDJpNBo9VEexhERERERERE1IZGq4FsgE5GGJABhzZu4CZCREREREREREPZQL1mH3ABh1qtHrBp
EBEREREREdFQJ5PJoB6A3U4HVMAhCAI0Wm20h0FEREREREREndBotRAEIdrDCDCgAg6NVguRaEAN
iYiIiIiIiIjaEYlEA26CwoBJE8RiMTQaFhYlIiIiIiIiigUajQZisTjaw/AbMAGHmuEGERERERER
UUwZSNfyAyLgEIlEA7JACRERERERERGFplarB0ypiQExCrV64CQ+RERERERERBS+gXJNPyACDpVa
Fe0hEBEREREREVEPDJRr+qgHHCqVasBMZyEiIiIiIiKi7hGJRFCpoh9yRD1ZUA6AbwIRERERERFR
X5BKpZBKpdEeRp8bCNf2kqgeXCqFTCaL5hCIiIiIiIiIIk6j0SAhMREymRwA4HDYUX3lChobG6M8
sr4hk8kgkUrhcjqjNoaoBhxKhTKahyciIiIiIiKKOJ1Oh9S0NCiVV0syeDxqKBQKVFy6hPr6+iiP
sG8oFUpYohhwRHWJikKpiObhiYiIiIiIiCJKLJEgMSkZKlVg+1RfnQo1EpOSIZZEda5Bn4n2NX7U
Ag6pVArJIP1DJSIiIiIioqFJqVBALpdDEIQOrwmCALlcDqVicN7sl0gkUa03ErWAQz5I/0CJiIiI
iIho6JJIJBCJOoYbrUQiYVDf7I/mtX7UvqtyuTxahyYKyWAwIjklpcPzp06eiMJoiIiIiIgo1tjs
drjd7pCvu91u2Oz2fhxR/5LL5Wi0WKJy7KgEHIIgDKnuKXK5HBqNBhKpFGKxBIAXbpcbTqcTFksD
nFEswkKBJFLJgOjfTEREREREsclus8FisUAmk7Vc/13ldrtgabDAbrNFaXR9TyaTQRAEeL3efj92
VAKO1jY5g5lCoUBiYhJ08fGdzlbxer2w222ora1F1eXLcLlc/ThKIiIiIiIiiiSv14vKigqIRWJo
4+IgFvsqQ7jdHlgaGlBZWRGVi//+JJPJYbf3f4gTpYBj8M7eEAQBaenpSEpKDqiY29n2CoUSqalK
JCYmobysDNXVV/phpERERERERNQXnE4nSkvPI06n888Qb25uRkN9/aAPNwDfNf+QCTiksuhVVe1L
YrEYI3JyoNXG9ej9EokEWdnZUKqUuHjhQoRHR0RERERERP3F6/Wivq4O9XV10R5Kv4vWNX9UuqhE
s21MXxo+YkSPw422kpKSkZqWFoEREREREREREfWvaF3z9/sMDrFYHNbSjViTlJyMuDhd0NcsFgtq
a2rQ2GiB3W6HIIigUCigjdPCYDBCqVR2eE9qahosDQ1obGzs66ETERERERERRYxIJIJYLO60m0xf
6PeAY7D2+01MTAr6fMWlS7h0qbzdsx40NTWiqakRlysrkT1sOAwGQ8AWrbU8Cs+c6aO0t1reAAAg
AElEQVQRExEREREREfUNiUTS7wFHv0+lGIwBh1qthkKh6PC8xdIQJNwI5PV6cb6kGFartcNrGo0W
sk46sBARERERERENRNG49o/KEpXBJtgSEwCoC7OYjNfrhbm6GqaMjIDnBUFAfHw8qi5fDnssYrEY
coUCMqkULrcbDocDDrs97Pd3RalSQSqRQCQSweVyw263wel0Rmz/gG86k1KphFQqhd3hgLW5Oez3
SqVSyORySFvSQnuEz7/tGBUKJWQyKdxuN2x2O5wOR8SPQ0REREREFIuice3PgCMCxCGSKVc3Lvwt
FkvQ52XSrlvqisViJCen+FsQCYIQ8LrT6URjowXV1dVoqK8Pe0yt+05ITER8vB5KpbLDn5/X64XD
YUdDQwOuVFUFnYnSVnx8PNJNpnbjc6HwzGlIpVKkm0yIj9cHHKf43DnU1taE3GdcnA7GBKNvxkuQ
FsR2u923HOjyZTQ3NYVz2p2OPzEpCRqNNqCWjNfrhc1mQ22NGZcvX4bH4+nVcYiIiIiIiGLZkAg4
RIMw4HA5XUGfVypVAEJfmLdlt9tQXlbW4fnmLmYvGI1GpKWbgl7Yt5JKpdDrDYjX61FXU4vS0vNh
rYXSGwwwZWR0GrIIggC5XIHERAWMxgRcqapCWdnFkNuLxWIoFIEzXiRSFxQKBXJycyGXd1zqA6Hj
UwAglcmQkZGBeL0eQqiNAMjlcsjlcuj1BlRXX8HFCxe63XtaJBIhKysbeqMh6LEEQYBSqYQy3YR4
vQElJcWwdRH2EBERERERDVbRuPbv/4BjEHZQsVqDhxDGxASYzdWw2Wxd7sPtdqOysqJbx01NS0Nq
alqHGRuhCBCgNxggkUpx7mxRpyFHckoK0k2mToOD9kQiEZJTUiCTy1B87lz47xNEyB42PHi4AQBB
wgipVIqcnFyoVKqwjyMIAhITk6BQKHC2qKhbsyxG5OSE7JLTnkqlwvDhw3Hm9Ol+L6pDREREREQD
h0wmg0KpBLyAzWaFYwgta4/GtX+/H3EwBhzNzc1Bl2ZIJVLkjRwJg8EY8WMmp6QgLS097HCjLa1W
i4zMzJCvGwzGTsMNl8sFp9MZchaEXm9ASkpq2OMRiURQq9UhXw92mGHDR3Qr3GhLq41DZlZ2t94T
brjRSqlUISk5uVvvISIiIiKiwUEkEiExKQnDR4xAZmYWMrOyMHzECCQmJQ3Ka+JgonGe/T6DoycX
5LHgcmUFsocN7/C8VCrDsOHDkZSchOrqatSYzb2uz6DVapGWlt7hea/Xi9raGtTV1sJut0MskUCr
0SIhMRFSqTRgW4PBiBqzGQ0NDQHPC4IQNNzwer2orq5GZWWFv2inTCZDSkoqEpISO2yflJzc7Rkp
7Y/nhRciQQQgMOFITk6BVqvt8B6n0wGz2YxGiwVOpxNSmQw6nQ5GY0KHf1wGo6Hl/MOvSeKFF5YG
C+rr6mC323zLUlQqGI0JkAfpdmMwGFBx6VLY+yciIiIiosHBmJCAlJQUSKUy/zWwTCbzX5ddqaqK
5vD6RTSu/RlwRIjZbIZGG4eEhISgr6vVGqjVGqSnm2CxWFBfV4va2toehR1p6ekdLtg9Xg9KS0pQ
UxNY88PS0ACzuRp5o0YF1NIQBAFJyckdAg69wRC0nkd5eRkuV1YGPOdwOHDhQikgAImJSQGvSaVS
6OLjUR9mJxkAcLmcvhCopgY2qxVerxcymSxgmUfrMpj2bDYbiooKAzumNDejvq4OdbW1GJ6TA7Ho
6howAa3nH17A4fF4cPHiBVRfuRLw/P/P3p01R5Kl6X1/zvEldqyJ3Cq3qsqspavX6dnIaZoojmbM
dEGTma50QeMFL/Up9Bmk76AbXUhmMl3RRiNKoo2J5NB6umemu9asyqrckNhj9+UcXXhEIAIILLkC
Dvx/3ZkJuHtEeKAQEe6Pv+c9Ozs7erG+ro8/+fTQVMGVSlVRFL3xWWYAAAAAnF9xHGt1dXUm3JCK
c7AoKtbt7uxc+OEqZ3HufzlqY96R7759qPX158c2sAzDUMvLy7r3/gf6yc9+pg8+/FCthYVTP0ar
taBm83D1wov19UPhxthwONSL54cTwlZr4VCYUa8dHvaR5dmhcGPas6dP5z7nRv3oYSfz9vGLzz/X
4x9+UL/Xm9xfkiQzAcfqlSuHqlEk6YfvHx05Heze3t7c/W82m6cum3r29MmhcGMsy7K5CawxRo1G
81T3DwAAAOBiqFZrCsNo7gm+MUZhGB2aeAFvxjuv4Ljovn/0SO12W++9d+vQFf2DwiDU8vKKlpdX
1O129PTp0xMrHlZWVw4ty/Ncz54ePxxkff25rl2/rnBqSltrrRYWF2dO3J8/f6aNjdkT+ZNmHEmS
RFmWKjow20p4xPS58zx5/MOJU8xK0tLS8qFl/X5fuydMf7v+fF3Xr9+YCTSCIFCtVle32znxcZ+e
8PNtt/fmLg8jXmIAAAAA8C5w9vUW7Gxva3dnR9euXdeVtbW5/RkOajSaun//gba3t/Tou++UZfOn
nq3PqYpot9tHbj/mnNNwOFAYzlYUFPe3H2ikafpKQyqcOxyCvExTmW63e6rtarXDSWen3T7xdnme
aW93V3FlNoQJgjdTxDQ8onrkLOZ+BgAAAHB2BoO+sixVHMeHqji898qyVIPByRd38fLeecDhvb+w
fTimee/17NlTPXv2VKurV7S8sqJWq3XiSf/y8opqtbq+/urLudPLVmuHq0LSJFGjefJQiHkhSKVy
uN/GPJVKRY1mU9VqVUEQyNpg5r/jy1RrvKpKpTJ3eEqvd7pw5Ouvv3rTuzRxVC+Vl5lmFwAAAED5
JUkx+UEURTN9OLz3k4kRLnr/DenkkQBvAwHHO7C5uaHNzQ2FYaiV1VUtLi4d2/+hWq3qgw/v64vP
fz8TSsRxPJpVZNba1atau3r10PLTsPboCoMgCHX9+nUtLi3NrZx41+J4fiXMYDC/egIAAAAAzsLm
xoYkaXV1VWFYXKTNslSbm5uTdRfdpQg4nHOXZt7fg7Is0/rz51p//lxxpaK1tTWtrs5vmlmr1XTj
5k19/+jRZNm87V7XUUM0VlZWdOv27UN9Nc7SUVUieX788BwAAAAAeJecc3qxvq7dnR1VazXJF0NX
LkPlxtirzBj6us4k4ICUDId6/MMPevb0me7cvauVlcPNQ1evXNGTx48ns4jYt9LP4XA1zZW1Nd25
c/fISpvc5cqzfCaRmze+7E076u7ffS4IAAAAACdLkuRShRrTLkfAMTXlJ4rqg4fffK0oCtVqzU4X
G9hAS0tL2tzclHT0zy5JEjn3aj/Xg80xq9Wqbt26dSisyF2uzY1NbW1tqts5POvIj3/y01M1U30d
WTb/OQbHDLMBAAAAALx7Z3Hu/84DjvyCBRwrK6u6srZ2aPnTJ4/VPsXsHmMv1tcPBRySinKmkaNm
6lhff67nz56d+rGOc/XaNQXB7K+Fc05ff/nVkVOhvitpNn92l0ol1iknYQEAAAAAvANnce5PwPGa
gjBQq9U6tHy7VnupgKPX681dPt13IssyZXmm8EAAMW/q2Fc1L2TZ3t4+83BDkgb9vvI8PzT1aq1e
l7a2zmivAAAAAAAHXYqAY95UpWXWPyKYaDaberG+fur7GXfWPSjPZ8ct9bo9LSzMhhALCwsKgvCN
NNuc18h00D8fczR779Xv99U8MCVuo3HyFLmS9PEnnx6aFve7b7/V7u7uG9tHAAAAAMDZnPu/8+lM
LlrA0el0lKaHh04sLS2rXq+f+n6WV5bnLk8PNKSZV0kRhqFuvnfzVI8TRZHe/+ADxfH82VHmzXAT
RsfnYNVq9cgZTt609t7h599sNlWtVo+9Xb1eV6PRUBTFM3+OGvYDAAAAAHh1lyLgyPP8ws2ksrW1
eWiZtVYf3n8wd/jKQUvLy1pbu3poufdeOzvbM8terK/PDVTW1q5q7erh+5hWq9V0/8EDrays6v6D
j+Y2Bc3mVIEsLi4dGhYyVqlU9P4HH85f/xYmVXnxYv3Q748xRrdu3znyNtZa3Z4zK8xg0NdgMHjz
OwkAAAAAl5hz7kyGqLzzgEPS3BP0Mnv65OncSoA4jvXgo491/8FHWlu7OtMwNIoiLa+s6IMPPtQH
[...]
AAAQT+AAAAAA4gkcAAAAQDyBAwAAAIgncAAAAADxBA4AAAAgnsABAAAAxBM4AAAAgHgCBwAAABBP
4AAAAADiCRwAAABAPIEDAAAAiCdwAAAAAPEEDgAAACCewAEAAADEEzgAAACAeAIHAAAAEE/gAAAA
AOIJHAAAAEA8gQMAAACIJ3AAAAAA8QQOAAAAIJ7AAQAAAMQTOAAAAIB4AgcAAAAQT+AAAAAA4gkc
AAAAQDyBAwAAAIgncAAAAADxBA4AAAAgnsABAAAAxBM4AAAAgHgCBwAAABBP4AAAAADiCRwAAABA
PIEDAAAAiCdwAAAAAPEEDgAAACCewAEAAADEEzgAAACAeAIHAAAAEE/gAAAAAOIJHAAAAEA8gQMA
AACIJ3AAAAAA8QQOAAAAIJ7AAQAAAMQTOAAAAIB4AgcAAAAQT+AAAAAA4gkcAAAAQDyBAwAAAIgn
cAAAAADxBA4AAAAgnsABAAAAxBM4AAAAgHgCBwAAABBP4AAAAADiCRwAAABAPIEDAAAAiCdwAAAA
APEEDgAAACCewAEAAADEEzgAAACAeAIHAAAAEE/gAAAAAOIJHAAAAEA8gQMAAACIJ3AAAAAA8QQO
AAAAIJ7AAQAAAMQTOAAAAIB4AgcAAAAQT+AAAAAA4gkcAAAAQDyBD+Z+CwAAHNJJREFUAwAAAIgn
cAAAAADxBA4AAAAgnsABAAAAxBM4AAAAgHgCBwAAABBP4AAAAADiCRwAAABAPIEDAAAAiCdwAAAA
APEEDgAAACCewAEAAADEEzgAAACAeAIHAAAAEE/gAAAAAOIJHAAAAEA8gQMAAACIJ3AAAAAA8QQO
AAAAIJ7AAQAAAMQTOAAAAIB4AgcAAAAQT+AAAAAA4gkcAAAAQDyBAwAAAIgncAAAAADxBA4AAAAg
nsABAAAAxBM4AAAAgHgCBwAAABBP4AAAAADiCRwAAABAPIEDAAAAiCdwAAAAAPEEDgAAACCewAEA
AADEEzgAAACAeAIHAAAAEE/gAAAAAOIJHAAAAEA8gQMAAACIJ3AAAAAA8QQOAAAAIJ7AAQAAAMQT
OAAAAIB4AgcAAAAQT+AAAAAA4gkcAAAAQDyBAwAAAIgncAAAAADxBA4AAAAgnsABAAAAxBM4AAAA
gHgCBwAAABBP4AAAAADiCRwAAABAPIEDAAAAiCdwAAAAAPEEDgAAACCewAEAAADEEzgAAACAeAIH
AAAAEE/gAAAAAOIJHAAAAEA8gQMAAACIJ3AAAAAA8QQOAAAAIJ7AAQAAAMQTOAAAAIB4AgcAAAAQ
T+AAAAAA4gkcAAAAQDyBAwAAAIgncAAAAADxBA4AAAAgnsABAAAAxBM4AAAAgHgCBwAAABBP4AAA
AADiCRwAAABAPIEDAAAAiCdwAAAAAPEEDgAAACCewAEAAADEEzgAAACAeAIHAAAAEE/gAAAAAOIJ
HAAAAEA8gQMAAACIJ3AAAAAA8QQOAAAAIJ7AAQAAAMQTOAAAAIB4AgcAAAAQT+AAAAAA4gkcAAAA
QDyBAwAAAIgncAAAAADxBA4AAAAgnsABAAAAxBM4AAAAgHgCBwAAABBP4AAAAADiCRwAAABAPIED
AAAAiCdwAAAAAPEEDgAAACCewAEAAADEEzgAAACAeAIHAAAAEE/gAAAAAOIJHAAAAEA8gQMAAACI
J3AAAAAA8QQOAAAAIJ7AAQAAAMQTOAAAAIB4AgcAAAAQT+AAAAAA4gkcAAAAQDyBAwAAAIgncAAA
AADxBA4AAAAgnsABAAAAxBM4AAAAgHgCBwAAABBP4AAAAADiCRwAAABAPIEDAAAAiCdwAAAAAPEE
DgAAACCewAEAAADEEzgAAACAeAIHAAAAEE/gAAAAAOIJHAAAAEA8gQMAAACIJ3AAAAAA8QQOAAAA
IJ7AAQAAAMQTOAAAAIB4AgcAAAAQT+AAAAAA4gkcAAAAQDyBAwAAAIgncAAAAADxBA4AAAAgnsAB
AAAAxBM4AAAAgHgCBwAAABBP4AAAAADiCRwAAABAPIEDAAAAiCdwAAAAAPEEDgAAACCewAEAAADE
EzgAAACAeAIHAAAAEE/gAAAAAOIJHAAAAEA8gQMAAACIJ3AAAAAA8QQOAAAAIJ7AAQAAAMQTOAAA
AIB4AgcAAAAQT+AAAAAA4gkcAAAAQDyBAwAAAIgncAAAAADxBA4AAAAgnsABAAAAxBM4AAAAgHgC
BwAAABBP4AAAAADiCRwAAABAPIEDAAAAiCdwAAAAAPEEDgAAACCewAEAAADEEzgAAACAeAIHAAAA
EE/gAAAAAOIJHAAAAEA8gQMAAACIJ3AAAAAA8QQOAAAAIJ7AAQAAAMQTOAAAAIB4AgcAAAAQT+AA
AAAA4gkcAAAAQDyBAwAAAIgncAAAAADxBA4AAAAgnsABAAAAxBM4AAAAgHgCBwAAABBP4AAAAADi
CRwAAABAPIEDAAAAiCdwAAAAAPEEDgAAACCewAEAAADEEzgAAACAeAIHAAAAEE/gAAAAAOIJHAAA
AEA8gQMAAACIJ3AAAAAA8QQOAAAAIJ7AAQAAAMQTOAAAAIB4AgcAAAAQT+AAAAAA4gkcAAAAQDyB
AwAAAIgncAAAAADxBA4AAAAgnsABAAAAxBM4AAAAgHgCBwAAABBP4AAAAADiCRwAAABAPIEDAAAA
iCdwAAAAAPEEDgAAACCewAEAAADEEzgAAACAeAIHAAAAEE/gAAAAAOIJHAAAAEA8gQMAAACIJ3AA
AAAA8QQOAAAAIJ7AAQAAAMQTOAAAAIB4AgcAAAAQT+AAAAAA4gkcAAAAQDyBAwAAAIgncAAAAADx
BA4AAAAgnsABAAAAxBM4AAAAgHgCBwAAABBP4AAAAADiCRwAAABAPIEDAAAAiCdwAAAAAPEEDgAA
ACCewAEAAADEEzgAAACAeAIHAAAAEE/gAAAAAOIJHAAAAEA8gQMAAACIJ3AAAAAA8QQOAAAAIJ7A
AQAAAMQTOAAAAIB4AgcAAAAQT+AAAAAA4gkcAAAAQDyBAwAAAIgncAAAAADxBA4AAAAgnsABAAAA
xBM4AAAAgHgCBwAAABBP4AAAAADiCRwAAABAPIEDAAAAiCdwAAAAAPEEDgAAACCewAEAAADEEzgA
AACAeAIHAAAAEE/gAAAAAOIJHAAAAEA8gQMAAACIJ3AAAAAA8QQOAAAAIJ7AAQAAAMQTOAAAAIB4
AgcAAAAQT+AAAAAA4gkcAAAAQDyBAwAAAIgncAAAAADxBA4AAAAgnsABAAAAxBM4AAAAgHgCBwAA
ABBP4AAAAADiCRwAAABAPIEDAAAAiCdwAAAAAPEEDgAAACCewAEAAADEEzgAAACAeAIHAAAAEE/g
AAAAAOIJHAAAAEA8gQMAAACIJ3AAAAAA8QQOAAAAIJ7AAQAAAMQTOAAAAIB4AgcAAAAQT+AAAAAA
4gkcAAAAQDyBAwAAAIgncAAAAADxBA4AAAAgnsABAAAAxBM4AAAAgHgCBwAAABBP4AAAAADiCRwA
AABAPIEDAAAAiCdwAAAAAPEEDgAAACCewAEAAADEEzgAAACAeAIHAAAAEE/gAAAAAOIJHAAAAEA8
gQMAAACIJ3AAAAAA8QQOAAAAIJ7AAQAAAMQTOAAAAIB4AgcAAAAQT+AAAAAA4gkcAAAAQDyBAwAA
AIgncAAAAADxBA4AAAAgnsABAAAAxBM4AAAAgHgCBwAAABBP4AAAAADiCRwAAABAPIEDAAAAiCdw
AAAAAPEEDgAAACCewAEAAADEEzgAAACAeAIHAAAAEE/gAAAAAOIJHAAAAEA8gQMAAACIJ3AAAAAA
8QQOAAAAIJ7AAQAAAMQTOAAAAIB4AgcAAAAQT+AAAAAA4gkcAAAAQDyBAwAAAIgncAAAAADxBA4A
AAAgnsABAAAAxBM4AAAAgHgCBwAAABBP4AAAAADiCRwAAABAPIEDAAAAiCdwwP+3d2fNdRznGcef
XmbmLAAILpIoxnbZcWxVLuJUvmE+Y+5sOalsokwBwnKWWXu6czHnAJBIirIDCuqD/68KKpAFjPq9
OdL7TPfbAAAAAIDsEXAAAAAAAIDsEXAAAAAAAIDsEXAAAAAAAIDsEXAAAAAAAIDsEXAAAAAAAIDs
EXAAAAAAAIDsEXAAAAAAAIDsEXAAAAAAAIDsEXAAAAAAAIDsEXAAAAAAAIDsEXAAAAAAAIDsEXAA
AAAAAIDsEXAAAAAAAIDsEXAAAAAAAIDsEXAAAAAAAIDsEXAAAAAAAIDsEXAAAAAAAIDsEXAAAAAA
AIDsEXAAAAAAAIDsEXAAAAAAAIDsEXAAAAAAAIDsEXAAAAAAAIDsEXAAAAAAAIDsEXAAAAAAAIDs
EXAAAAAAAIDsEXAAAAAAAIDs+YdeAAAAPycppd2XJKW3f8AYGUnGGBljfuLV/e2oK5+6UpJiikox
KqZ0p6ykJO3qsTLWyFmbTV0AAHxsBBwAgEcvpaQYo2KMGseomN5uLPeMMbLGyjorZ63srsH8OTaZ
1JVXXTFGhXHUMAzqh0EhjIoxKqXbevYBh7VWzjkV3qsovLz3N/UBAPBYEXAAAB6Vu82iMUYpJY3j
qK7vFcKocddQ3v25/c/utglMDbKdGmbnnLx38s7dNM8Pgbryqevueo0x0m6tXT9ovdmoaTsNw6Ax
Rt3u2nh7ndYYee9UFIWqslRVlarKUoX3BB0AgEeJgAMAcPD2b/zHGJViUlKa3uxbK2OsooxClEZJ
rqhknZO17rb5lHabApJiHBXHUWMYNIRRQwhyg5XfvUn/KZtL6sqnrqmmpDAGhRAUwqgk3YQuzjmF
ZNSGpJCMyuWJinIm5/13a0tSSuP0jL5T39baNp3qulFRFJrPKi0Wc81nM3nnfpY7VQAA+FgIOAAA
B22MUcMQFMJuy39KkpKMpobZeS9fVpofncgVlWbzI/mylHVumnNwp2FOKSqOQWHo1bWNumajvm00
dK1C1ymEoFiVKotCzjnqoq5pKSlpCEFN06pumpvdJ5JkrJF3XlVVaXb0RM9e/lLl/EinL15qtjxW
UVay1u8CDkkpaYyjQt+q3W61vjrX6uIbrS/P1Wyu1V2v1LadTo6PdLRcqig8IQcA4NEg4AAAHKwY
o4ZhUNt2CuM4NcDO3xx1GMagIbTyY9TRk4WOnzzX4uRUzhffe1K62RGQ0v5tfNDQtWo2a22vL1Rv
rhSGXqntlJJUlZqabup69HWNMapuGl1dr9R2vYzzcsVM1jrFOKrtO9Vtq/kw6rPj53r16y/04u9+
o3I2f6uuKe+JSmna3TIMnerVpS7efKU3//1nnb/+LzX1RmNcKaWk4+MjFZ6QAwDwOLh/+ec//OtD
LwIAgPu2P+bQD4OGIcg6r9nREy1Pnmt+fKpyvpTzhVKSwtCr7xqNYZBzXtYXt8cCJEm74wG74ZTG
Wlnr5ItS88WRqsWRJKNx6BXCoBijZHRzw8V9NpfUlV9dQz9ovdmqblq5cqbTz36lT371hZ5+/hsd
Pf1UxWyhFKPaeqvt1bfq20a+rFRWc3lffKcua+1NPcY6OV9ovjjS6YvP9eT5SxkjtfVGbVNrCIOM
pjkd3LYCAHgMCDgAAAdrf9xhjFHFbKmjZ59pefqJqsWxyvmxysWRfFEppahxGNR3tbqmljFGvtgf
e5D0rvf6d5pnX5Qqq+ltexh6jbum2cjIfYQ5CNSVT11JUj/0qptWwzBocfqJPvvtH/TJr/9RJ5/8
nY6fv9Tx85cqF8eKIahrtlpfnWl9eSZjrWbLIxVltctrzHdqm/48BR7OOc0WR1o+eSYpqak36ppG
YRhkrVXhCznH4FEAwGEj4AAAHKwY481NG76aabY8UVHNZXZvs63zKqqZinI2/XwYNHSt+nZqmoty
Juf87eDK9zFGzk/PMpKGvlMIg5SS7J2rSanr8dWVUtIwBDVdqz6Mmh2d6vTTX2p+/FTW+SlwKWea
Hz/V/PhURlLf1qpXl9pcnckYo+XJqcpyJmPdW7fK7Je533lSVDMtTqbn1OtrtU2tGON0c4x33K4C
ADhoBBwAgIP1nYa5rFQtjuXLmYy5bfKMsXK+VFHNZa1TGDqFfvqyzqmcLWV/zADKXQPuilJpHDV0
jcYQJEnOWdl7PPpAXfnUtR8w2u6GmlbLE528+Fyzo1NZe7tOa6e1z4+fyvlCXb1Su75Ws1nJF6WW
py/ki0LSFGoY7caMfKekaYdHWc5UzRcah16b60t1bSNJKgovzzwOAMABI+AAABysH9MwS1Nj6JyX
KysZY26a5hRHlbPF9Kb/RzSF0y4DJ2OtwjCo71rFGGWNvdcrO6krn7ruBhz9MKhaPtHJi1dvBRyS
pqMmu7qNNWq3KzXblULf6/j0hRbHp7LOKaXbnRvfr2d/nawvKlnn1dYbba8vFccg75yKspBjFwcA
4EBxiwoA4MCld3z3Drs5DvPjZ1KSunot44rpKtExyjnz4aMPmt7Ez+ZHOjp5pr6t1dXb6cpT71Tc
6wBL6sqhrrvHSKQp8Lh7zORd66kWJ3rxi99JMlqdfSU3W6hpW4UQdgNGrfaPMMbsLo2ZnrsPOXxR
6PTFS7381T9oe32h1flfVLetZrPqXkMpAAB+Tgg4AAAHad/oGWOm7fwpSTFJP9BcylgV1Vzu2Wea
nzyVZOTKSkMYlVKStUbGfrg5dEWh+dGxFvWJhq5VGEeFEO6lsaSuvOqSJGusrLFT0BGjYow/HHI4
p9nxM7387T/p2au/l7FW1fJETdsqxlHOTben3MzTeNd5FRmVs4WevfyFLr/5StvrC3Vdr6ZtVZWl
vOd/AQEAh4f/ugEADtY0R8FKRorjqDgO01vuH/olY6ZrR32xaxqT2marsWtkrdHi6ETlbCHzA9v8
jbEqqpnmyxM127W67Xo6euHHexnySF151eWclfdORrvjNF2rOAYlX743QLHWqpwtVc6Wu7An6urb
c7Xrb+W904uXv9DRk+e7uRx66zn7oayL41M9f/lLXZ691vXZ12raTvPZ8FFuwQEA4KExgwMAcNDG
GDWOUSlFuWIaTulc8aOOLxglpRTVbddaXbxRvb5UiklFVcl9YFijMWaav9C16rt62lHg3L01ltSV
R103zx0GdX2vGKOq+ZEWJ8+mG2J+VF1SjEGrs6/01Zf/prP//Q/FMWh5/ERFNXsrhLl7VMUYoxjH
3a0s3yqOo8qiUFkW3KgCADg4BBwAgIOWUlIco8ZxlCT5opIvKhn74Zs2jJlOSMQxqKvX6putQt9K
MirKH26azdRuK/SturbWOE5HCwp/f8MrqSufusYxqh8GDX2nJKlaHKtankxXxf7I5w9dq9X5a60v
/qJ6fS1jrObLk3eGHPtnGmOU4qhms9Lq4kzD0KksCs1mFcNGAQAHh4ADAHCw9k3e1DSPGscgabph
wvnirds53vEEGUnWWSml3XWkrYa+lSQV5Wz3nHdeaTH9ThjUNdvpGlM73c7x/31zTl151bVf2Rij
+qHX0LUyxmg2P1Y5X344vNndC+tdoaSodnutZn2len0lo6TF0bST4/vHcO7OM+majVYXb9RuVyq8
16ysOKYCADg4BBwAgINmds1h3DXNMQySklxRyLripgl8b5u3mwvhfCFjncLQ3zTNKUY5X+x2Bry7
CR7DoLbZ3jS13ntZ637MiQvqOpC6jDGydlp1HEf1fae+bSRFlfOlinJ+u5737TDZzdQoZwt5X6ir
16rXV2o2V4phVDlfqKzmMtZ+Z/fGPrjp21rX529UX1/KWKNZVaks3hP2AACQKQIOAMBBu72ZwyjG
qBCCxqFXiqOc9XLe37whN+9rm42Z3uYXpWSMxmHaGdB3t7sDnPNyzr3VoI5hUFdv1DW1pCTv3f3e
OkJd2dRlnZ0GjY5BXdeqrzcKfSdfzlRU0yBUs1v/e5/hC1XzpYy1auuV2vVKm+sL1ZtrKUWV1Vy+
KL+z62TawbHV9flftL46k5RUVaWq8v1DTgEAyBEBBwDg4O3foBtjFFPUGMJ0m8XQKYZBMUYZ3Q5m
lHlH67xrmp0vZV2hOI4Kfaeha9Q3Ww19q7ibG2Hu3gYSBrX1Vl1bS2lqmN1fMXeBug6rLuedrLEa
w6iubdTWa7Wba/VtrThOu1WmHSP2nf9OY6ysL1TOj1RUC41Dr3pzpe31t1p9+42azbVC3yklyVo3
HdeR1He1VudvdH1xphijZlWlWVUyaBQAcFAIOAAAj4LZNbzGTMMk465pHtpGfbtR304DKWMYFENQ
HIOk6YrSmz7TWBnnpsGXu5kH49Cr76bBlG29UbtdqWtqDV2j0LXq20ZtvdHQ7ncEePnifhpm6sqr
LmOM7O7Yi3NOKSb1fat2u1Z9fa71xRttr75Ru7lS3241tLXC0CnFePP70i64KUpVyxPNl09kXaGu
2Wi7utD68kxXZ3/R5dlXWn/7jbarC9Wra22uLnR19lqbq3MpJc3nlWZVRcABADgo/qEXAADAT8Va
q7KYrsccXFAIQWEcNIZefbuVdStZ53dvvr2cn+Y+2Js5DOame04xylqnYrbYHYPod0cbtnLuWtY5
WeuUkjSG6XpQ56zc/hgCdT3KuvZzPZbLhbx3mtWl6rZT39faNBttr8509eZ/5MvZFMyUlcpqIT+b
qyjnsr64vXnFSDEE+aLQ8skLGWvVb1fTUZTLM50X/zkNVi0KKSW19UYhDKrKUv6edqUAAPBzQsAB
AHhUrLUqjJFzTnEsNI6jwjhqHEfFOCqEQUqaZjwYOx1/uBnc+PZxiJSSUhyVYtx9H2+OPki3N1l4
71WWpfw9XTtKXfnWZaTpdpbZXGVRarkc1PW9uq6frpINvbp1rSal6aiKtVOoYd309b2jOUlTgDOG
QTGOiruahr5Ts13frN/uhoueHB9pPnv7alkAAHJHwAEAeHSMMXLGyFkr752KmBRTVIxx1zhPf04p
Td2jklKK0u6PKSVNf7uTkqZe0Wn/Q0nT5gFrrJxzKotCvvByH7GppK686rLWyFov752qqtK4GBXC
qBCC+mGYBqyOUWMcd8sep3AmpV1NSfGmXskoyVsjXxVTTbu6zS4gqspCy8VCi/lc3n/galoAADJE
wAEAeNSm5s/IyU6No/dKu+Yw7VvipDvfp30PPf3dvjnW/h93ni0jY3czE+y7h0ZSF3XdDXDKorgJ
bGKcvqZAYypi//0+5NjXPeUd6Z23yxhr5KybwqGi+KihDQAAD4mAAwCAnZut/x+wfzP+oWf9XFBX
XnVZa2TlJPf+XRZ3a3pffbc1mffdPAsAwEEh4AAA4K/0c2qG7xN15eNuTYdYHwAAfwv2KAIAAAAA
gOwRcAAAAAAAgOwRcAAAAAAAgOwRcAAAAAAAgOwRcAAAAAAAgOwRcAAAAAAAgOwRcAAAAAAAgOwR
cAAAAAAAgOwRcAAAAAAAgOwRcAAAAAAAgOwRcAAAAAAAgOwRcAAAAAAAgOwRcAAAAAAAgOwRcAAA
AAAAgOwRcAAAAAAAgOwRcAAAAAAAgOwRcAAAAAAAgOwRcAAAAAAAgOwRcAAAAAAAgOwRcAAAAAAA
gOwRcAAAAAAAgOwRcAAAAAAAgOwRcAAAAAAAgOwRcAAAAAAAgOwRcAAAAAAAgOwRcAAAAAAAgOwR
cAAAAAAAgOwRcAAAAAAAgOwRcAAAAAAAgOwRcAAAAAAAgOwRcAAAAAAAgOwRcAAAAAAAgOwRcAAA
AAAAgOwRcAAAAAAAgOwRcAAAAAAAgOwRcAAAAAAAgOwRcAAAAAAAgOwRcAAAAAAAgOwRcAAAAAAA
gOwRcAAAAAAAgOwRcAAAAAAAgOwRcAAAAAAAgOwRcAAAAAAAgOwRcAAAAAAAgOwRcAAAAAAAgOwR
cAAAAAAAgOwRcAAAAAAAgOwRcAAAAAAAgOwRcAAAAAAAgOwRcAAAAAAAgOwRcAAAAAAAgOwRcAAA
AAAAgOwRcAAAAAAAgOwRcAAAAAAAgOz5h14AAOCnsVgs9PmrVzo9faqyLB96OQDwUfV9r6urS339
+rXqun7o5QAAfgIEHADwCLx48UK/+/0XD70MAPjJlGWpTz/9TJ9++pm+/NMfdX5+/tBLAgB8ZBxR
AYADt1gsCDcAPGq/+/0XWiwWD70MAMBHRsABAAfu81evHnoJAPDg+CwEgMNHwAEAB+709OlDLwEA
HhyfhQBw+Ag4AODAMVAUAPgsBIDHgIADAA5c3/cPvQQAeHB8FgLA4SPgAIADd3V1+dBLAIAHx2ch
ABw+Ag4AOHBfv3790EsAgAfHZyEAHD4CDgA4cHVd68s//fGhlwEAD+bLP/1RdV0/9DIAAB+Zf+gF
AAA+vvPzc9V1rc9fvdLp6VOG7QE4eH3f6+rqUl+/fk24AQCPBAEHADwSdV3r3//854deBgAAAPBR
cEQFAAAAAABkj4ADAAAAAABkj4ADAAAAAABkj4ADAAAAAABkj4ADAAAAAABkj4ADAAAAAABkj4AD
AAAAAABkj4ADAAAAAABkj4ADAAAAAABkj4ADAAAAAABkj4ADAAAAAABkj4ADAAAAAABkj4ADAAAA
AABkj4ADAAAAAABk7/8AqerUJP6gvWgAAAAASUVORK5CYII=
" width="800px"&gt;</msg>
<doc>Takes a screenshot of the current page and embeds it into the log.</doc>
<status status="PASS" start="2024-02-13T18:46:58.044741" elapsed="0.598213"/>
</kw>
<msg time="2024-02-13T18:46:58.642954" level="INFO">xpath criteria: //android.widget.Button[@resource-id="android:id/button1"]</msg>
<msg time="2024-02-13T18:46:58.642954" level="FAIL">ValueError: Element locator '//android.widget.Button[@resource-id="android:id/button1"]' did not match any elements.</msg>
<arg>locator=${ok_button}</arg>
<doc>Click element identified by `locator`.</doc>
<status status="FAIL" start="2024-02-13T18:46:57.794863" elapsed="0.850086">ValueError: Element locator '//android.widget.Button[@resource-id="android:id/button1"]' did not match any elements.</status>
</kw>
<status status="FAIL" start="2024-02-13T18:46:57.794863" elapsed="0.850086">ValueError: Element locator '//android.widget.Button[@resource-id="android:id/button1"]' did not match any elements.</status>
</kw>
<kw name="Click Type Booking" owner="book-page">
<status status="NOT RUN" start="2024-02-13T18:46:58.646262" elapsed="0.000000"/>
</kw>
<kw name="Click Button Booking" owner="book-page">
<status status="NOT RUN" start="2024-02-13T18:46:58.646766" elapsed="0.000000"/>
</kw>
<kw name="Click Price Flight" owner="book-page">
<status status="NOT RUN" start="2024-02-13T18:46:58.646766" elapsed="0.000000"/>
</kw>
<kw name="Click Button Confirm" owner="book-page">
<status status="NOT RUN" start="2024-02-13T18:46:58.647766" elapsed="0.000000"/>
</kw>
<status status="FAIL" start="2024-02-13T18:46:28.093072" elapsed="30.554694">ValueError: Element locator '//android.widget.Button[@resource-id="android:id/button1"]' did not match any elements.</status>
</test>
<test id="s1-t4" name="Booking Flight - Blank Type" line="104">
<kw name="Open Flight Application" owner="base">
<kw name="Open Application" owner="AppiumLibrary">
<arg>remote_url=${REMOTE_URL}</arg>
<arg>platformName=${PLATFORM_NAME}</arg>
<arg>platformVersion=13.0</arg>
<arg>deviceName=emulator-5554</arg>
<arg>appPackage=com.example.myapplication</arg>
<arg>appActivity=com.example.myapplication.MainActivity</arg>
<doc>Opens a new application to given Appium server.
Capabilities of appium server, Android and iOS,
Please check https://github.com/appium/appium/blob/master/docs/en/writing-running-appium/server-args.md
| *Option*            | *Man.* | *Description*     |
| remote_url          | Yes    | Appium server url |
| alias               | no     | alias             |
| strict_ssl          | No     | allows you to send commands to an invalid certificate host like a self-signed one. |</doc>
<status status="PASS" start="2024-02-13T18:46:58.649765" elapsed="11.261003"/>
</kw>
<status status="PASS" start="2024-02-13T18:46:58.649765" elapsed="11.261003"/>
</kw>
<kw name="Click Sign In Button On Home Page" owner="home-page">
<kw name="Click Element" owner="AppiumLibrary">
<msg time="2024-02-13T18:47:09.914184" level="INFO">Clicking element '//android.widget.Button[@resource-id="com.example.myapplication:id/login"]'.</msg>
<msg time="2024-02-13T18:47:11.156826" level="INFO">xpath criteria: //android.widget.Button[@resource-id="com.example.myapplication:id/login"]</msg>
<arg>locator=//android.widget.Button[@resource-id="com.example.myapplication:id/login"]</arg>
<doc>Click element identified by `locator`.</doc>
<status status="PASS" start="2024-02-13T18:47:09.912150" elapsed="1.245674"/>
</kw>
<status status="PASS" start="2024-02-13T18:47:09.910768" elapsed="1.247056"/>
</kw>
<kw name="Input Username" owner="login-page">
<kw name="Wait Until Element Is Visible" owner="AppiumLibrary">
<kw name="Capture Page Screenshot" owner="AppiumLibrary">
<doc>Takes a screenshot of the current page and embeds it into the log.</doc>
<status status="FAIL" start="2024-02-13T18:47:12.511191" elapsed="0.000000">Execution terminated by signal</status>
</kw>
<msg time="2024-02-13T18:47:12.512391" level="WARN">Keyword 'Capture Page Screenshot' could not be run on failure: Execution terminated by signal</msg>
<msg time="2024-02-13T18:47:12.512391" level="INFO">xpath criteria: //android.widget.EditText[@resource-id="com.example.myapplication:id/username"]
xpath criteria: //android.widget.EditText[@resource-id="com.example.myapplication:id/username"]</msg>
<arg>locator=//android.widget.EditText[@resource-id="com.example.myapplication:id/username"]</arg>
<doc>Waits until element specified with `locator` is visible.</doc>
<status status="FAIL" start="2024-02-13T18:47:11.157824" elapsed="1.354567">Execution terminated by signal</status>
</kw>
<kw name="Input Text" owner="AppiumLibrary">
<arg>locator=//android.widget.EditText[@resource-id="com.example.myapplication:id/username"]</arg>
<arg>text=support@ngendigital.com</arg>
<doc>Types the given `text` into text field identified by `locator`.</doc>
<status status="NOT RUN" start="2024-02-13T18:47:12.512391" elapsed="0.001445"/>
</kw>
<status status="FAIL" start="2024-02-13T18:47:11.157824" elapsed="1.356012">Execution terminated by signal</status>
</kw>
<kw name="Input Password" owner="login-page">
<status status="NOT RUN" start="2024-02-13T18:47:12.513836" elapsed="0.000000"/>
</kw>
<kw name="Click Sign In Button On Login Page" owner="login-page">
<status status="NOT RUN" start="2024-02-13T18:47:12.514341" elapsed="0.000000"/>
</kw>
<kw name="Verify User Is Success Logged In" owner="login-page">
<status status="NOT RUN" start="2024-02-13T18:47:12.514341" elapsed="0.000000"/>
</kw>
<kw name="After Successfully Login" owner="login-page">
<status status="NOT RUN" start="2024-02-13T18:47:12.514341" elapsed="0.000000"/>
</kw>
<kw name="Click Book Button On Home Page" owner="home-page">
<status status="NOT RUN" start="2024-02-13T18:47:12.514341" elapsed="0.000000"/>
</kw>
<kw name="Click Oneway Button On Book Page" owner="book-page">
<status status="NOT RUN" start="2024-02-13T18:47:12.514341" elapsed="0.000000"/>
</kw>
<kw name="Select Departure Button On Book Page" owner="book-page">
<status status="NOT RUN" start="2024-02-13T18:47:12.514341" elapsed="0.000000"/>
</kw>
<kw name="Click Departure" owner="book-page">
<status status="NOT RUN" start="2024-02-13T18:47:12.515413" elapsed="0.000000"/>
</kw>
<kw name="Select Destination Button On Book Page" owner="book-page">
<status status="NOT RUN" start="2024-02-13T18:47:12.515413" elapsed="0.000000"/>
</kw>
<kw name="Click Destination" owner="book-page">
<status status="NOT RUN" start="2024-02-13T18:47:12.515413" elapsed="0.000000"/>
</kw>
<kw name="Select Class Type On Book Page" owner="book-page">
<status status="NOT RUN" start="2024-02-13T18:47:12.515413" elapsed="0.000000"/>
</kw>
<kw name="Click Class" owner="book-page">
<status status="NOT RUN" start="2024-02-13T18:47:12.515413" elapsed="0.000000"/>
</kw>
<kw name="Click Start Date On Book Page" owner="book-page">
<status status="NOT RUN" start="2024-02-13T18:47:12.515413" elapsed="0.000000"/>
</kw>
<kw name="Select Start Date On Calendar" owner="book-page">
<status status="NOT RUN" start="2024-02-13T18:47:12.516569" elapsed="0.000000"/>
</kw>
<kw name="Click OK Button On Calendar" owner="book-page">
<status status="NOT RUN" start="2024-02-13T18:47:12.516569" elapsed="0.000000"/>
</kw>
<kw name="Click End Date On Book Page" owner="book-page">
<status status="NOT RUN" start="2024-02-13T18:47:12.516569" elapsed="0.000000"/>
</kw>
<kw name="Select End Date On Calendar" owner="book-page">
<status status="NOT RUN" start="2024-02-13T18:47:12.516569" elapsed="0.000000"/>
</kw>
<kw name="Click OK Button On Calendar" owner="book-page">
<status status="NOT RUN" start="2024-02-13T18:47:12.517596" elapsed="0.000000"/>
</kw>
<kw name="Click Button Booking" owner="book-page">
<status status="NOT RUN" start="2024-02-13T18:47:12.517596" elapsed="0.000000"/>
</kw>
<kw name="Click Price Flight" owner="book-page">
<status status="NOT RUN" start="2024-02-13T18:47:12.517596" elapsed="0.000000"/>
</kw>
<kw name="Click Button Confirm" owner="book-page">
<status status="NOT RUN" start="2024-02-13T18:47:12.517596" elapsed="0.000000"/>
</kw>
<status status="FAIL" start="2024-02-13T18:46:58.648764" elapsed="13.869920">Execution terminated by signal</status>
</test>
<test id="s1-t5" name="Booking Flight - Blank Date And Type" line="138">
<tag>robot:exit</tag>
<status status="FAIL" start="2024-02-13T18:47:12.518684" elapsed="0.000000">Test execution stopped due to a fatal error.</status>
</test>
<test id="s1-t6" name="Booking Flight - Not Select Price Confirm" line="164">
<tag>robot:exit</tag>
<status status="FAIL" start="2024-02-13T18:47:12.520117" elapsed="0.001106">Test execution stopped due to a fatal error.</status>
</test>
<status status="FAIL" start="2024-02-13T18:45:19.285930" elapsed="113.236315"/>
</suite>
<statistics>
<total>
<stat pass="2" fail="4" skip="0">All Tests</stat>
</total>
<tag>
<stat pass="2" fail="2" skip="0" info="combined" combined="NOT robot:exit">NOT robot:exit</stat>
</tag>
<suite>
<stat pass="2" fail="4" skip="0" id="s1" name="Book-Suite">Book-Suite</stat>
</suite>
</statistics>
<errors>
<msg time="2024-02-13T18:47:12.512391" level="WARN">Keyword 'Capture Page Screenshot' could not be run on failure: Execution terminated by signal</msg>
</errors>
</robot>
